#
# There is insufficient memory for the Java Runtime Environment to continue.
# Native memory allocation (malloc) failed to allocate 130080 bytes. Error detail: Chunk::new
# Possible reasons:
#   The system is out of physical RAM or swap space
#   This process is running with CompressedOops enabled, and the Java Heap may be blocking the growth of the native heap
# Possible solutions:
#   Reduce memory load on the system
#   Increase physical memory or swap space
#   Check if swap backing store is full
#   Decrease Java heap size (-Xmx/-Xms)
#   Decrease number of Java threads
#   Decrease Java thread stack sizes (-Xss)
#   Set larger code cache with -XX:ReservedCodeCacheSize=
#   JVM is running with Unscaled Compressed Oops mode in which the Java heap is
#     placed in the first 4GB address space. The Java Heap base address is the
#     maximum limit for the native heap growth. Please use -XX:HeapBaseMinAddress
#     to set the Java Heap base and to place the Java Heap above 4GB virtual address.
# This output file may be truncated or incomplete.
#
#  Out of Memory Error (arena.cpp:191), pid=23808, tid=10672
#
# JRE version: OpenJDK Runtime Environment Temurin-17.0.13+11 (17.0.13+11) (build 17.0.13+11)
# Java VM: OpenJDK 64-Bit Server VM Temurin-17.0.13+11 (17.0.13+11, mixed mode, tiered, compressed oops, compressed class ptrs, parallel gc, windows-amd64)
# No core dump will be written. Minidumps are not enabled by default on client versions of Windows
#

---------------  S U M M A R Y ------------

Command Line: --add-modules=ALL-SYSTEM --add-opens=java.base/java.util=ALL-UNNAMED --add-opens=java.base/java.lang=ALL-UNNAMED --add-opens=java.base/sun.nio.fs=ALL-UNNAMED -Declipse.application=org.eclipse.jdt.ls.core.id1 -Dosgi.bundles.defaultStartLevel=4 -Declipse.product=org.eclipse.jdt.ls.core.product -Djava.import.generatesMetadataFilesAtProjectRoot=false -DDetectVMInstallationsJob.disabled=true -Dfile.encoding=utf8 -XX:+UseParallelGC -XX:GCTimeRatio=4 -XX:AdaptiveSizePolicyWeight=90 -Dsun.zip.disableMemoryMapping=true -Xmx1G -Xms100m -Xlog:disable -javaagent:c:\Users\Aditi\.windsurf\extensions\redhat.java-1.37.0-win32-x64\lombok\lombok-1.18.34.jar c:\Users\Aditi\.windsurf\extensions\redhat.java-1.37.0-win32-x64\server\plugins\org.eclipse.equinox.launcher_1.6.900.v20240613-2009.jar -configuration c:\Users\Aditi\AppData\Roaming\Windsurf\User\globalStorage\redhat.java\1.37.0\config_ss_win -data c:\Users\Aditi\AppData\Roaming\Windsurf\User\workspaceStorage\5a62fe60db819c467c7b9c047bd09c87\redhat.java\ss_ws --pipe=\\.\pipe\lsp-589872719c50ce7862beea1c1bbc904f-sock

Host: 12th Gen Intel(R) Core(TM) i7-12700H, 20 cores, 15G,  Windows 11 , 64 bit Build 22000 (10.0.22000.2538)
Time: Fri Dec 13 19:39:41 2024 India Standard Time elapsed time: 6.332773 seconds (0d 0h 0m 6s)

---------------  T H R E A D  ---------------

Current thread (0x00000184e61f5790):  JavaThread "C2 CompilerThread3" daemon [_thread_in_native, id=10672, stack(0x00000062ad900000,0x00000062ada00000)]


Current CompileTask:
C2:   6332 5789   !   4       lombok.eclipse.HandlerLibrary::handleAnnotation (224 bytes)

Stack: [0x00000062ad900000,0x00000062ada00000]
Native frames: (J=compiled Java code, j=interpreted, Vv=VM code, C=native code)
V  [jvm.dll+0x682a19]
V  [jvm.dll+0x839538]
V  [jvm.dll+0x83afe3]
V  [jvm.dll+0x83b653]
V  [jvm.dll+0x24704f]
V  [jvm.dll+0xace34]
V  [jvm.dll+0xad4cc]
V  [jvm.dll+0x36597e]
V  [jvm.dll+0x1ba793]
V  [jvm.dll+0x2181a7]
V  [jvm.dll+0x21748f]
V  [jvm.dll+0x1a3070]
V  [jvm.dll+0x22788c]
V  [jvm.dll+0x2259eb]
V  [jvm.dll+0x7eec98]
V  [jvm.dll+0x7e8ffc]
V  [jvm.dll+0x6818f7]
C  [ucrtbase.dll+0x26c0c]
C  [KERNEL32.DLL+0x153e0]
C  [ntdll.dll+0x485b]


---------------  P R O C E S S  ---------------

Threads class SMR info:
_java_thread_list=0x00000184e7d70e60, length=55, elements={
0x00000184c881d9c0, 0x00000184c88d8ad0, 0x00000184c88dead0, 0x00000184dc6bdf80,
0x00000184dc6be9b0, 0x00000184e1aca150, 0x00000184e1acb1c0, 0x00000184e1ad7a60,
0x00000184e1adab20, 0x00000184e1ae3c00, 0x00000184e1c2a380, 0x00000184e1be5650,
0x00000184e1c7bbe0, 0x00000184e1c80720, 0x00000184e4068550, 0x00000184e48a2d00,
0x00000184e4983150, 0x00000184e4a66750, 0x00000184e4974350, 0x00000184e49b7020,
0x00000184e4a1dec0, 0x00000184e4a1f300, 0x00000184e4a1f810, 0x00000184e4a1e8e0,
0x00000184e4a1d9b0, 0x00000184e4a1edf0, 0x00000184e4a1d4a0, 0x00000184e4a1c060,
0x00000184e4a1e3d0, 0x00000184e4a1ca80, 0x00000184e4a1c570, 0x00000184e4a1cf90,
0x00000184e6165ea0, 0x00000184e6168c30, 0x00000184e6169140, 0x00000184e61663b0,
0x00000184e61626f0, 0x00000184e6161cd0, 0x00000184e61668c0, 0x00000184e6162c00,
0x00000184e6166dd0, 0x00000184e6164f70, 0x00000184e6164040, 0x00000184e61621e0,
0x00000184e6169650, 0x00000184e61672e0, 0x00000184e6163110, 0x00000184e6167d00,
0x00000184e61677f0, 0x00000184e61f27c0, 0x00000184e61f4cf0, 0x00000184e61f5790,
0x00000184e61f2d10, 0x00000184e61f5ce0, 0x00000184e61f3260
}

Java Threads: ( => current thread )
  0x00000184c881d9c0 JavaThread "main" [_thread_blocked, id=28836, stack(0x00000062a9500000,0x00000062a9600000)]
  0x00000184c88d8ad0 JavaThread "Reference Handler" daemon [_thread_blocked, id=30068, stack(0x00000062a9800000,0x00000062a9900000)]
  0x00000184c88dead0 JavaThread "Finalizer" daemon [_thread_blocked, id=4248, stack(0x00000062a9900000,0x00000062a9a00000)]
  0x00000184dc6bdf80 JavaThread "Signal Dispatcher" daemon [_thread_blocked, id=21792, stack(0x00000062a9a00000,0x00000062a9b00000)]
  0x00000184dc6be9b0 JavaThread "Attach Listener" daemon [_thread_blocked, id=25500, stack(0x00000062a9b00000,0x00000062a9c00000)]
  0x00000184e1aca150 JavaThread "Service Thread" daemon [_thread_blocked, id=17692, stack(0x00000062a9c00000,0x00000062a9d00000)]
  0x00000184e1acb1c0 JavaThread "Monitor Deflation Thread" daemon [_thread_blocked, id=6284, stack(0x00000062a9d00000,0x00000062a9e00000)]
  0x00000184e1ad7a60 JavaThread "C2 CompilerThread0" daemon [_thread_in_native, id=2272, stack(0x00000062a9e00000,0x00000062a9f00000)]
  0x00000184e1adab20 JavaThread "C1 CompilerThread0" daemon [_thread_blocked, id=13316, stack(0x00000062a9f00000,0x00000062aa000000)]
  0x00000184e1ae3c00 JavaThread "Sweeper thread" daemon [_thread_blocked, id=26960, stack(0x00000062aa000000,0x00000062aa100000)]
  0x00000184e1c2a380 JavaThread "Common-Cleaner" daemon [_thread_blocked, id=23824, stack(0x00000062aa100000,0x00000062aa200000)]
  0x00000184e1be5650 JavaThread "C1 CompilerThread1" daemon [_thread_blocked, id=26020, stack(0x00000062aa200000,0x00000062aa300000)]
  0x00000184e1c7bbe0 JavaThread "C1 CompilerThread2" daemon [_thread_in_native, id=23176, stack(0x00000062aa300000,0x00000062aa400000)]
  0x00000184e1c80720 JavaThread "C1 CompilerThread3" daemon [_thread_in_native, id=14912, stack(0x00000062aa400000,0x00000062aa500000)]
  0x00000184e4068550 JavaThread "Notification Thread" daemon [_thread_blocked, id=29308, stack(0x00000062aa700000,0x00000062aa800000)]
  0x00000184e48a2d00 JavaThread "Active Thread: Equinox Container: 22a74bbd-5ee3-49bc-8039-439417d55de8" [_thread_blocked, id=30268, stack(0x00000062aae00000,0x00000062aaf00000)]
  0x00000184e4983150 JavaThread "Framework Event Dispatcher: Equinox Container: 22a74bbd-5ee3-49bc-8039-439417d55de8" daemon [_thread_blocked, id=8892, stack(0x00000062aaf00000,0x00000062ab000000)]
  0x00000184e4a66750 JavaThread "Start Level: Equinox Container: 22a74bbd-5ee3-49bc-8039-439417d55de8" daemon [_thread_blocked, id=7868, stack(0x00000062ab000000,0x00000062ab100000)]
  0x00000184e4974350 JavaThread "SCR Component Actor" daemon [_thread_blocked, id=23520, stack(0x00000062ab100000,0x00000062ab200000)]
  0x00000184e49b7020 JavaThread "SCR Component Registry" daemon [_thread_blocked, id=19384, stack(0x00000062ab400000,0x00000062ab500000)]
  0x00000184e4a1dec0 JavaThread "Worker-JM" [_thread_blocked, id=23592, stack(0x00000062ab500000,0x00000062ab600000)]
  0x00000184e4a1f300 JavaThread "JNA Cleaner" daemon [_thread_blocked, id=27744, stack(0x00000062aa500000,0x00000062aa600000)]
  0x00000184e4a1f810 JavaThread "Worker-0" [_thread_blocked, id=25532, stack(0x00000062aa600000,0x00000062aa700000)]
  0x00000184e4a1e8e0 JavaThread "Worker-1" [_thread_blocked, id=3044, stack(0x00000062ab900000,0x00000062aba00000)]
  0x00000184e4a1d9b0 JavaThread "Thread-2" daemon [_thread_in_native, id=26760, stack(0x00000062ac000000,0x00000062ac100000)]
  0x00000184e4a1edf0 JavaThread "Thread-3" daemon [_thread_in_native, id=13860, stack(0x00000062ac100000,0x00000062ac200000)]
  0x00000184e4a1d4a0 JavaThread "Thread-4" daemon [_thread_in_native, id=11520, stack(0x00000062ac200000,0x00000062ac300000)]
  0x00000184e4a1c060 JavaThread "Thread-5" daemon [_thread_in_native, id=27440, stack(0x00000062ac300000,0x00000062ac400000)]
  0x00000184e4a1e3d0 JavaThread "Thread-6" daemon [_thread_in_native, id=25376, stack(0x00000062ac400000,0x00000062ac500000)]
  0x00000184e4a1ca80 JavaThread "Thread-7" daemon [_thread_in_native, id=29256, stack(0x00000062ac500000,0x00000062ac600000)]
  0x00000184e4a1c570 JavaThread "Thread-8" daemon [_thread_in_native, id=24884, stack(0x00000062ac600000,0x00000062ac700000)]
  0x00000184e4a1cf90 JavaThread "Thread-9" daemon [_thread_in_native, id=11604, stack(0x00000062ac700000,0x00000062ac800000)]
  0x00000184e6165ea0 JavaThread "Thread-10" daemon [_thread_in_native, id=26492, stack(0x00000062ac800000,0x00000062ac900000)]
  0x00000184e6168c30 JavaThread "Thread-11" daemon [_thread_in_native, id=28368, stack(0x00000062ac900000,0x00000062aca00000)]
  0x00000184e6169140 JavaThread "Thread-12" daemon [_thread_in_native, id=22924, stack(0x00000062aca00000,0x00000062acb00000)]
  0x00000184e61663b0 JavaThread "Thread-13" daemon [_thread_in_native, id=5088, stack(0x00000062acb00000,0x00000062acc00000)]
  0x00000184e61626f0 JavaThread "Thread-14" daemon [_thread_in_native, id=28492, stack(0x00000062acc00000,0x00000062acd00000)]
  0x00000184e6161cd0 JavaThread "Thread-15" daemon [_thread_in_native, id=27860, stack(0x00000062acd00000,0x00000062ace00000)]
  0x00000184e61668c0 JavaThread "Thread-16" daemon [_thread_in_native, id=24656, stack(0x00000062ace00000,0x00000062acf00000)]
  0x00000184e6162c00 JavaThread "Thread-17" daemon [_thread_in_native, id=14736, stack(0x00000062acf00000,0x00000062ad000000)]
  0x00000184e6166dd0 JavaThread "Thread-18" daemon [_thread_in_native, id=15296, stack(0x00000062ad000000,0x00000062ad100000)]
  0x00000184e6164f70 JavaThread "Thread-19" daemon [_thread_in_native, id=23016, stack(0x00000062ad100000,0x00000062ad200000)]
  0x00000184e6164040 JavaThread "Thread-20" daemon [_thread_in_native, id=6872, stack(0x00000062ad200000,0x00000062ad300000)]
  0x00000184e61621e0 JavaThread "Thread-21" daemon [_thread_in_native, id=29676, stack(0x00000062ad300000,0x00000062ad400000)]
  0x00000184e6169650 JavaThread "Thread-22" daemon [_thread_in_native, id=23940, stack(0x00000062ad400000,0x00000062ad500000)]
  0x00000184e61672e0 JavaThread "pool-2-thread-1" [_thread_blocked, id=19020, stack(0x00000062ad500000,0x00000062ad600000)]
  0x00000184e6163110 JavaThread "Worker-2" [_thread_blocked, id=5776, stack(0x00000062ad600000,0x00000062ad700000)]
  0x00000184e6167d00 JavaThread "WorkspaceEventsHandler" [_thread_blocked, id=16576, stack(0x00000062ad700000,0x00000062ad800000)]
  0x00000184e61677f0 JavaThread "pool-1-thread-1" [_thread_in_Java, id=12084, stack(0x00000062ad800000,0x00000062ad900000)]
  0x00000184e61f27c0 JavaThread "C2 CompilerThread1" daemon [_thread_in_native, id=18072, stack(0x00000062aba00000,0x00000062abb00000)]
  0x00000184e61f4cf0 JavaThread "C2 CompilerThread2" daemon [_thread_in_native, id=18020, stack(0x00000062abb00000,0x00000062abc00000)]
=>0x00000184e61f5790 JavaThread "C2 CompilerThread3" daemon [_thread_in_native, id=10672, stack(0x00000062ad900000,0x00000062ada00000)]
  0x00000184e61f2d10 JavaThread "C2 CompilerThread4" daemon [_thread_in_native, id=22920, stack(0x00000062ada00000,0x00000062adb00000)]
  0x00000184e61f5ce0 JavaThread "C2 CompilerThread5" daemon [_thread_in_native, id=2284, stack(0x00000062adb00000,0x00000062adc00000)]
  0x00000184e61f3260 JavaThread "C2 CompilerThread6" daemon [_thread_in_native, id=10452, stack(0x00000062adc00000,0x00000062add00000)]

Other Threads:
  0x00000184dc6b8490 VMThread "VM Thread" [stack: 0x00000062a9700000,0x00000062a9800000] [id=17740]
  0x00000184e4068a30 WatcherThread [stack: 0x00000062aa800000,0x00000062aa900000] [id=28064]
  0x00000184c8833ac0 GCTaskThread "GC Thread#0" [stack: 0x00000062a9600000,0x00000062a9700000] [id=12700]
  0x00000184e489a3b0 GCTaskThread "GC Thread#1" [stack: 0x00000062aa900000,0x00000062aaa00000] [id=27808]
  0x00000184e4330640 GCTaskThread "GC Thread#2" [stack: 0x00000062aaa00000,0x00000062aab00000] [id=25184]
  0x00000184e4330900 GCTaskThread "GC Thread#3" [stack: 0x00000062aab00000,0x00000062aac00000] [id=29052]
  0x00000184e4330bc0 GCTaskThread "GC Thread#4" [stack: 0x00000062aac00000,0x00000062aad00000] [id=30272]
  0x00000184e4330e80 GCTaskThread "GC Thread#5" [stack: 0x00000062aad00000,0x00000062aae00000] [id=30540]
  0x00000184e41df560 GCTaskThread "GC Thread#6" [stack: 0x00000062ab200000,0x00000062ab300000] [id=25440]
  0x00000184e4a89160 GCTaskThread "GC Thread#7" [stack: 0x00000062ab300000,0x00000062ab400000] [id=9736]
  0x00000184e4edccd0 GCTaskThread "GC Thread#8" [stack: 0x00000062ab600000,0x00000062ab700000] [id=4300]
  0x00000184e49d85e0 GCTaskThread "GC Thread#9" [stack: 0x00000062ab700000,0x00000062ab800000] [id=24640]
  0x00000184e4ed67c0 GCTaskThread "GC Thread#10" [stack: 0x00000062ab800000,0x00000062ab900000] [id=24392]
  0x00000184e4ef4db0 GCTaskThread "GC Thread#11" [stack: 0x00000062abc00000,0x00000062abd00000] [id=14664]
  0x00000184e4eddba0 GCTaskThread "GC Thread#12" [stack: 0x00000062abd00000,0x00000062abe00000] [id=19052]
  0x00000184e56eed10 GCTaskThread "GC Thread#13" [stack: 0x00000062abe00000,0x00000062abf00000] [id=28584]
  0x00000184e666b6a0 GCTaskThread "GC Thread#14" [stack: 0x00000062abf00000,0x00000062ac000000] [id=27276]

Threads with active compile tasks:
C2 CompilerThread0     6368 5774       4       lombok.core.AST::buildWithField (21 bytes)
C1 CompilerThread3     6368 5821   !   3       org.eclipse.jdt.internal.compiler.parser.Scanner::jumpOverMethodBody (2553 bytes)
C2 CompilerThread1     6368 5760       4       lombok.core.TypeResolver::typeRefToFullyQualifiedName (487 bytes)
C2 CompilerThread2     6368 5819       4       org.eclipse.core.runtime.Path::computeSegments (163 bytes)
C2 CompilerThread3     6368 5789   !   4       lombok.eclipse.HandlerLibrary::handleAnnotation (224 bytes)
C2 CompilerThread4     6368 5823       4       org.eclipse.core.runtime.Path::canonicalize (62 bytes)
C2 CompilerThread5     6368 5723       4       org.eclipse.jdt.internal.compiler.parser.Parser::consumeRule (7871 bytes)
C2 CompilerThread6     6368 5775   !   4       lombok.core.AST::buildWithField0 (121 bytes)

VM state: not at safepoint (normal execution)

VM Mutex/Monitor currently owned by a thread: None

Heap address: 0x00000000c0000000, size: 1024 MB, Compressed Oops mode: 32-bit

CDS archive(s) not mapped
Compressed class space mapped at: 0x0000000100000000-0x0000000140000000, reserved size: 1073741824
Narrow klass base: 0x0000000000000000, Narrow klass shift: 3, Narrow klass range: 0x140000000

GC Precious Log:
 CPUs: 20 total, 20 available
 Memory: 16051M
 Large Page Support: Disabled
 NUMA Support: Disabled
 Compressed Oops: Enabled (32-bit)
 Alignments: Space 512K, Generation 512K, Heap 2M
 Heap Min Capacity: 100M
 Heap Initial Capacity: 100M
 Heap Max Capacity: 1G
 Pre-touch: Disabled
 Parallel Workers: 15

Heap:
 PSYoungGen      total 23040K, used 19195K [0x00000000eab00000, 0x00000000ec380000, 0x0000000100000000)
  eden space 22016K, 83% used [0x00000000eab00000,0x00000000ebcf6e58,0x00000000ec080000)
  from space 1024K, 78% used [0x00000000ec280000,0x00000000ec348000,0x00000000ec380000)
  to   space 1024K, 0% used [0x00000000ec180000,0x00000000ec180000,0x00000000ec280000)
 ParOldGen       total 68608K, used 21197K [0x00000000c0000000, 0x00000000c4300000, 0x00000000eab00000)
  object space 68608K, 30% used [0x00000000c0000000,0x00000000c14b3668,0x00000000c4300000)
 Metaspace       used 46180K, committed 46912K, reserved 1114112K
  class space    used 4606K, committed 4928K, reserved 1048576K

Card table byte_map: [0x00000184c81d0000,0x00000184c83e0000] _byte_map_base: 0x00000184c7bd0000

Marking Bits: (ParMarkBitMap*) 0x00007ff970976940
 Begin Bits: [0x00000184da4c0000, 0x00000184db4c0000)
 End Bits:   [0x00000184db4c0000, 0x00000184dc4c0000)

Polling page: 0x00000184c6810000

Metaspace:

Usage:
  Non-class:     40.60 MB used.
      Class:      4.50 MB used.
       Both:     45.10 MB used.

Virtual space:
  Non-class space:       64.00 MB reserved,      41.00 MB ( 64%) committed,  1 nodes.
      Class space:        1.00 GB reserved,       4.81 MB ( <1%) committed,  1 nodes.
             Both:        1.06 GB reserved,      45.81 MB (  4%) committed. 

Chunk freelists:
   Non-Class:  6.83 MB
       Class:  11.07 MB
        Both:  17.90 MB

MaxMetaspaceSize: unlimited
CompressedClassSpaceSize: 1.00 GB
Initial GC threshold: 21.00 MB
Current GC threshold: 58.38 MB
CDS: off
MetaspaceReclaimPolicy: balanced
 - commit_granule_bytes: 65536.
 - commit_granule_words: 8192.
 - virtual_space_node_default_size: 8388608.
 - enlarge_chunks_in_place: 1.
 - new_chunks_are_fully_committed: 0.
 - uncommit_free_chunks: 1.
 - use_allocation_guard: 0.
 - handle_deallocations: 1.


Internal statistics:

num_allocs_failed_limit: 6.
num_arena_births: 506.
num_arena_deaths: 14.
num_vsnodes_births: 2.
num_vsnodes_deaths: 0.
num_space_committed: 733.
num_space_uncommitted: 0.
num_chunks_returned_to_freelist: 20.
num_chunks_taken_from_freelist: 2094.
num_chunk_merges: 11.
num_chunk_splits: 1338.
num_chunks_enlarged: 849.
num_inconsistent_stats: 0.

CodeHeap 'non-profiled nmethods': size=119168Kb used=3597Kb max_used=3774Kb free=115570Kb
 bounds [0x00000184d3060000, 0x00000184d3430000, 0x00000184da4c0000]
CodeHeap 'profiled nmethods': size=119104Kb used=10782Kb max_used=12267Kb free=108321Kb
 bounds [0x00000184cb4c0000, 0x00000184cc100000, 0x00000184d2910000]
CodeHeap 'non-nmethods': size=7488Kb used=3039Kb max_used=3128Kb free=4448Kb
 bounds [0x00000184d2910000, 0x00000184d2c30000, 0x00000184d3060000]
 total_blobs=5621 nmethods=4956 adapters=573
 compilation: enabled
              stopped_count=0, restarted_count=0
 full_count=0

Compilation events (20 events):
Event: 6.314 Thread 0x00000184e1be5650 5797       3       org.eclipse.jdt.internal.core.JavaModelManager::getOption (159 bytes)
Event: 6.314 Thread 0x00000184e1adab20 5798       3       org.eclipse.core.runtime.Status::isOK (11 bytes)
Event: 6.315 Thread 0x00000184e1adab20 nmethod 5798 0x00000184cb779d10 code [0x00000184cb779ea0, 0x00000184cb77a018]
Event: 6.316 Thread 0x00000184e1c7bbe0 5799       3       org.eclipse.jdt.internal.compiler.ast.CompilationUnitDeclaration::getMainTypeName (85 bytes)
Event: 6.316 Thread 0x00000184e1c80720 5800       3       org.eclipse.jdt.internal.compiler.ast.MarkerAnnotation::<init> (23 bytes)
Event: 6.317 Thread 0x00000184e1c80720 nmethod 5800 0x00000184cb7df210 code [0x00000184cb7df3c0, 0x00000184cb7df718]
Event: 6.317 Thread 0x00000184e1be5650 nmethod 5797 0x00000184cb686610 code [0x00000184cb6869c0, 0x00000184cb688298]
Event: 6.317 Thread 0x00000184e1c7bbe0 nmethod 5799 0x00000184cb58f090 code [0x00000184cb58f320, 0x00000184cb590028]
Event: 6.319 Thread 0x00000184e1c7bbe0 5801       1       org.eclipse.core.internal.jobs.InternalJob::getRule (5 bytes)
Event: 6.319 Thread 0x00000184e1be5650 5802       3       org.eclipse.jdt.internal.compiler.ast.CompilationUnitDeclaration::getFileName (8 bytes)
Event: 6.319 Thread 0x00000184e1c7bbe0 nmethod 5801 0x00000184d309fd90 code [0x00000184d309ff20, 0x00000184d309fff8]
Event: 6.319 Thread 0x00000184e1be5650 nmethod 5802 0x00000184cb7ac410 code [0x00000184cb7ac5a0, 0x00000184cb7ac6d8]
Event: 6.321 Thread 0x00000184e1c80720 5803       3       org.eclipse.jdt.internal.compiler.impl.CompilerOptions::getSeverity (74 bytes)
Event: 6.322 Thread 0x00000184e1c7bbe0 5804       3       org.eclipse.jdt.internal.compiler.parser.Parser::automatonWillShift (144 bytes)
Event: 6.322 Thread 0x00000184e1c80720 nmethod 5803 0x00000184cba0ea10 code [0x00000184cba0ec20, 0x00000184cba0f1f8]
Event: 6.322 Thread 0x00000184e1adab20 5805       3       lombok.eclipse.EclipseAST::isComplete (14 bytes)
Event: 6.323 Thread 0x00000184e1adab20 nmethod 5805 0x00000184cb7adb10 code [0x00000184cb7adca0, 0x00000184cb7addf8]
Event: 6.323 Thread 0x00000184e1c7bbe0 nmethod 5804 0x00000184cb93c590 code [0x00000184cb93c7a0, 0x00000184cb93ce78]
Event: 6.329 Thread 0x00000184e1c7bbe0 5807       3       java.lang.StringCoding::implEncodeAsciiArray (47 bytes)
Event: 6.330 Thread 0x00000184e1c7bbe0 nmethod 5807 0x00000184cb96fe90 code [0x00000184cb970040, 0x00000184cb970278]

GC Heap History (20 events):
Event: 2.429 GC heap before
{Heap before GC invocations=11 (full 2):
 PSYoungGen      total 26112K, used 2457K [0x00000000eab00000, 0x00000000ec900000, 0x0000000100000000)
  eden space 23552K, 0% used [0x00000000eab00000,0x00000000eab00000,0x00000000ec200000)
  from space 2560K, 96% used [0x00000000ec200000,0x00000000ec4667e0,0x00000000ec480000)
  to   space 3584K, 0% used [0x00000000ec580000,0x00000000ec580000,0x00000000ec900000)
 ParOldGen       total 68608K, used 10618K [0x00000000c0000000, 0x00000000c4300000, 0x00000000eab00000)
  object space 68608K, 15% used [0x00000000c0000000,0x00000000c0a5e860,0x00000000c4300000)
 Metaspace       used 35240K, committed 35840K, reserved 1114112K
  class space    used 3500K, committed 3776K, reserved 1048576K
}
Event: 2.445 GC heap after
{Heap after GC invocations=11 (full 2):
 PSYoungGen      total 26112K, used 0K [0x00000000eab00000, 0x00000000ec900000, 0x0000000100000000)
  eden space 23552K, 0% used [0x00000000eab00000,0x00000000eab00000,0x00000000ec200000)
  from space 2560K, 0% used [0x00000000ec200000,0x00000000ec200000,0x00000000ec480000)
  to   space 3584K, 0% used [0x00000000ec580000,0x00000000ec580000,0x00000000ec900000)
 ParOldGen       total 68608K, used 12628K [0x00000000c0000000, 0x00000000c4300000, 0x00000000eab00000)
  object space 68608K, 18% used [0x00000000c0000000,0x00000000c0c551d8,0x00000000c4300000)
 Metaspace       used 35240K, committed 35840K, reserved 1114112K
  class space    used 3500K, committed 3776K, reserved 1048576K
}
Event: 2.849 GC heap before
{Heap before GC invocations=12 (full 2):
 PSYoungGen      total 26112K, used 23552K [0x00000000eab00000, 0x00000000ec900000, 0x0000000100000000)
  eden space 23552K, 100% used [0x00000000eab00000,0x00000000ec200000,0x00000000ec200000)
  from space 2560K, 0% used [0x00000000ec200000,0x00000000ec200000,0x00000000ec480000)
  to   space 3584K, 0% used [0x00000000ec580000,0x00000000ec580000,0x00000000ec900000)
 ParOldGen       total 68608K, used 12628K [0x00000000c0000000, 0x00000000c4300000, 0x00000000eab00000)
  object space 68608K, 18% used [0x00000000c0000000,0x00000000c0c551d8,0x00000000c4300000)
 Metaspace       used 38395K, committed 39104K, reserved 1114112K
  class space    used 3836K, committed 4160K, reserved 1048576K
}
Event: 2.850 GC heap after
{Heap after GC invocations=12 (full 2):
 PSYoungGen      total 24576K, used 1443K [0x00000000eab00000, 0x00000000ec700000, 0x0000000100000000)
  eden space 23040K, 0% used [0x00000000eab00000,0x00000000eab00000,0x00000000ec180000)
  from space 1536K, 93% used [0x00000000ec580000,0x00000000ec6e8ea8,0x00000000ec700000)
  to   space 2048K, 0% used [0x00000000ec300000,0x00000000ec300000,0x00000000ec500000)
 ParOldGen       total 68608K, used 12636K [0x00000000c0000000, 0x00000000c4300000, 0x00000000eab00000)
  object space 68608K, 18% used [0x00000000c0000000,0x00000000c0c571d8,0x00000000c4300000)
 Metaspace       used 38395K, committed 39104K, reserved 1114112K
  class space    used 3836K, committed 4160K, reserved 1048576K
}
Event: 3.002 GC heap before
{Heap before GC invocations=13 (full 2):
 PSYoungGen      total 24576K, used 24483K [0x00000000eab00000, 0x00000000ec700000, 0x0000000100000000)
  eden space 23040K, 100% used [0x00000000eab00000,0x00000000ec180000,0x00000000ec180000)
  from space 1536K, 93% used [0x00000000ec580000,0x00000000ec6e8ea8,0x00000000ec700000)
  to   space 2048K, 0% used [0x00000000ec300000,0x00000000ec300000,0x00000000ec500000)
 ParOldGen       total 68608K, used 12636K [0x00000000c0000000, 0x00000000c4300000, 0x00000000eab00000)
  object space 68608K, 18% used [0x00000000c0000000,0x00000000c0c571d8,0x00000000c4300000)
 Metaspace       used 39027K, committed 39744K, reserved 1114112K
  class space    used 3918K, committed 4224K, reserved 1048576K
}
Event: 3.004 GC heap after
{Heap after GC invocations=13 (full 2):
 PSYoungGen      total 24576K, used 2040K [0x00000000eab00000, 0x00000000ec900000, 0x0000000100000000)
  eden space 22528K, 0% used [0x00000000eab00000,0x00000000eab00000,0x00000000ec100000)
  from space 2048K, 99% used [0x00000000ec300000,0x00000000ec4fe220,0x00000000ec500000)
  to   space 4096K, 0% used [0x00000000ec500000,0x00000000ec500000,0x00000000ec900000)
 ParOldGen       total 68608K, used 13980K [0x00000000c0000000, 0x00000000c4300000, 0x00000000eab00000)
  object space 68608K, 20% used [0x00000000c0000000,0x00000000c0da72a0,0x00000000c4300000)
 Metaspace       used 39027K, committed 39744K, reserved 1114112K
  class space    used 3918K, committed 4224K, reserved 1048576K
}
Event: 3.166 GC heap before
{Heap before GC invocations=14 (full 2):
 PSYoungGen      total 24576K, used 24568K [0x00000000eab00000, 0x00000000ec900000, 0x0000000100000000)
  eden space 22528K, 100% used [0x00000000eab00000,0x00000000ec100000,0x00000000ec100000)
  from space 2048K, 99% used [0x00000000ec300000,0x00000000ec4fe220,0x00000000ec500000)
  to   space 4096K, 0% used [0x00000000ec500000,0x00000000ec500000,0x00000000ec900000)
 ParOldGen       total 68608K, used 13980K [0x00000000c0000000, 0x00000000c4300000, 0x00000000eab00000)
  object space 68608K, 20% used [0x00000000c0000000,0x00000000c0da72a0,0x00000000c4300000)
 Metaspace       used 39137K, committed 39808K, reserved 1114112K
  class space    used 3925K, committed 4224K, reserved 1048576K
}
Event: 3.169 GC heap after
{Heap after GC invocations=14 (full 2):
 PSYoungGen      total 24576K, used 2210K [0x00000000eab00000, 0x00000000ec780000, 0x0000000100000000)
  eden space 22016K, 0% used [0x00000000eab00000,0x00000000eab00000,0x00000000ec080000)
  from space 2560K, 86% used [0x00000000ec500000,0x00000000ec728810,0x00000000ec780000)
  to   space 3072K, 0% used [0x00000000ec180000,0x00000000ec180000,0x00000000ec480000)
 ParOldGen       total 68608K, used 15884K [0x00000000c0000000, 0x00000000c4300000, 0x00000000eab00000)
  object space 68608K, 23% used [0x00000000c0000000,0x00000000c0f832c0,0x00000000c4300000)
 Metaspace       used 39137K, committed 39808K, reserved 1114112K
  class space    used 3925K, committed 4224K, reserved 1048576K
}
Event: 3.345 GC heap before
{Heap before GC invocations=15 (full 2):
 PSYoungGen      total 24576K, used 24226K [0x00000000eab00000, 0x00000000ec780000, 0x0000000100000000)
  eden space 22016K, 100% used [0x00000000eab00000,0x00000000ec080000,0x00000000ec080000)
  from space 2560K, 86% used [0x00000000ec500000,0x00000000ec728810,0x00000000ec780000)
  to   space 3072K, 0% used [0x00000000ec180000,0x00000000ec180000,0x00000000ec480000)
 ParOldGen       total 68608K, used 15884K [0x00000000c0000000, 0x00000000c4300000, 0x00000000eab00000)
  object space 68608K, 23% used [0x00000000c0000000,0x00000000c0f832c0,0x00000000c4300000)
 Metaspace       used 39845K, committed 40576K, reserved 1114112K
  class space    used 4022K, committed 4352K, reserved 1048576K
}
Event: 3.348 GC heap after
{Heap after GC invocations=15 (full 2):
 PSYoungGen      total 24064K, used 1920K [0x00000000eab00000, 0x00000000ec580000, 0x0000000100000000)
  eden space 22016K, 0% used [0x00000000eab00000,0x00000000eab00000,0x00000000ec080000)
  from space 2048K, 93% used [0x00000000ec180000,0x00000000ec360010,0x00000000ec380000)
  to   space 2048K, 0% used [0x00000000ec380000,0x00000000ec380000,0x00000000ec580000)
 ParOldGen       total 68608K, used 17900K [0x00000000c0000000, 0x00000000c4300000, 0x00000000eab00000)
  object space 68608K, 26% used [0x00000000c0000000,0x00000000c117b340,0x00000000c4300000)
 Metaspace       used 39845K, committed 40576K, reserved 1114112K
  class space    used 4022K, committed 4352K, reserved 1048576K
}
Event: 3.791 GC heap before
{Heap before GC invocations=16 (full 2):
 PSYoungGen      total 24064K, used 23936K [0x00000000eab00000, 0x00000000ec580000, 0x0000000100000000)
  eden space 22016K, 100% used [0x00000000eab00000,0x00000000ec080000,0x00000000ec080000)
  from space 2048K, 93% used [0x00000000ec180000,0x00000000ec360010,0x00000000ec380000)
  to   space 2048K, 0% used [0x00000000ec380000,0x00000000ec380000,0x00000000ec580000)
 ParOldGen       total 68608K, used 17900K [0x00000000c0000000, 0x00000000c4300000, 0x00000000eab00000)
  object space 68608K, 26% used [0x00000000c0000000,0x00000000c117b340,0x00000000c4300000)
 Metaspace       used 41438K, committed 42176K, reserved 1114112K
  class space    used 4231K, committed 4544K, reserved 1048576K
}
Event: 3.792 GC heap after
{Heap after GC invocations=16 (full 2):
 PSYoungGen      total 23040K, used 726K [0x00000000eab00000, 0x00000000ec480000, 0x0000000100000000)
  eden space 22016K, 0% used [0x00000000eab00000,0x00000000eab00000,0x00000000ec080000)
  from space 1024K, 70% used [0x00000000ec380000,0x00000000ec435bf0,0x00000000ec480000)
  to   space 1536K, 0% used [0x00000000ec180000,0x00000000ec180000,0x00000000ec300000)
 ParOldGen       total 68608K, used 19636K [0x00000000c0000000, 0x00000000c4300000, 0x00000000eab00000)
  object space 68608K, 28% used [0x00000000c0000000,0x00000000c132d388,0x00000000c4300000)
 Metaspace       used 41438K, committed 42176K, reserved 1114112K
  class space    used 4231K, committed 4544K, reserved 1048576K
}
Event: 4.519 GC heap before
{Heap before GC invocations=17 (full 2):
 PSYoungGen      total 23040K, used 22742K [0x00000000eab00000, 0x00000000ec480000, 0x0000000100000000)
  eden space 22016K, 100% used [0x00000000eab00000,0x00000000ec080000,0x00000000ec080000)
  from space 1024K, 70% used [0x00000000ec380000,0x00000000ec435bf0,0x00000000ec480000)
  to   space 1536K, 0% used [0x00000000ec180000,0x00000000ec180000,0x00000000ec300000)
 ParOldGen       total 68608K, used 19636K [0x00000000c0000000, 0x00000000c4300000, 0x00000000eab00000)
  object space 68608K, 28% used [0x00000000c0000000,0x00000000c132d388,0x00000000c4300000)
 Metaspace       used 43669K, committed 44352K, reserved 1114112K
  class space    used 4397K, committed 4736K, reserved 1048576K
}
Event: 4.520 GC heap after
{Heap after GC invocations=17 (full 2):
 PSYoungGen      total 23552K, used 704K [0x00000000eab00000, 0x00000000ec400000, 0x0000000100000000)
  eden space 22016K, 0% used [0x00000000eab00000,0x00000000eab00000,0x00000000ec080000)
  from space 1536K, 45% used [0x00000000ec180000,0x00000000ec230010,0x00000000ec300000)
  to   space 1024K, 0% used [0x00000000ec300000,0x00000000ec300000,0x00000000ec400000)
 ParOldGen       total 68608K, used 20207K [0x00000000c0000000, 0x00000000c4300000, 0x00000000eab00000)
  object space 68608K, 29% used [0x00000000c0000000,0x00000000c13bbfd0,0x00000000c4300000)
 Metaspace       used 43669K, committed 44352K, reserved 1114112K
  class space    used 4397K, committed 4736K, reserved 1048576K
}
Event: 4.944 GC heap before
{Heap before GC invocations=18 (full 2):
 PSYoungGen      total 23552K, used 22720K [0x00000000eab00000, 0x00000000ec400000, 0x0000000100000000)
  eden space 22016K, 100% used [0x00000000eab00000,0x00000000ec080000,0x00000000ec080000)
  from space 1536K, 45% used [0x00000000ec180000,0x00000000ec230010,0x00000000ec300000)
  to   space 1024K, 0% used [0x00000000ec300000,0x00000000ec300000,0x00000000ec400000)
 ParOldGen       total 68608K, used 20207K [0x00000000c0000000, 0x00000000c4300000, 0x00000000eab00000)
  object space 68608K, 29% used [0x00000000c0000000,0x00000000c13bbfd0,0x00000000c4300000)
 Metaspace       used 44373K, committed 45120K, reserved 1114112K
  class space    used 4471K, committed 4800K, reserved 1048576K
}
Event: 4.945 GC heap after
{Heap after GC invocations=18 (full 2):
 PSYoungGen      total 23040K, used 1012K [0x00000000eab00000, 0x00000000ec480000, 0x0000000100000000)
  eden space 22016K, 0% used [0x00000000eab00000,0x00000000eab00000,0x00000000ec080000)
  from space 1024K, 98% used [0x00000000ec300000,0x00000000ec3fd378,0x00000000ec400000)
  to   space 2048K, 0% used [0x00000000ec080000,0x00000000ec080000,0x00000000ec280000)
 ParOldGen       total 68608K, used 20837K [0x00000000c0000000, 0x00000000c4300000, 0x00000000eab00000)
  object space 68608K, 30% used [0x00000000c0000000,0x00000000c1459658,0x00000000c4300000)
 Metaspace       used 44373K, committed 45120K, reserved 1114112K
  class space    used 4471K, committed 4800K, reserved 1048576K
}
Event: 5.156 GC heap before
{Heap before GC invocations=19 (full 2):
 PSYoungGen      total 23040K, used 23028K [0x00000000eab00000, 0x00000000ec480000, 0x0000000100000000)
  eden space 22016K, 100% used [0x00000000eab00000,0x00000000ec080000,0x00000000ec080000)
  from space 1024K, 98% used [0x00000000ec300000,0x00000000ec3fd378,0x00000000ec400000)
  to   space 2048K, 0% used [0x00000000ec080000,0x00000000ec080000,0x00000000ec280000)
 ParOldGen       total 68608K, used 20837K [0x00000000c0000000, 0x00000000c4300000, 0x00000000eab00000)
  object space 68608K, 30% used [0x00000000c0000000,0x00000000c1459658,0x00000000c4300000)
 Metaspace       used 45036K, committed 45760K, reserved 1114112K
  class space    used 4529K, committed 4864K, reserved 1048576K
}
Event: 5.157 GC heap after
{Heap after GC invocations=19 (full 2):
 PSYoungGen      total 24064K, used 256K [0x00000000eab00000, 0x00000000ec380000, 0x0000000100000000)
  eden space 22016K, 0% used [0x00000000eab00000,0x00000000eab00000,0x00000000ec080000)
  from space 2048K, 12% used [0x00000000ec080000,0x00000000ec0c0000,0x00000000ec280000)
  to   space 1024K, 0% used [0x00000000ec280000,0x00000000ec280000,0x00000000ec380000)
 ParOldGen       total 68608K, used 21133K [0x00000000c0000000, 0x00000000c4300000, 0x00000000eab00000)
  object space 68608K, 30% used [0x00000000c0000000,0x00000000c14a3668,0x00000000c4300000)
 Metaspace       used 45036K, committed 45760K, reserved 1114112K
  class space    used 4529K, committed 4864K, reserved 1048576K
}
Event: 5.668 GC heap before
{Heap before GC invocations=20 (full 2):
 PSYoungGen      total 24064K, used 22272K [0x00000000eab00000, 0x00000000ec380000, 0x0000000100000000)
  eden space 22016K, 100% used [0x00000000eab00000,0x00000000ec080000,0x00000000ec080000)
  from space 2048K, 12% used [0x00000000ec080000,0x00000000ec0c0000,0x00000000ec280000)
  to   space 1024K, 0% used [0x00000000ec280000,0x00000000ec280000,0x00000000ec380000)
 ParOldGen       total 68608K, used 21133K [0x00000000c0000000, 0x00000000c4300000, 0x00000000eab00000)
  object space 68608K, 30% used [0x00000000c0000000,0x00000000c14a3668,0x00000000c4300000)
 Metaspace       used 45686K, committed 46400K, reserved 1114112K
  class space    used 4567K, committed 4928K, reserved 1048576K
}
Event: 5.672 GC heap after
{Heap after GC invocations=20 (full 2):
 PSYoungGen      total 23040K, used 800K [0x00000000eab00000, 0x00000000ec380000, 0x0000000100000000)
  eden space 22016K, 0% used [0x00000000eab00000,0x00000000eab00000,0x00000000ec080000)
  from space 1024K, 78% used [0x00000000ec280000,0x00000000ec348000,0x00000000ec380000)
  to   space 1024K, 0% used [0x00000000ec180000,0x00000000ec180000,0x00000000ec280000)
 ParOldGen       total 68608K, used 21197K [0x00000000c0000000, 0x00000000c4300000, 0x00000000eab00000)
  object space 68608K, 30% used [0x00000000c0000000,0x00000000c14b3668,0x00000000c4300000)
 Metaspace       used 45686K, committed 46400K, reserved 1114112K
  class space    used 4567K, committed 4928K, reserved 1048576K
}

Dll operation events (10 events):
Event: 0.007 Loaded shared library c:\Users\Aditi\.windsurf\extensions\redhat.java-1.37.0-win32-x64\jre\17.0.13-win32-x86_64\bin\java.dll
Event: 0.109 Loaded shared library c:\Users\Aditi\.windsurf\extensions\redhat.java-1.37.0-win32-x64\jre\17.0.13-win32-x86_64\bin\zip.dll
Event: 0.111 Loaded shared library C:\Users\Aditi\.windsurf\extensions\redhat.java-1.37.0-win32-x64\jre\17.0.13-win32-x86_64\bin\instrument.dll
Event: 0.121 Loaded shared library C:\Users\Aditi\.windsurf\extensions\redhat.java-1.37.0-win32-x64\jre\17.0.13-win32-x86_64\bin\net.dll
Event: 0.122 Loaded shared library C:\Users\Aditi\.windsurf\extensions\redhat.java-1.37.0-win32-x64\jre\17.0.13-win32-x86_64\bin\nio.dll
Event: 0.127 Loaded shared library C:\Users\Aditi\.windsurf\extensions\redhat.java-1.37.0-win32-x64\jre\17.0.13-win32-x86_64\bin\zip.dll
Event: 0.142 Loaded shared library C:\Users\Aditi\.windsurf\extensions\redhat.java-1.37.0-win32-x64\jre\17.0.13-win32-x86_64\bin\jimage.dll
Event: 0.178 Loaded shared library c:\Users\Aditi\.windsurf\extensions\redhat.java-1.37.0-win32-x64\jre\17.0.13-win32-x86_64\bin\verify.dll
Event: 0.820 Loaded shared library C:\Users\Aditi\AppData\Roaming\Windsurf\User\globalStorage\redhat.java\1.37.0\config_ss_win\org.eclipse.equinox.launcher\org.eclipse.equinox.launcher.win32.win32.x86_64_1.2.1100.v20240722-2106\eclipse_11904.dll
Event: 1.495 Loaded shared library C:\Users\Aditi\AppData\Local\Temp\jna-63112571\jna17150886350345251935.dll

Deoptimization events (20 events):
Event: 6.188 Thread 0x00000184e61677f0 DEOPT PACKING pc=0x00000184d31a5f58 sp=0x00000062ad8fd160
Event: 6.188 Thread 0x00000184e61677f0 DEOPT UNPACKING pc=0x00000184d29666a3 sp=0x00000062ad8fd218 mode 2
Event: 6.192 Thread 0x00000184e61677f0 Uncommon trap: trap_request=0xffffffc6 fr.pc=0x00000184d333e14c relative=0x000000000000092c
Event: 6.192 Thread 0x00000184e61677f0 Uncommon trap: reason=bimorphic_or_optimized_type_check action=maybe_recompile pc=0x00000184d333e14c method=java.util.HashMap.putVal(ILjava/lang/Object;Ljava/lang/Object;ZZ)Ljava/lang/Object; @ 203 c2
Event: 6.192 Thread 0x00000184e61677f0 DEOPT PACKING pc=0x00000184d333e14c sp=0x00000062ad8fdba0
Event: 6.192 Thread 0x00000184e61677f0 DEOPT UNPACKING pc=0x00000184d29666a3 sp=0x00000062ad8fdb10 mode 2
Event: 6.207 Thread 0x00000184e61677f0 Uncommon trap: trap_request=0xffffff45 fr.pc=0x00000184d310b6dc relative=0x000000000000231c
Event: 6.207 Thread 0x00000184e61677f0 Uncommon trap: reason=unstable_if action=reinterpret pc=0x00000184d310b6dc method=org.eclipse.jdt.internal.compiler.parser.Parser.consumeToken(I)V @ 1 c2
Event: 6.207 Thread 0x00000184e61677f0 DEOPT PACKING pc=0x00000184d310b6dc sp=0x00000062ad8fdf50
Event: 6.207 Thread 0x00000184e61677f0 DEOPT UNPACKING pc=0x00000184d29666a3 sp=0x00000062ad8fdf28 mode 2
Event: 6.216 Thread 0x00000184e61677f0 DEOPT PACKING pc=0x00000184cbf6b3e5 sp=0x00000062ad8fcdd0
Event: 6.216 Thread 0x00000184e61677f0 DEOPT UNPACKING pc=0x00000184d2966e43 sp=0x00000062ad8fc288 mode 0
Event: 6.245 Thread 0x00000184e61677f0 Uncommon trap: trap_request=0xffffff45 fr.pc=0x00000184d30a5ee4 relative=0x0000000000000d24
Event: 6.245 Thread 0x00000184e61677f0 Uncommon trap: reason=unstable_if action=reinterpret pc=0x00000184d30a5ee4 method=org.eclipse.jdt.internal.compiler.parser.Scanner.internalScanIdentifierOrKeyword(II[C)I @ 1637 c2
Event: 6.245 Thread 0x00000184e61677f0 DEOPT PACKING pc=0x00000184d30a5ee4 sp=0x00000062ad8fdef0
Event: 6.245 Thread 0x00000184e61677f0 DEOPT UNPACKING pc=0x00000184d29666a3 sp=0x00000062ad8fde78 mode 2
Event: 6.251 Thread 0x00000184e61677f0 Uncommon trap: trap_request=0xffffff45 fr.pc=0x00000184d30c0254 relative=0x00000000000029d4
Event: 6.251 Thread 0x00000184e61677f0 Uncommon trap: reason=unstable_if action=reinterpret pc=0x00000184d30c0254 method=org.eclipse.jdt.internal.compiler.parser.Scanner.getNextToken0()I @ 489 c2
Event: 6.251 Thread 0x00000184e61677f0 DEOPT PACKING pc=0x00000184d30c0254 sp=0x00000062ad8fde20
Event: 6.251 Thread 0x00000184e61677f0 DEOPT UNPACKING pc=0x00000184d29666a3 sp=0x00000062ad8fdd88 mode 2

Classes loaded (20 events):
Event: 4.173 Loading class java/util/Hashtable$ValueCollection
Event: 4.173 Loading class java/util/Hashtable$ValueCollection done
Event: 4.400 Loading class java/util/WeakHashMap$KeyIterator
Event: 4.400 Loading class java/util/WeakHashMap$KeyIterator done
Event: 4.628 Loading class java/util/regex/Pattern$LazyLoop
Event: 4.628 Loading class java/util/regex/Pattern$LazyLoop done
Event: 4.628 Loading class java/util/regex/Pattern$Pos
Event: 4.628 Loading class java/util/regex/Pattern$Pos done
Event: 5.826 Loading class java/util/function/ToIntFunction
Event: 5.826 Loading class java/util/function/ToIntFunction done
Event: 5.827 Loading class java/util/stream/ReferencePipeline$4
Event: 5.827 Loading class java/util/stream/ReferencePipeline$4 done
Event: 5.827 Loading class java/util/stream/Nodes$IntFixedNodeBuilder
Event: 5.828 Loading class java/util/stream/Node$Builder$OfInt
Event: 5.828 Loading class java/util/stream/Node$Builder$OfInt done
Event: 5.828 Loading class java/util/stream/Nodes$IntArrayNode
Event: 5.828 Loading class java/util/stream/Nodes$IntArrayNode done
Event: 5.828 Loading class java/util/stream/Nodes$IntFixedNodeBuilder done
Event: 5.829 Loading class java/util/stream/ReferencePipeline$4$1
Event: 5.829 Loading class java/util/stream/ReferencePipeline$4$1 done

Classes unloaded (7 events):
Event: 1.326 Thread 0x00000184dc6b8490 Unloading class 0x0000000100219400 'java/lang/invoke/LambdaForm$MH+0x0000000100219400'
Event: 1.326 Thread 0x00000184dc6b8490 Unloading class 0x0000000100219000 'java/lang/invoke/LambdaForm$MH+0x0000000100219000'
Event: 1.326 Thread 0x00000184dc6b8490 Unloading class 0x0000000100218c00 'java/lang/invoke/LambdaForm$MH+0x0000000100218c00'
Event: 1.326 Thread 0x00000184dc6b8490 Unloading class 0x0000000100218800 'java/lang/invoke/LambdaForm$MH+0x0000000100218800'
Event: 1.326 Thread 0x00000184dc6b8490 Unloading class 0x0000000100218400 'java/lang/invoke/LambdaForm$BMH+0x0000000100218400'
Event: 1.326 Thread 0x00000184dc6b8490 Unloading class 0x0000000100218000 'java/lang/invoke/LambdaForm$DMH+0x0000000100218000'
Event: 1.326 Thread 0x00000184dc6b8490 Unloading class 0x0000000100214400 'java/lang/invoke/LambdaForm$DMH+0x0000000100214400'

Classes redefined (0 events):
No events

Internal exceptions (20 events):
Event: 2.595 Thread 0x00000184e61677f0 Exception <a 'sun/nio/fs/WindowsException'{0x00000000eb9d6000}> (0x00000000eb9d6000) 
thrown [s\src\hotspot\share\prims\jni.cpp, line 516]
Event: 2.769 Thread 0x00000184e61677f0 Exception <a 'java/lang/NoSuchMethodError'{0x00000000ebd8feb0}: 'java.lang.Object java.lang.invoke.DirectMethodHandle$Holder.invokeInterface(java.lang.Object, java.lang.Object, java.lang.Object)'> (0x00000000ebd8feb0) 
thrown [s\src\hotspot\share\interpreter\linkResolver.cpp, line 759]
Event: 2.807 Thread 0x00000184e4a1f810 Exception <a 'java/lang/NoSuchMethodError'{0x00000000ec041a68}: 'java.lang.Object java.lang.invoke.DirectMethodHandle$Holder.newInvokeSpecial(java.lang.Object, java.lang.Object, java.lang.Object, java.lang.Object, java.lang.Object, java.lang.Object)'> (0x00000000ec041a68) 
thrown [s\src\hotspot\share\interpreter\linkResolver.cpp, line 759]
Event: 2.819 Thread 0x00000184e61677f0 Exception <a 'java/lang/NoSuchMethodError'{0x00000000ec104f60}: 'java.lang.Object java.lang.invoke.Invokers$Holder.invoke_MT(java.lang.Object, java.lang.Object, java.lang.Object)'> (0x00000000ec104f60) 
thrown [s\src\hotspot\share\interpreter\linkResolver.cpp, line 759]
Event: 2.901 Thread 0x00000184e61677f0 Exception <a 'java/lang/NoSuchMethodError'{0x00000000eafa74f8}: 'java.lang.Object java.lang.invoke.DirectMethodHandle$Holder.invokeStaticInit(java.lang.Object, java.lang.Object, java.lang.Object, java.lang.Object, java.lang.Object, java.lang.Object, java.lang.Object)'> (0x00000000eafa74f8) 
thrown [s\src\hotspot\share\interpreter\linkResolver.cpp, line 759]
Event: 2.902 Thread 0x00000184e61677f0 Exception <a 'java/lang/NoSuchMethodError'{0x00000000eafb0808}: 'java.lang.Object java.lang.invoke.DirectMethodHandle$Holder.invokeSpecial(java.lang.Object, java.lang.Object, java.lang.Object, java.lang.Object, java.lang.Object, java.lang.Object, java.lang.Object, java.lang.Object, java.lang.Object, java.lang.Object)'> (0x00000000eafb0808) 
thrown [s\src\hotspot\share\interpreter\linkResolver.cpp, line 759]
Event: 2.902 Thread 0x00000184e61677f0 Exception <a 'java/lang/NoSuchMethodError'{0x00000000eafb5098}: 'java.lang.Object java.lang.invoke.Invokers$Holder.invoke_MT(java.lang.Object, java.lang.Object, java.lang.Object, java.lang.Object, java.lang.Object, java.lang.Object, java.lang.Object, java.lang.Object, java.lang.Object, java.lang.Object)'> (0x00000000eafb5098) 
thrown [s\src\hotspot\share\interpreter\linkResolver.cpp, line 759]
Event: 2.909 Thread 0x00000184e61677f0 Exception <a 'java/lang/NoSuchMethodError'{0x00000000eaffc2c8}: 'int java.lang.invoke.DirectMethodHandle$Holder.invokeVirtual(java.lang.Object, java.lang.Object, java.lang.Object)'> (0x00000000eaffc2c8) 
thrown [s\src\hotspot\share\interpreter\linkResolver.cpp, line 759]
Event: 2.909 Thread 0x00000184e61677f0 Exception <a 'java/lang/NoSuchMethodError'{0x00000000eafffe28}: 'int java.lang.invoke.DirectMethodHandle$Holder.invokeVirtual(java.lang.Object, java.lang.Object)'> (0x00000000eafffe28) 
thrown [s\src\hotspot\share\interpreter\linkResolver.cpp, line 759]
Event: 2.910 Thread 0x00000184e61677f0 Exception <a 'java/lang/NoSuchMethodError'{0x00000000eb004398}: 'int java.lang.invoke.DirectMethodHandle$Holder.invokeStaticInit(java.lang.Object, int, int)'> (0x00000000eb004398) 
thrown [s\src\hotspot\share\interpreter\linkResolver.cpp, line 759]
Event: 2.910 Thread 0x00000184e61677f0 Exception <a 'java/lang/NoSuchMethodError'{0x00000000eb00c3b0}: 'int java.lang.invoke.DirectMethodHandle$Holder.invokeStaticInit(java.lang.Object, long, long)'> (0x00000000eb00c3b0) 
thrown [s\src\hotspot\share\interpreter\linkResolver.cpp, line 759]
Event: 2.911 Thread 0x00000184e61677f0 Exception <a 'java/lang/NoSuchMethodError'{0x00000000eb0134a8}: 'int java.lang.invoke.DirectMethodHandle$Holder.invokeStaticInit(java.lang.Object, float, float)'> (0x00000000eb0134a8) 
thrown [s\src\hotspot\share\interpreter\linkResolver.cpp, line 759]
Event: 2.912 Thread 0x00000184e61677f0 Exception <a 'java/lang/NoSuchMethodError'{0x00000000eb01a5a8}: 'int java.lang.invoke.DirectMethodHandle$Holder.invokeStaticInit(java.lang.Object, double, double)'> (0x00000000eb01a5a8) 
thrown [s\src\hotspot\share\interpreter\linkResolver.cpp, line 759]
Event: 2.912 Thread 0x00000184e61677f0 Exception <a 'java/lang/NoSuchMethodError'{0x00000000eb01ee58}: 'int java.lang.invoke.DirectMethodHandle$Holder.invokeStatic(java.lang.Object, long)'> (0x00000000eb01ee58) 
thrown [s\src\hotspot\share\interpreter\linkResolver.cpp, line 759]
Event: 2.915 Thread 0x00000184e61677f0 Exception <a 'java/lang/NoSuchMethodError'{0x00000000eb046d08}: 'int java.lang.invoke.Invokers$Holder.linkToTargetMethod(java.lang.Object, java.lang.Object)'> (0x00000000eb046d08) 
thrown [s\src\hotspot\share\interpreter\linkResolver.cpp, line 759]
Event: 3.986 Thread 0x00000184e61677f0 Implicit null exception at 0x00000184d319d750 to 0x00000184d319e3e8
Event: 5.171 Thread 0x00000184e4a1f810 Exception <a 'java/lang/NoSuchMethodError'{0x00000000eabf66d8}: 'java.lang.Object java.lang.invoke.DirectMethodHandle$Holder.invokeSpecial(java.lang.Object, java.lang.Object, int, long)'> (0x00000000eabf66d8) 
thrown [s\src\hotspot\share\interpreter\linkResolver.cpp, line 759]
Event: 6.031 Thread 0x00000184e61677f0 Implicit null exception at 0x00000184d333ef75 to 0x00000184d333f2ac
Event: 6.032 Thread 0x00000184e61677f0 Implicit null exception at 0x00000184d33b82f6 to 0x00000184d33b891c
Event: 6.122 Thread 0x00000184e61677f0 Implicit null exception at 0x00000184d341c646 to 0x00000184d341c69d

VM Operations (20 events):
Event: 5.533 Executing VM operation: ICBufferFull
Event: 5.533 Executing VM operation: ICBufferFull done
Event: 5.668 Executing VM operation: ParallelGCFailedAllocation
Event: 5.672 Executing VM operation: ParallelGCFailedAllocation done
Event: 5.787 Executing VM operation: HandshakeAllThreads
Event: 5.787 Executing VM operation: HandshakeAllThreads done
Event: 5.820 Executing VM operation: HandshakeAllThreads
Event: 5.820 Executing VM operation: HandshakeAllThreads done
Event: 6.027 Executing VM operation: HandshakeAllThreads
Event: 6.027 Executing VM operation: HandshakeAllThreads done
Event: 6.033 Executing VM operation: ICBufferFull
Event: 6.033 Executing VM operation: ICBufferFull done
Event: 6.043 Executing VM operation: HandshakeAllThreads
Event: 6.043 Executing VM operation: HandshakeAllThreads done
Event: 6.067 Executing VM operation: HandshakeAllThreads
Event: 6.067 Executing VM operation: HandshakeAllThreads done
Event: 6.107 Executing VM operation: HandshakeAllThreads
Event: 6.107 Executing VM operation: HandshakeAllThreads done
Event: 6.247 Executing VM operation: ICBufferFull
Event: 6.247 Executing VM operation: ICBufferFull done

Memory protections (0 events):
No events

Nmethod flushes (20 events):
Event: 6.076 Thread 0x00000184e1ae3c00 flushing  nmethod 0x00000184cbeb6b10
Event: 6.076 Thread 0x00000184e1ae3c00 flushing  nmethod 0x00000184cbebae10
Event: 6.076 Thread 0x00000184e1ae3c00 flushing  nmethod 0x00000184cbebb990
Event: 6.076 Thread 0x00000184e1ae3c00 flushing  nmethod 0x00000184cbebf890
Event: 6.076 Thread 0x00000184e1ae3c00 flushing  nmethod 0x00000184cbec1090
Event: 6.076 Thread 0x00000184e1ae3c00 flushing  nmethod 0x00000184cbed4790
Event: 6.076 Thread 0x00000184e1ae3c00 flushing  nmethod 0x00000184cbf0d790
Event: 6.076 Thread 0x00000184e1ae3c00 flushing  nmethod 0x00000184cbf15690
Event: 6.076 Thread 0x00000184e1ae3c00 flushing  nmethod 0x00000184cbf17e10
Event: 6.076 Thread 0x00000184e1ae3c00 flushing  nmethod 0x00000184cbf23c10
Event: 6.076 Thread 0x00000184e1ae3c00 flushing  nmethod 0x00000184cbf30410
Event: 6.076 Thread 0x00000184e1ae3c00 flushing  nmethod 0x00000184cbf30790
Event: 6.076 Thread 0x00000184e1ae3c00 flushing  nmethod 0x00000184cbf30b10
Event: 6.076 Thread 0x00000184e1ae3c00 flushing  nmethod 0x00000184cbf31890
Event: 6.076 Thread 0x00000184e1ae3c00 flushing  nmethod 0x00000184cbf32f90
Event: 6.076 Thread 0x00000184e1ae3c00 flushing  nmethod 0x00000184cbf33310
Event: 6.076 Thread 0x00000184e1ae3c00 flushing  nmethod 0x00000184cbf33a10
Event: 6.077 Thread 0x00000184e1ae3c00 flushing  nmethod 0x00000184cbf62290
Event: 6.077 Thread 0x00000184e1ae3c00 flushing  nmethod 0x00000184cc023810
Event: 6.078 Thread 0x00000184e1ae3c00 flushing  nmethod 0x00000184cc04df10

Events (20 events):
Event: 3.712 Thread 0x00000184e61f27c0 Thread exited: 0x00000184e61f27c0
Event: 3.718 Thread 0x00000184e61f5790 Thread exited: 0x00000184e61f5790
Event: 3.718 Thread 0x00000184e61f3d00 Thread exited: 0x00000184e61f3d00
Event: 3.718 Thread 0x00000184e61f37b0 Thread exited: 0x00000184e61f37b0
Event: 3.726 Thread 0x00000184e61f3260 Thread exited: 0x00000184e61f3260
Event: 3.734 Thread 0x00000184e61f4cf0 Thread exited: 0x00000184e61f4cf0
Event: 4.022 Thread 0x00000184e1c7bbe0 Thread added: 0x00000184e61f5790
Event: 4.022 Thread 0x00000184e1c7bbe0 Thread added: 0x00000184e61f5ce0
Event: 4.234 Thread 0x00000184e61f5ce0 Thread exited: 0x00000184e61f5ce0
Event: 4.366 Thread 0x00000184e61f5790 Thread exited: 0x00000184e61f5790
Event: 4.410 Thread 0x00000184e1adab20 Thread added: 0x00000184e61f27c0
Event: 4.625 Thread 0x00000184e61f27c0 Thread exited: 0x00000184e61f27c0
Event: 4.918 Thread 0x00000184e1c7bbe0 Thread added: 0x00000184e61f27c0
Event: 4.918 Thread 0x00000184e1c7bbe0 Thread added: 0x00000184e61f4cf0
Event: 4.957 Thread 0x00000184e1c7bbe0 Thread added: 0x00000184e61f5790
Event: 4.957 Thread 0x00000184e1c7bbe0 Thread added: 0x00000184e61f2d10
Event: 4.961 Thread 0x00000184e1c7bbe0 Thread added: 0x00000184e61f5ce0
Event: 4.985 Thread 0x00000184e61f5ce0 Thread added: 0x00000184e61f3260
Event: 4.985 Thread 0x00000184e61f5ce0 Thread added: 0x00000184e61f37b0
Event: 6.137 Thread 0x00000184e61f37b0 Thread exited: 0x00000184e61f37b0


Dynamic libraries:
0x00007ff7c8850000 - 0x00007ff7c885e000 	c:\Users\Aditi\.windsurf\extensions\redhat.java-1.37.0-win32-x64\jre\17.0.13-win32-x86_64\bin\java.exe
0x00007ffa34ee0000 - 0x00007ffa350e9000 	C:\windows\SYSTEM32\ntdll.dll
0x00007ffa32d30000 - 0x00007ffa32ded000 	C:\windows\System32\KERNEL32.DLL
0x00007ffa323a0000 - 0x00007ffa32724000 	C:\windows\System32\KERNELBASE.dll
0x00007ffa32af0000 - 0x00007ffa32c01000 	C:\windows\System32\ucrtbase.dll
0x00007ffa052d0000 - 0x00007ffa052e7000 	c:\Users\Aditi\.windsurf\extensions\redhat.java-1.37.0-win32-x64\jre\17.0.13-win32-x86_64\bin\jli.dll
0x00007ffa05200000 - 0x00007ffa0521e000 	c:\Users\Aditi\.windsurf\extensions\redhat.java-1.37.0-win32-x64\jre\17.0.13-win32-x86_64\bin\VCRUNTIME140.dll
0x00007ffa34cf0000 - 0x00007ffa34e9d000 	C:\windows\System32\USER32.dll
0x00007ffa32370000 - 0x00007ffa32396000 	C:\windows\System32\win32u.dll
0x00007ffa13780000 - 0x00007ffa13a25000 	C:\windows\WinSxS\amd64_microsoft.windows.common-controls_6595b64144ccf1df_6.0.22000.120_none_9d947278b86cc467\COMCTL32.dll
0x00007ffa33230000 - 0x00007ffa3325a000 	C:\windows\System32\GDI32.dll
0x00007ffa33260000 - 0x00007ffa33303000 	C:\windows\System32\msvcrt.dll
0x00007ffa32c10000 - 0x00007ffa32d2e000 	C:\windows\System32\gdi32full.dll
0x00007ffa32a50000 - 0x00007ffa32aed000 	C:\windows\System32\msvcp_win.dll
0x00007ffa336d0000 - 0x00007ffa33701000 	C:\windows\System32\IMM32.DLL
0x00007ffa1c1c0000 - 0x00007ffa1c1cc000 	c:\Users\Aditi\.windsurf\extensions\redhat.java-1.37.0-win32-x64\jre\17.0.13-win32-x86_64\bin\vcruntime140_1.dll
0x00007ff9d61c0000 - 0x00007ff9d624d000 	c:\Users\Aditi\.windsurf\extensions\redhat.java-1.37.0-win32-x64\jre\17.0.13-win32-x86_64\bin\msvcp140.dll
0x00007ff96fdd0000 - 0x00007ff970a3b000 	c:\Users\Aditi\.windsurf\extensions\redhat.java-1.37.0-win32-x64\jre\17.0.13-win32-x86_64\bin\server\jvm.dll
0x00007ffa33e20000 - 0x00007ffa33ece000 	C:\windows\System32\ADVAPI32.dll
0x00007ffa343f0000 - 0x00007ffa3448e000 	C:\windows\System32\sechost.dll
0x00007ffa33500000 - 0x00007ffa33621000 	C:\windows\System32\RPCRT4.dll
0x00007ffa33720000 - 0x00007ffa3378f000 	C:\windows\System32\WS2_32.dll
0x00007ffa30ca0000 - 0x00007ffa30ced000 	C:\windows\SYSTEM32\POWRPROF.dll
0x00007ffa2a6d0000 - 0x00007ffa2a703000 	C:\windows\SYSTEM32\WINMM.dll
0x00007ffa28cf0000 - 0x00007ffa28cfa000 	C:\windows\SYSTEM32\VERSION.dll
0x00007ffa30d90000 - 0x00007ffa30da3000 	C:\windows\SYSTEM32\UMPDC.dll
0x00007ffa314d0000 - 0x00007ffa314e8000 	C:\windows\SYSTEM32\kernel.appcore.dll
0x00007ffa0a710000 - 0x00007ffa0a71a000 	c:\Users\Aditi\.windsurf\extensions\redhat.java-1.37.0-win32-x64\jre\17.0.13-win32-x86_64\bin\jimage.dll
0x00007ffa2fa00000 - 0x00007ffa2fc21000 	C:\windows\SYSTEM32\DBGHELP.DLL
0x00007ffa28b50000 - 0x00007ffa28b81000 	C:\windows\SYSTEM32\dbgcore.DLL
0x00007ffa327f0000 - 0x00007ffa3286f000 	C:\windows\System32\bcryptPrimitives.dll
0x00007ffa05060000 - 0x00007ffa0506e000 	c:\Users\Aditi\.windsurf\extensions\redhat.java-1.37.0-win32-x64\jre\17.0.13-win32-x86_64\bin\instrument.dll
0x00007ff9f4990000 - 0x00007ff9f49b5000 	c:\Users\Aditi\.windsurf\extensions\redhat.java-1.37.0-win32-x64\jre\17.0.13-win32-x86_64\bin\java.dll
0x00007ffa00230000 - 0x00007ffa00248000 	c:\Users\Aditi\.windsurf\extensions\redhat.java-1.37.0-win32-x64\jre\17.0.13-win32-x86_64\bin\zip.dll
0x00007ffa34510000 - 0x00007ffa34cd5000 	C:\windows\System32\SHELL32.dll
0x00007ffa30420000 - 0x00007ffa30c82000 	C:\windows\SYSTEM32\windows.storage.dll
0x00007ffa32e50000 - 0x00007ffa331c6000 	C:\windows\System32\combase.dll
0x00007ffa302b0000 - 0x00007ffa30417000 	C:\windows\SYSTEM32\wintypes.dll
0x00007ffa333f0000 - 0x00007ffa334da000 	C:\windows\System32\SHCORE.dll
0x00007ffa32df0000 - 0x00007ffa32e4d000 	C:\windows\System32\shlwapi.dll
0x00007ffa322a0000 - 0x00007ffa322c5000 	C:\windows\SYSTEM32\profapi.dll
0x00007ff9feb70000 - 0x00007ff9feb89000 	C:\Users\Aditi\.windsurf\extensions\redhat.java-1.37.0-win32-x64\jre\17.0.13-win32-x86_64\bin\net.dll
0x00007ffa2b3f0000 - 0x00007ffa2b504000 	C:\windows\SYSTEM32\WINHTTP.dll
0x00007ffa31980000 - 0x00007ffa319e7000 	C:\windows\system32\mswsock.dll
0x00007ff9fc670000 - 0x00007ff9fc686000 	C:\Users\Aditi\.windsurf\extensions\redhat.java-1.37.0-win32-x64\jre\17.0.13-win32-x86_64\bin\nio.dll
0x00007ffa04ed0000 - 0x00007ffa04ee0000 	c:\Users\Aditi\.windsurf\extensions\redhat.java-1.37.0-win32-x64\jre\17.0.13-win32-x86_64\bin\verify.dll
0x00007ff9f1d60000 - 0x00007ff9f1da5000 	C:\Users\Aditi\AppData\Roaming\Windsurf\User\globalStorage\redhat.java\1.37.0\config_ss_win\org.eclipse.equinox.launcher\org.eclipse.equinox.launcher.win32.win32.x86_64_1.2.1100.v20240722-2106\eclipse_11904.dll
0x00007ffa33c80000 - 0x00007ffa33e1a000 	C:\windows\System32\ole32.dll
0x00007ffa31bc0000 - 0x00007ffa31bd8000 	C:\windows\SYSTEM32\CRYPTSP.dll
0x00007ffa31430000 - 0x00007ffa31465000 	C:\windows\system32\rsaenh.dll
0x00007ffa31a70000 - 0x00007ffa31a9c000 	C:\windows\SYSTEM32\USERENV.dll
0x00007ffa31d40000 - 0x00007ffa31d67000 	C:\windows\SYSTEM32\bcrypt.dll
0x00007ffa31be0000 - 0x00007ffa31bec000 	C:\windows\SYSTEM32\CRYPTBASE.dll
0x00007ffa30fc0000 - 0x00007ffa30fed000 	C:\windows\SYSTEM32\IPHLPAPI.DLL
0x00007ffa336c0000 - 0x00007ffa336c9000 	C:\windows\System32\NSI.dll
0x00007ffa2b070000 - 0x00007ffa2b089000 	C:\windows\SYSTEM32\dhcpcsvc6.DLL
0x00007ffa2b780000 - 0x00007ffa2b79e000 	C:\windows\SYSTEM32\dhcpcsvc.DLL
0x00007ffa30ff0000 - 0x00007ffa310d7000 	C:\windows\SYSTEM32\DNSAPI.dll
0x00007ff9d59d0000 - 0x00007ff9d5a19000 	C:\Users\Aditi\AppData\Local\Temp\jna-63112571\jna17150886350345251935.dll
0x00007ffa34490000 - 0x00007ffa34498000 	C:\windows\System32\PSAPI.DLL

dbghelp: loaded successfully - version: 4.0.5 - missing functions: none
symbol engine: initialized successfully - sym options: 0x614 - pdb path: .;c:\Users\Aditi\.windsurf\extensions\redhat.java-1.37.0-win32-x64\jre\17.0.13-win32-x86_64\bin;C:\windows\SYSTEM32;C:\windows\WinSxS\amd64_microsoft.windows.common-controls_6595b64144ccf1df_6.0.22000.120_none_9d947278b86cc467;c:\Users\Aditi\.windsurf\extensions\redhat.java-1.37.0-win32-x64\jre\17.0.13-win32-x86_64\bin\server;C:\Users\Aditi\AppData\Roaming\Windsurf\User\globalStorage\redhat.java\1.37.0\config_ss_win\org.eclipse.equinox.launcher\org.eclipse.equinox.launcher.win32.win32.x86_64_1.2.1100.v20240722-2106;C:\Users\Aditi\AppData\Local\Temp\jna-63112571

VM Arguments:
jvm_args: --add-modules=ALL-SYSTEM --add-opens=java.base/java.util=ALL-UNNAMED --add-opens=java.base/java.lang=ALL-UNNAMED --add-opens=java.base/sun.nio.fs=ALL-UNNAMED -Declipse.application=org.eclipse.jdt.ls.core.id1 -Dosgi.bundles.defaultStartLevel=4 -Declipse.product=org.eclipse.jdt.ls.core.product -Djava.import.generatesMetadataFilesAtProjectRoot=false -DDetectVMInstallationsJob.disabled=true -Dfile.encoding=utf8 -XX:+UseParallelGC -XX:GCTimeRatio=4 -XX:AdaptiveSizePolicyWeight=90 -Dsun.zip.disableMemoryMapping=true -Xmx1G -Xms100m -Xlog:disable -javaagent:c:\Users\Aditi\.windsurf\extensions\redhat.java-1.37.0-win32-x64\lombok\lombok-1.18.34.jar 
java_command: c:\Users\Aditi\.windsurf\extensions\redhat.java-1.37.0-win32-x64\server\plugins\org.eclipse.equinox.launcher_1.6.900.v20240613-2009.jar -configuration c:\Users\Aditi\AppData\Roaming\Windsurf\User\globalStorage\redhat.java\1.37.0\config_ss_win -data c:\Users\Aditi\AppData\Roaming\Windsurf\User\workspaceStorage\5a62fe60db819c467c7b9c047bd09c87\redhat.java\ss_ws --pipe=\\.\pipe\lsp-589872719c50ce7862beea1c1bbc904f-sock
java_class_path (initial): c:\Users\Aditi\.windsurf\extensions\redhat.java-1.37.0-win32-x64\server\plugins\org.eclipse.equinox.launcher_1.6.900.v20240613-2009.jar
Launcher Type: SUN_STANDARD

[Global flags]
    uintx AdaptiveSizePolicyWeight                 = 90                                        {product} {command line}
     intx CICompilerCount                          = 12                                        {product} {ergonomic}
    uintx GCTimeRatio                              = 4                                         {product} {command line}
   size_t InitialHeapSize                          = 104857600                                 {product} {command line}
   size_t MaxHeapSize                              = 1073741824                                {product} {command line}
   size_t MaxNewSize                               = 357564416                                 {product} {ergonomic}
   size_t MinHeapDeltaBytes                        = 524288                                    {product} {ergonomic}
   size_t MinHeapSize                              = 104857600                                 {product} {command line}
   size_t NewSize                                  = 34603008                                  {product} {ergonomic}
    uintx NonNMethodCodeHeapSize                   = 7602480                                {pd product} {ergonomic}
    uintx NonProfiledCodeHeapSize                  = 122027880                              {pd product} {ergonomic}
   size_t OldSize                                  = 70254592                                  {product} {ergonomic}
    uintx ProfiledCodeHeapSize                     = 122027880                              {pd product} {ergonomic}
    uintx ReservedCodeCacheSize                    = 251658240                              {pd product} {ergonomic}
     bool SegmentedCodeCache                       = true                                      {product} {ergonomic}
   size_t SoftMaxHeapSize                          = 1073741824                             {manageable} {ergonomic}
     bool UseCompressedClassPointers               = true                           {product lp64_product} {ergonomic}
     bool UseCompressedOops                        = true                           {product lp64_product} {ergonomic}
     bool UseLargePagesIndividualAllocation        = false                                  {pd product} {ergonomic}
     bool UseParallelGC                            = true                                      {product} {command line}

Logging:
Log output configuration:
 #0: stdout all=off uptime,level,tags
 #1: stderr all=off uptime,level,tags

Environment Variables:
PATH=C:\Users\Aditi\Downloads\WINDOWS.X64_213000_db_home\bin;C:\windows\system32;C:\windows;C:\windows\System32\Wbem;C:\windows\System32\WindowsPowerShell\v1.0\;C:\windows\System32\OpenSSH\;C:\Program Files (x86)\NVIDIA Corporation\PhysX\Common;C:\Program Files\NVIDIA Corporation\NVIDIA NvDLISR;C:\Program Files\Common Files\Autodesk Shared\;C:\Program Files (x86)\Autodesk\Backburner\;C:\Program Files\dotnet\;C:\Program Files\Microsoft SQL Server\120\Tools\Binn\;C:\TDM-GCC-32\bin;C:\Program Files\Git\cmd;C:\Program Files\Git\bin;C:\Program Files\nodejs\;C:\Program Files\Docker\Docker\resources\bin;C:\Users\Aditi\Downloads\flutter_windows_3.19.5-stable\flutter\bin;C:\Users\Aditi\AppData\Local\Microsoft\WindowsApps;C:\Users\Aditi\AppData\Local\Programs\Microsoft VS Code\bin;C:\TDM-GCC-32\bin;C:\msys64\mingw64\bin;C:\Program Files\JetBrains\IntelliJ IDEA Community Edition 2024.1\bin;;C:\Users\Aditi\Downloads\jdk-21_windows-x64_bin\jdk-21.0.2\bin;C:\Users\Aditi\Downloads\dartsdk-windows-x64-release\dart-sdk\bin;C:\Users\Aditi\AppData\Roaming\npm;C:\Program Files\JetBrains\IntelliJ IDEA 2024.3\bin;;C:\Users\Aditi\AppData\Local\Programs\Windsurf\bin
USERNAME=Aditi
OS=Windows_NT
PROCESSOR_IDENTIFIER=Intel64 Family 6 Model 154 Stepping 3, GenuineIntel
TMP=C:\Users\Aditi\AppData\Local\Temp
TEMP=C:\Users\Aditi\AppData\Local\Temp



Periodic native trim disabled


---------------  S Y S T E M  ---------------

OS:
 Windows 11 , 64 bit Build 22000 (10.0.22000.2538)
OS uptime: 0 days 11:03 hours
Hyper-V role detected

CPU: total 20 (initial active 20) (10 cores per cpu, 2 threads per core) family 6 model 154 stepping 3 microcode 0x413, cx8, cmov, fxsr, ht, mmx, 3dnowpref, sse, sse2, sse3, ssse3, sse4.1, sse4.2, popcnt, lzcnt, tsc, tscinvbit, avx, avx2, aes, erms, clmul, bmi1, bmi2, adx, sha, fma, vzeroupper, clflush, clflushopt, clwb, hv
Processor Information for processor 0
  Max Mhz: 2300, Current Mhz: 2300, Mhz Limit: 1679
Processor Information for processor 1
  Max Mhz: 2300, Current Mhz: 2300, Mhz Limit: 2300
Processor Information for processor 2
  Max Mhz: 2300, Current Mhz: 2300, Mhz Limit: 2300
Processor Information for processor 3
  Max Mhz: 2300, Current Mhz: 2300, Mhz Limit: 2300
Processor Information for processor 4
  Max Mhz: 2300, Current Mhz: 2300, Mhz Limit: 2300
Processor Information for processor 5
  Max Mhz: 2300, Current Mhz: 2300, Mhz Limit: 2300
Processor Information for processor 6
  Max Mhz: 2300, Current Mhz: 2300, Mhz Limit: 2300
Processor Information for processor 7
  Max Mhz: 2300, Current Mhz: 2300, Mhz Limit: 2300
Processor Information for processor 8
  Max Mhz: 2300, Current Mhz: 2300, Mhz Limit: 2300
Processor Information for processor 9
  Max Mhz: 2300, Current Mhz: 2300, Mhz Limit: 2300
Processor Information for processor 10
  Max Mhz: 2300, Current Mhz: 2300, Mhz Limit: 2300
Processor Information for processor 11
  Max Mhz: 2300, Current Mhz: 2300, Mhz Limit: 2300
Processor Information for processor 12
  Max Mhz: 2300, Current Mhz: 1700, Mhz Limit: 1679
Processor Information for processor 13
  Max Mhz: 2300, Current Mhz: 1700, Mhz Limit: 1679
Processor Information for processor 14
  Max Mhz: 2300, Current Mhz: 1700, Mhz Limit: 1679
Processor Information for processor 15
  Max Mhz: 2300, Current Mhz: 1700, Mhz Limit: 1679
Processor Information for processor 16
  Max Mhz: 2300, Current Mhz: 1700, Mhz Limit: 1679
Processor Information for processor 17
  Max Mhz: 2300, Current Mhz: 1700, Mhz Limit: 1679
Processor Information for processor 18
  Max Mhz: 2300, Current Mhz: 1700, Mhz Limit: 1679
Processor Information for processor 19
  Max Mhz: 2300, Current Mhz: 1700, Mhz Limit: 1679

Memory: 4k page, system-wide physical 16051M (1541M free)
TotalPageFile size 38249M (AvailPageFile size 19M)
current process WorkingSet (physical memory assigned to process): 299M, peak: 326M
current process commit charge ("private bytes"): 412M, peak: 441M

vm_info: OpenJDK 64-Bit Server VM (17.0.13+11) for windows-amd64 JRE (17.0.13+11), built on Oct 16 2024 00:10:08 by "admin" with MS VC++ 17.7 (VS2022)

END.
