#
# There is insufficient memory for the Java Runtime Environment to continue.
# Native memory allocation (malloc) failed to allocate 373936 bytes. Error detail: Chunk::new
# Possible reasons:
#   The system is out of physical RAM or swap space
#   This process is running with CompressedOops enabled, and the Java Heap may be blocking the growth of the native heap
# Possible solutions:
#   Reduce memory load on the system
#   Increase physical memory or swap space
#   Check if swap backing store is full
#   Decrease Java heap size (-Xmx/-Xms)
#   Decrease number of Java threads
#   Decrease Java thread stack sizes (-Xss)
#   Set larger code cache with -XX:ReservedCodeCacheSize=
#   JVM is running with Unscaled Compressed Oops mode in which the Java heap is
#     placed in the first 4GB address space. The Java Heap base address is the
#     maximum limit for the native heap growth. Please use -XX:HeapBaseMinAddress
#     to set the Java Heap base and to place the Java Heap above 4GB virtual address.
# This output file may be truncated or incomplete.
#
#  Out of Memory Error (arena.cpp:191), pid=2620, tid=16724
#
# JRE version: OpenJDK Runtime Environment Temurin-17.0.13+11 (17.0.13+11) (build 17.0.13+11)
# Java VM: OpenJDK 64-Bit Server VM Temurin-17.0.13+11 (17.0.13+11, mixed mode, tiered, compressed oops, compressed class ptrs, parallel gc, windows-amd64)
# No core dump will be written. Minidumps are not enabled by default on client versions of Windows
#

---------------  S U M M A R Y ------------

Command Line: --add-modules=ALL-SYSTEM --add-opens=java.base/java.util=ALL-UNNAMED --add-opens=java.base/java.lang=ALL-UNNAMED --add-opens=java.base/sun.nio.fs=ALL-UNNAMED -Declipse.application=org.eclipse.jdt.ls.core.id1 -Dosgi.bundles.defaultStartLevel=4 -Declipse.product=org.eclipse.jdt.ls.core.product -Djava.import.generatesMetadataFilesAtProjectRoot=false -DDetectVMInstallationsJob.disabled=true -Dfile.encoding=utf8 -XX:+UseParallelGC -XX:GCTimeRatio=4 -XX:AdaptiveSizePolicyWeight=90 -Dsun.zip.disableMemoryMapping=true -Xmx1G -Xms100m -Xlog:disable -javaagent:c:\Users\Aditi\.windsurf\extensions\redhat.java-1.37.0-win32-x64\lombok\lombok-1.18.34.jar -XX:+HeapDumpOnOutOfMemoryError -XX:HeapDumpPath=c:\Users\Aditi\AppData\Roaming\Windsurf\User\workspaceStorage\5a62fe60db819c467c7b9c047bd09c87\redhat.java -Daether.dependencyCollector.impl=bf c:\Users\Aditi\.windsurf\extensions\redhat.java-1.37.0-win32-x64\server\plugins\org.eclipse.equinox.launcher_1.6.900.v20240613-2009.jar -configuration c:\Users\Aditi\AppData\Roaming\Windsurf\User\globalStorage\redhat.java\1.37.0\config_win -data c:\Users\Aditi\AppData\Roaming\Windsurf\User\workspaceStorage\5a62fe60db819c467c7b9c047bd09c87\redhat.java\jdt_ws --pipe=\\.\pipe\lsp-5247d99ea24d8bb4da168c8c6e9706c4-sock

Host: 12th Gen Intel(R) Core(TM) i7-12700H, 20 cores, 15G,  Windows 11 , 64 bit Build 22000 (10.0.22000.2538)
Time: Fri Dec 13 19:39:44 2024 India Standard Time elapsed time: 2.691354 seconds (0d 0h 0m 2s)

---------------  T H R E A D  ---------------

Current thread (0x00000180390a8ba0):  JavaThread "C2 CompilerThread1" daemon [_thread_in_native, id=16724, stack(0x0000005dbd400000,0x0000005dbd500000)]


Current CompileTask:
C2:   2691 3662   !   4       java.util.jar.Attributes::read (498 bytes)

Stack: [0x0000005dbd400000,0x0000005dbd500000]
Native frames: (J=compiled Java code, j=interpreted, Vv=VM code, C=native code)
V  [jvm.dll+0x682a19]
V  [jvm.dll+0x839538]
V  [jvm.dll+0x83afe3]
V  [jvm.dll+0x83b653]
V  [jvm.dll+0x24704f]
V  [jvm.dll+0xace34]
V  [jvm.dll+0xad4cc]
V  [jvm.dll+0x2ac84f]
V  [jvm.dll+0x588a79]
V  [jvm.dll+0x220ea2]
V  [jvm.dll+0x22129f]
V  [jvm.dll+0x21a2b0]
V  [jvm.dll+0x21738b]
V  [jvm.dll+0x1a3070]
V  [jvm.dll+0x22788c]
V  [jvm.dll+0x2259eb]
V  [jvm.dll+0x7eec98]
V  [jvm.dll+0x7e8ffc]
V  [jvm.dll+0x6818f7]
C  [ucrtbase.dll+0x26c0c]
C  [KERNEL32.DLL+0x153e0]
C  [ntdll.dll+0x485b]


---------------  P R O C E S S  ---------------

Threads class SMR info:
_java_thread_list=0x000001803c5e5e00, length=28, elements={
0x000001801fccdc30, 0x000001801fd8d500, 0x0000018038eed030, 0x0000018033b6a3b0,
0x0000018033b6b040, 0x0000018033b6e380, 0x0000018038f0eae0, 0x0000018038f18fd0,
0x0000018038f22ff0, 0x0000018038f2bf10, 0x000001801fd310f0, 0x00000180390a6ff0,
0x00000180390a8ba0, 0x000001803b41b460, 0x000001803b41d990, 0x000001803b4ff950,
0x000001803bd67aa0, 0x000001803bd56740, 0x000001803be891a0, 0x000001803c0ddc00,
0x000001803c538830, 0x000001803beaae30, 0x000001803beab340, 0x000001803beabd60,
0x000001803beac270, 0x000001803beaa920, 0x000001803beacc90, 0x000001803c2e6250
}

Java Threads: ( => current thread )
  0x000001801fccdc30 JavaThread "main" [_thread_blocked, id=29764, stack(0x0000005dbc600000,0x0000005dbc700000)]
  0x000001801fd8d500 JavaThread "Reference Handler" daemon [_thread_blocked, id=3900, stack(0x0000005dbc900000,0x0000005dbca00000)]
  0x0000018038eed030 JavaThread "Finalizer" daemon [_thread_blocked, id=22588, stack(0x0000005dbca00000,0x0000005dbcb00000)]
  0x0000018033b6a3b0 JavaThread "Signal Dispatcher" daemon [_thread_blocked, id=26136, stack(0x0000005dbcb00000,0x0000005dbcc00000)]
  0x0000018033b6b040 JavaThread "Attach Listener" daemon [_thread_blocked, id=10880, stack(0x0000005dbcc00000,0x0000005dbcd00000)]
  0x0000018033b6e380 JavaThread "Service Thread" daemon [_thread_blocked, id=18920, stack(0x0000005dbcd00000,0x0000005dbce00000)]
  0x0000018038f0eae0 JavaThread "Monitor Deflation Thread" daemon [_thread_blocked, id=15452, stack(0x0000005dbce00000,0x0000005dbcf00000)]
  0x0000018038f18fd0 JavaThread "C2 CompilerThread0" daemon [_thread_in_native, id=28776, stack(0x0000005dbcf00000,0x0000005dbd000000)]
  0x0000018038f22ff0 JavaThread "C1 CompilerThread0" daemon [_thread_in_vm, id=15448, stack(0x0000005dbd000000,0x0000005dbd100000)]
  0x0000018038f2bf10 JavaThread "Sweeper thread" daemon [_thread_blocked, id=26412, stack(0x0000005dbd100000,0x0000005dbd200000)]
  0x000001801fd310f0 JavaThread "Common-Cleaner" daemon [_thread_blocked, id=28884, stack(0x0000005dbd200000,0x0000005dbd300000)]
  0x00000180390a6ff0 JavaThread "C1 CompilerThread1" daemon [_thread_blocked, id=4024, stack(0x0000005dbd300000,0x0000005dbd400000)]
=>0x00000180390a8ba0 JavaThread "C2 CompilerThread1" daemon [_thread_in_native, id=16724, stack(0x0000005dbd400000,0x0000005dbd500000)]
  0x000001803b41b460 JavaThread "C1 CompilerThread2" daemon [_thread_in_native, id=10932, stack(0x0000005dbd600000,0x0000005dbd700000)]
  0x000001803b41d990 JavaThread "C1 CompilerThread3" daemon [_thread_blocked, id=24100, stack(0x0000005dbd700000,0x0000005dbd800000)]
  0x000001803b4ff950 JavaThread "Notification Thread" daemon [_thread_blocked, id=24208, stack(0x0000005dbd800000,0x0000005dbd900000)]
  0x000001803bd67aa0 JavaThread "Active Thread: Equinox Container: 461d9c65-8bc6-4300-9c50-1cd546d235d3" [_thread_blocked, id=24768, stack(0x0000005dbdf00000,0x0000005dbe000000)]
  0x000001803bd56740 JavaThread "Refresh Thread: Equinox Container: 461d9c65-8bc6-4300-9c50-1cd546d235d3" daemon [_thread_blocked, id=27572, stack(0x0000005dbe000000,0x0000005dbe100000)]
  0x000001803be891a0 JavaThread "Framework Event Dispatcher: Equinox Container: 461d9c65-8bc6-4300-9c50-1cd546d235d3" daemon [_thread_blocked, id=2444, stack(0x0000005dbe300000,0x0000005dbe400000)]
  0x000001803c0ddc00 JavaThread "Start Level: Equinox Container: 461d9c65-8bc6-4300-9c50-1cd546d235d3" daemon [_thread_in_vm, id=18976, stack(0x0000005dbe400000,0x0000005dbe500000)]
  0x000001803c538830 JavaThread "Bundle File Closer" daemon [_thread_blocked, id=23024, stack(0x0000005dbe600000,0x0000005dbe700000)]
  0x000001803beaae30 JavaThread "SCR Component Actor" daemon [_thread_blocked, id=28528, stack(0x0000005dbe900000,0x0000005dbea00000)]
  0x000001803beab340 JavaThread "SCR Component Registry" daemon [_thread_blocked, id=3128, stack(0x0000005dbea00000,0x0000005dbeb00000)]
  0x000001803beabd60 JavaThread "Worker-JM" [_thread_blocked, id=21928, stack(0x0000005dbec00000,0x0000005dbed00000)]
  0x000001803beac270 JavaThread "JNA Cleaner" daemon [_thread_blocked, id=30460, stack(0x0000005dbd500000,0x0000005dbd600000)]
  0x000001803beaa920 JavaThread "Worker-0: Checking project encoding" [_thread_blocked, id=5572, stack(0x0000005dbed00000,0x0000005dbee00000)]
  0x000001803beacc90 JavaThread "Worker-1" [_thread_blocked, id=24432, stack(0x0000005dbee00000,0x0000005dbef00000)]
  0x000001803c2e6250 JavaThread "C2 CompilerThread2" daemon [_thread_in_native, id=18608, stack(0x0000005dbf100000,0x0000005dbf200000)]

Other Threads:
  0x000001801fd56e20 VMThread "VM Thread" [stack: 0x0000005dbc800000,0x0000005dbc900000] [id=3824]
  0x000001803b515950 WatcherThread [stack: 0x0000005dbd900000,0x0000005dbda00000] [id=25080]
  0x000001801fce3e30 GCTaskThread "GC Thread#0" [stack: 0x0000005dbc700000,0x0000005dbc800000] [id=22624]
  0x000001803bbded00 GCTaskThread "GC Thread#1" [stack: 0x0000005dbda00000,0x0000005dbdb00000] [id=9292]
  0x000001803b7d1650 GCTaskThread "GC Thread#2" [stack: 0x0000005dbdb00000,0x0000005dbdc00000] [id=12092]
  0x000001803bbdb660 GCTaskThread "GC Thread#3" [stack: 0x0000005dbdc00000,0x0000005dbdd00000] [id=7732]
  0x000001803bde42a0 GCTaskThread "GC Thread#4" [stack: 0x0000005dbdd00000,0x0000005dbde00000] [id=21232]
  0x000001803bde4560 GCTaskThread "GC Thread#5" [stack: 0x0000005dbde00000,0x0000005dbdf00000] [id=18348]
  0x000001803b696f80 GCTaskThread "GC Thread#6" [stack: 0x0000005dbe100000,0x0000005dbe200000] [id=13968]
  0x000001803bf289b0 GCTaskThread "GC Thread#7" [stack: 0x0000005dbe200000,0x0000005dbe300000] [id=24784]
  0x000001803c2da9a0 GCTaskThread "GC Thread#8" [stack: 0x0000005dbe700000,0x0000005dbe800000] [id=17600]
  0x000001803c2e74f0 GCTaskThread "GC Thread#9" [stack: 0x0000005dbe800000,0x0000005dbe900000] [id=5832]
  0x000001803be093f0 GCTaskThread "GC Thread#10" [stack: 0x0000005dbe500000,0x0000005dbe600000] [id=16232]
  0x000001803be080b0 GCTaskThread "GC Thread#11" [stack: 0x0000005dbeb00000,0x0000005dbec00000] [id=25508]
  0x000001803be08e70 GCTaskThread "GC Thread#12" [stack: 0x0000005dbef00000,0x0000005dbf000000] [id=1980]
  0x000001803be09970 GCTaskThread "GC Thread#13" [stack: 0x0000005dbf000000,0x0000005dbf100000] [id=5436]

Threads with active compile tasks:
C2 CompilerThread0     2709 3768   !   4       java.util.concurrent.ConcurrentHashMap::putVal (433 bytes)
C2 CompilerThread1     2709 3662   !   4       java.util.jar.Attributes::read (498 bytes)
C2 CompilerThread2     2709 3723   !   4       java.util.concurrent.ConcurrentHashMap::transfer (850 bytes)

VM state: not at safepoint (normal execution)

VM Mutex/Monitor currently owned by a thread: None

Heap address: 0x00000000c0000000, size: 1024 MB, Compressed Oops mode: 32-bit

CDS archive(s) not mapped
Compressed class space mapped at: 0x0000000100000000-0x0000000140000000, reserved size: 1073741824
Narrow klass base: 0x0000000000000000, Narrow klass shift: 3, Narrow klass range: 0x140000000

GC Precious Log:
 CPUs: 20 total, 20 available
 Memory: 16051M
 Large Page Support: Disabled
 NUMA Support: Disabled
 Compressed Oops: Enabled (32-bit)
 Alignments: Space 512K, Generation 512K, Heap 2M
 Heap Min Capacity: 100M
 Heap Initial Capacity: 100M
 Heap Max Capacity: 1G
 Pre-touch: Disabled
 Parallel Workers: 15

Heap:
 PSYoungGen      total 26624K, used 18492K [0x00000000eab00000, 0x00000000eca80000, 0x0000000100000000)
  eden space 25088K, 68% used [0x00000000eab00000,0x00000000ebbce348,0x00000000ec380000)
  from space 1536K, 83% used [0x00000000ec900000,0x00000000eca40e70,0x00000000eca80000)
  to   space 2560K, 0% used [0x00000000ec580000,0x00000000ec580000,0x00000000ec800000)
 ParOldGen       total 68608K, used 10546K [0x00000000c0000000, 0x00000000c4300000, 0x00000000eab00000)
  object space 68608K, 15% used [0x00000000c0000000,0x00000000c0a4c8d8,0x00000000c4300000)
 Metaspace       used 26471K, committed 27136K, reserved 1114112K
  class space    used 2690K, committed 3008K, reserved 1048576K

Card table byte_map: [0x000001801f670000,0x000001801f880000] _byte_map_base: 0x000001801f070000

Marking Bits: (ParMarkBitMap*) 0x00007ff970976940
 Begin Bits: [0x0000018031970000, 0x0000018032970000)
 End Bits:   [0x0000018032970000, 0x0000018033970000)

Polling page: 0x000001801dc90000

Metaspace:

Usage:
  Non-class:     23.22 MB used.
      Class:      2.63 MB used.
       Both:     25.85 MB used.

Virtual space:
  Non-class space:       64.00 MB reserved,      23.56 MB ( 37%) committed,  1 nodes.
      Class space:        1.00 GB reserved,       2.94 MB ( <1%) committed,  1 nodes.
             Both:        1.06 GB reserved,      26.50 MB (  2%) committed. 

Chunk freelists:
   Non-Class:  7.89 MB
       Class:  13.05 MB
        Both:  20.94 MB

MaxMetaspaceSize: unlimited
CompressedClassSpaceSize: 1.00 GB
Initial GC threshold: 21.00 MB
Current GC threshold: 35.00 MB
CDS: off
MetaspaceReclaimPolicy: balanced
 - commit_granule_bytes: 65536.
 - commit_granule_words: 8192.
 - virtual_space_node_default_size: 8388608.
 - enlarge_chunks_in_place: 1.
 - new_chunks_are_fully_committed: 0.
 - uncommit_free_chunks: 1.
 - use_allocation_guard: 0.
 - handle_deallocations: 1.


Internal statistics:

num_allocs_failed_limit: 3.
num_arena_births: 326.
num_arena_deaths: 0.
num_vsnodes_births: 2.
num_vsnodes_deaths: 0.
num_space_committed: 424.
num_space_uncommitted: 0.
num_chunks_returned_to_freelist: 3.
num_chunks_taken_from_freelist: 1030.
num_chunk_merges: 3.
num_chunk_splits: 663.
num_chunks_enlarged: 465.
num_inconsistent_stats: 0.

CodeHeap 'non-profiled nmethods': size=119168Kb used=1460Kb max_used=1460Kb free=117708Kb
 bounds [0x000001802a510000, 0x000001802a780000, 0x0000018031970000]
CodeHeap 'profiled nmethods': size=119104Kb used=7902Kb max_used=7902Kb free=111201Kb
 bounds [0x0000018022970000, 0x0000018023130000, 0x0000018029dc0000]
CodeHeap 'non-nmethods': size=7488Kb used=2898Kb max_used=2917Kb free=4589Kb
 bounds [0x0000018029dc0000, 0x000001802a0a0000, 0x000001802a510000]
 total_blobs=4279 nmethods=3767 adapters=422
 compilation: enabled
              stopped_count=0, restarted_count=0
 full_count=0

Compilation events (20 events):
Event: 2.670 Thread 0x0000018038f22ff0 3685       3       jdk.internal.ref.PhantomCleanable::clear (12 bytes)
Event: 2.670 Thread 0x0000018038f22ff0 nmethod 3685 0x00000180230ee690 code [0x00000180230ee840, 0x00000180230eea38]
Event: 2.671 Thread 0x0000018038f18fd0 nmethod 3661 0x000001802a675910 code [0x000001802a675aa0, 0x000001802a675c58]
Event: 2.671 Thread 0x0000018038f18fd0 3667       4       java.lang.String::substring (10 bytes)
Event: 2.671 Thread 0x0000018038f22ff0 3686       3       java.util.EventObject::<init> (24 bytes)
Event: 2.672 Thread 0x0000018038f22ff0 nmethod 3686 0x00000180230eeb10 code [0x00000180230eecc0, 0x00000180230eef48]
Event: 2.672 Thread 0x00000180390a6ff0 3687       3       org.eclipse.core.internal.preferences.EclipsePreferences::internalNode (153 bytes)
Event: 2.672 Thread 0x000001803b41b460 3688       3       org.eclipse.core.internal.preferences.EclipsePreferences::parent (9 bytes)
Event: 2.672 Thread 0x000001803b41b460 nmethod 3688 0x00000180230ef090 code [0x00000180230ef260, 0x00000180230ef638]
Event: 2.673 Thread 0x00000180390a6ff0 nmethod 3687 0x00000180230ef810 code [0x00000180230efc40, 0x00000180230f1dd8]
Event: 2.674 Thread 0x0000018038f18fd0 nmethod 3667 0x000001802a675d90 code [0x000001802a675f40, 0x000001802a6763a8]
Event: 2.677 Thread 0x00000180390a6ff0 3689   !   3       org.eclipse.osgi.internal.serviceregistry.ServiceRegistrationImpl::getReferenceImpl (57 bytes)
Event: 2.679 Thread 0x00000180390a6ff0 nmethod 3689 0x00000180230f2910 code [0x00000180230f2b80, 0x00000180230f3548]
Event: 2.679 Thread 0x00000180390a6ff0 3690       1       org.apache.felix.scr.impl.metadata.ReferenceMetadata::isMultiple (5 bytes)
Event: 2.679 Thread 0x00000180390a6ff0 nmethod 3690 0x000001802a676610 code [0x000001802a6767a0, 0x000001802a676878]
Event: 2.681 Thread 0x00000180390a6ff0 3691       1       org.apache.felix.scr.impl.inject.BaseParameter::getComponentContext (5 bytes)
Event: 2.681 Thread 0x00000180390a6ff0 nmethod 3691 0x000001802a676910 code [0x000001802a676aa0, 0x000001802a676b78]
Event: 2.682 Thread 0x0000018038f18fd0 3692       4       java.util.Collections$EmptyList::iterator (4 bytes)
Event: 2.682 Thread 0x0000018038f18fd0 nmethod 3692 0x000001802a676c10 code [0x000001802a676d80, 0x000001802a676df8]
Event: 2.689 Thread 0x0000018038f18fd0 3693   !   4       org.eclipse.osgi.storage.bundlefile.CloseableBundleFile::lockOpen (113 bytes)

GC Heap History (14 events):
Event: 0.682 GC heap before
{Heap before GC invocations=1 (full 0):
 PSYoungGen      total 29696K, used 25600K [0x00000000eab00000, 0x00000000ecc00000, 0x0000000100000000)
  eden space 25600K, 100% used [0x00000000eab00000,0x00000000ec400000,0x00000000ec400000)
  from space 4096K, 0% used [0x00000000ec800000,0x00000000ec800000,0x00000000ecc00000)
  to   space 4096K, 0% used [0x00000000ec400000,0x00000000ec400000,0x00000000ec800000)
 ParOldGen       total 68608K, used 0K [0x00000000c0000000, 0x00000000c4300000, 0x00000000eab00000)
  object space 68608K, 0% used [0x00000000c0000000,0x00000000c0000000,0x00000000c4300000)
 Metaspace       used 10602K, committed 10752K, reserved 1114112K
  class space    used 1057K, committed 1152K, reserved 1048576K
}
Event: 0.687 GC heap after
{Heap after GC invocations=1 (full 0):
 PSYoungGen      total 29696K, used 3069K [0x00000000eab00000, 0x00000000ecc00000, 0x0000000100000000)
  eden space 25600K, 0% used [0x00000000eab00000,0x00000000eab00000,0x00000000ec400000)
  from space 4096K, 74% used [0x00000000ec400000,0x00000000ec6ff7c8,0x00000000ec800000)
  to   space 4096K, 0% used [0x00000000ec800000,0x00000000ec800000,0x00000000ecc00000)
 ParOldGen       total 68608K, used 16K [0x00000000c0000000, 0x00000000c4300000, 0x00000000eab00000)
  object space 68608K, 0% used [0x00000000c0000000,0x00000000c0004000,0x00000000c4300000)
 Metaspace       used 10602K, committed 10752K, reserved 1114112K
  class space    used 1057K, committed 1152K, reserved 1048576K
}
Event: 1.168 GC heap before
{Heap before GC invocations=2 (full 0):
 PSYoungGen      total 29696K, used 28669K [0x00000000eab00000, 0x00000000ecc00000, 0x0000000100000000)
  eden space 25600K, 100% used [0x00000000eab00000,0x00000000ec400000,0x00000000ec400000)
  from space 4096K, 74% used [0x00000000ec400000,0x00000000ec6ff7c8,0x00000000ec800000)
  to   space 4096K, 0% used [0x00000000ec800000,0x00000000ec800000,0x00000000ecc00000)
 ParOldGen       total 68608K, used 16K [0x00000000c0000000, 0x00000000c4300000, 0x00000000eab00000)
  object space 68608K, 0% used [0x00000000c0000000,0x00000000c0004000,0x00000000c4300000)
 Metaspace       used 14208K, committed 14400K, reserved 1114112K
  class space    used 1407K, committed 1472K, reserved 1048576K
}
Event: 1.173 GC heap after
{Heap after GC invocations=2 (full 0):
 PSYoungGen      total 29696K, used 4067K [0x00000000eab00000, 0x00000000ecc00000, 0x0000000100000000)
  eden space 25600K, 0% used [0x00000000eab00000,0x00000000eab00000,0x00000000ec400000)
  from space 4096K, 99% used [0x00000000ec800000,0x00000000ecbf8ff0,0x00000000ecc00000)
  to   space 4096K, 0% used [0x00000000ec400000,0x00000000ec400000,0x00000000ec800000)
 ParOldGen       total 68608K, used 1567K [0x00000000c0000000, 0x00000000c4300000, 0x00000000eab00000)
  object space 68608K, 2% used [0x00000000c0000000,0x00000000c0187c10,0x00000000c4300000)
 Metaspace       used 14208K, committed 14400K, reserved 1114112K
  class space    used 1407K, committed 1472K, reserved 1048576K
}
Event: 1.528 GC heap before
{Heap before GC invocations=3 (full 0):
 PSYoungGen      total 29696K, used 29667K [0x00000000eab00000, 0x00000000ecc00000, 0x0000000100000000)
  eden space 25600K, 100% used [0x00000000eab00000,0x00000000ec400000,0x00000000ec400000)
  from space 4096K, 99% used [0x00000000ec800000,0x00000000ecbf8ff0,0x00000000ecc00000)
  to   space 4096K, 0% used [0x00000000ec400000,0x00000000ec400000,0x00000000ec800000)
 ParOldGen       total 68608K, used 1567K [0x00000000c0000000, 0x00000000c4300000, 0x00000000eab00000)
  object space 68608K, 2% used [0x00000000c0000000,0x00000000c0187c10,0x00000000c4300000)
 Metaspace       used 16282K, committed 16512K, reserved 1114112K
  class space    used 1637K, committed 1728K, reserved 1048576K
}
Event: 1.534 GC heap after
{Heap after GC invocations=3 (full 0):
 PSYoungGen      total 29696K, used 4088K [0x00000000eab00000, 0x00000000ecc00000, 0x0000000100000000)
  eden space 25600K, 0% used [0x00000000eab00000,0x00000000eab00000,0x00000000ec400000)
  from space 4096K, 99% used [0x00000000ec400000,0x00000000ec7fe128,0x00000000ec800000)
  to   space 4096K, 0% used [0x00000000ec800000,0x00000000ec800000,0x00000000ecc00000)
 ParOldGen       total 68608K, used 5598K [0x00000000c0000000, 0x00000000c4300000, 0x00000000eab00000)
  object space 68608K, 8% used [0x00000000c0000000,0x00000000c0577a18,0x00000000c4300000)
 Metaspace       used 16282K, committed 16512K, reserved 1114112K
  class space    used 1637K, committed 1728K, reserved 1048576K
}
Event: 1.894 GC heap before
{Heap before GC invocations=4 (full 0):
 PSYoungGen      total 29696K, used 29688K [0x00000000eab00000, 0x00000000ecc00000, 0x0000000100000000)
  eden space 25600K, 100% used [0x00000000eab00000,0x00000000ec400000,0x00000000ec400000)
  from space 4096K, 99% used [0x00000000ec400000,0x00000000ec7fe128,0x00000000ec800000)
  to   space 4096K, 0% used [0x00000000ec800000,0x00000000ec800000,0x00000000ecc00000)
 ParOldGen       total 68608K, used 5598K [0x00000000c0000000, 0x00000000c4300000, 0x00000000eab00000)
  object space 68608K, 8% used [0x00000000c0000000,0x00000000c0577a18,0x00000000c4300000)
 Metaspace       used 19564K, committed 19904K, reserved 1114112K
  class space    used 1969K, committed 2112K, reserved 1048576K
}
Event: 1.899 GC heap after
{Heap after GC invocations=4 (full 0):
 PSYoungGen      total 29696K, used 4084K [0x00000000eab00000, 0x00000000ecc00000, 0x0000000100000000)
  eden space 25600K, 0% used [0x00000000eab00000,0x00000000eab00000,0x00000000ec400000)
  from space 4096K, 99% used [0x00000000ec800000,0x00000000ecbfd258,0x00000000ecc00000)
  to   space 4096K, 0% used [0x00000000ec400000,0x00000000ec400000,0x00000000ec800000)
 ParOldGen       total 68608K, used 6499K [0x00000000c0000000, 0x00000000c4300000, 0x00000000eab00000)
  object space 68608K, 9% used [0x00000000c0000000,0x00000000c0658cb8,0x00000000c4300000)
 Metaspace       used 19564K, committed 19904K, reserved 1114112K
  class space    used 1969K, committed 2112K, reserved 1048576K
}
Event: 2.039 GC heap before
{Heap before GC invocations=5 (full 0):
 PSYoungGen      total 29696K, used 14295K [0x00000000eab00000, 0x00000000ecc00000, 0x0000000100000000)
  eden space 25600K, 39% used [0x00000000eab00000,0x00000000eb4f8c08,0x00000000ec400000)
  from space 4096K, 99% used [0x00000000ec800000,0x00000000ecbfd258,0x00000000ecc00000)
  to   space 4096K, 0% used [0x00000000ec400000,0x00000000ec400000,0x00000000ec800000)
 ParOldGen       total 68608K, used 6499K [0x00000000c0000000, 0x00000000c4300000, 0x00000000eab00000)
  object space 68608K, 9% used [0x00000000c0000000,0x00000000c0658cb8,0x00000000c4300000)
 Metaspace       used 21092K, committed 21504K, reserved 1114112K
  class space    used 2114K, committed 2304K, reserved 1048576K
}
Event: 2.041 GC heap after
{Heap after GC invocations=5 (full 0):
 PSYoungGen      total 29696K, used 4084K [0x00000000eab00000, 0x00000000ece00000, 0x0000000100000000)
  eden space 25600K, 0% used [0x00000000eab00000,0x00000000eab00000,0x00000000ec400000)
  from space 4096K, 99% used [0x00000000ec400000,0x00000000ec7fd340,0x00000000ec800000)
  to   space 5120K, 0% used [0x00000000ec900000,0x00000000ec900000,0x00000000ece00000)
 ParOldGen       total 68608K, used 6899K [0x00000000c0000000, 0x00000000c4300000, 0x00000000eab00000)
  object space 68608K, 10% used [0x00000000c0000000,0x00000000c06bcf48,0x00000000c4300000)
 Metaspace       used 21092K, committed 21504K, reserved 1114112K
  class space    used 2114K, committed 2304K, reserved 1048576K
}
Event: 2.041 GC heap before
{Heap before GC invocations=6 (full 1):
 PSYoungGen      total 29696K, used 4084K [0x00000000eab00000, 0x00000000ece00000, 0x0000000100000000)
  eden space 25600K, 0% used [0x00000000eab00000,0x00000000eab00000,0x00000000ec400000)
  from space 4096K, 99% used [0x00000000ec400000,0x00000000ec7fd340,0x00000000ec800000)
  to   space 5120K, 0% used [0x00000000ec900000,0x00000000ec900000,0x00000000ece00000)
 ParOldGen       total 68608K, used 6899K [0x00000000c0000000, 0x00000000c4300000, 0x00000000eab00000)
  object space 68608K, 10% used [0x00000000c0000000,0x00000000c06bcf48,0x00000000c4300000)
 Metaspace       used 21092K, committed 21504K, reserved 1114112K
  class space    used 2114K, committed 2304K, reserved 1048576K
}
Event: 2.060 GC heap after
{Heap after GC invocations=6 (full 1):
 PSYoungGen      total 29696K, used 0K [0x00000000eab00000, 0x00000000ece00000, 0x0000000100000000)
  eden space 25600K, 0% used [0x00000000eab00000,0x00000000eab00000,0x00000000ec400000)
  from space 4096K, 0% used [0x00000000ec400000,0x00000000ec400000,0x00000000ec800000)
  to   space 5120K, 0% used [0x00000000ec900000,0x00000000ec900000,0x00000000ece00000)
 ParOldGen       total 68608K, used 10538K [0x00000000c0000000, 0x00000000c4300000, 0x00000000eab00000)
  object space 68608K, 15% used [0x00000000c0000000,0x00000000c0a4a8d8,0x00000000c4300000)
 Metaspace       used 21092K, committed 21504K, reserved 1114112K
  class space    used 2114K, committed 2304K, reserved 1048576K
}
Event: 2.557 GC heap before
{Heap before GC invocations=7 (full 1):
 PSYoungGen      total 29696K, used 25600K [0x00000000eab00000, 0x00000000ece00000, 0x0000000100000000)
  eden space 25600K, 100% used [0x00000000eab00000,0x00000000ec400000,0x00000000ec400000)
  from space 4096K, 0% used [0x00000000ec400000,0x00000000ec400000,0x00000000ec800000)
  to   space 5120K, 0% used [0x00000000ec900000,0x00000000ec900000,0x00000000ece00000)
 ParOldGen       total 68608K, used 10538K [0x00000000c0000000, 0x00000000c4300000, 0x00000000eab00000)
  object space 68608K, 15% used [0x00000000c0000000,0x00000000c0a4a8d8,0x00000000c4300000)
 Metaspace       used 24992K, committed 25536K, reserved 1114112K
  class space    used 2528K, committed 2752K, reserved 1048576K
}
Event: 2.559 GC heap after
{Heap after GC invocations=7 (full 1):
 PSYoungGen      total 26624K, used 1283K [0x00000000eab00000, 0x00000000eca80000, 0x0000000100000000)
  eden space 25088K, 0% used [0x00000000eab00000,0x00000000eab00000,0x00000000ec380000)
  from space 1536K, 83% used [0x00000000ec900000,0x00000000eca40e70,0x00000000eca80000)
  to   space 2560K, 0% used [0x00000000ec580000,0x00000000ec580000,0x00000000ec800000)
 ParOldGen       total 68608K, used 10546K [0x00000000c0000000, 0x00000000c4300000, 0x00000000eab00000)
  object space 68608K, 15% used [0x00000000c0000000,0x00000000c0a4c8d8,0x00000000c4300000)
 Metaspace       used 24992K, committed 25536K, reserved 1114112K
  class space    used 2528K, committed 2752K, reserved 1048576K
}

Dll operation events (10 events):
Event: 0.008 Loaded shared library c:\Users\Aditi\.windsurf\extensions\redhat.java-1.37.0-win32-x64\jre\17.0.13-win32-x86_64\bin\java.dll
Event: 0.135 Loaded shared library c:\Users\Aditi\.windsurf\extensions\redhat.java-1.37.0-win32-x64\jre\17.0.13-win32-x86_64\bin\zip.dll
Event: 0.138 Loaded shared library C:\Users\Aditi\.windsurf\extensions\redhat.java-1.37.0-win32-x64\jre\17.0.13-win32-x86_64\bin\instrument.dll
Event: 0.149 Loaded shared library C:\Users\Aditi\.windsurf\extensions\redhat.java-1.37.0-win32-x64\jre\17.0.13-win32-x86_64\bin\net.dll
Event: 0.152 Loaded shared library C:\Users\Aditi\.windsurf\extensions\redhat.java-1.37.0-win32-x64\jre\17.0.13-win32-x86_64\bin\nio.dll
Event: 0.158 Loaded shared library C:\Users\Aditi\.windsurf\extensions\redhat.java-1.37.0-win32-x64\jre\17.0.13-win32-x86_64\bin\zip.dll
Event: 0.170 Loaded shared library C:\Users\Aditi\.windsurf\extensions\redhat.java-1.37.0-win32-x64\jre\17.0.13-win32-x86_64\bin\jimage.dll
Event: 0.221 Loaded shared library c:\Users\Aditi\.windsurf\extensions\redhat.java-1.37.0-win32-x64\jre\17.0.13-win32-x86_64\bin\verify.dll
Event: 1.149 Loaded shared library C:\Users\Aditi\AppData\Roaming\Windsurf\User\globalStorage\redhat.java\1.37.0\config_win\org.eclipse.equinox.launcher\org.eclipse.equinox.launcher.win32.win32.x86_64_1.2.1100.v20240722-2106\eclipse_11904.dll
Event: 2.405 Loaded shared library C:\Users\Aditi\AppData\Local\Temp\jna-63112571\jna12164345248128131322.dll

Deoptimization events (20 events):
Event: 2.215 Thread 0x000001803c0ddc00 DEOPT PACKING pc=0x000001802a61f058 sp=0x0000005dbe4f9610
Event: 2.215 Thread 0x000001803c0ddc00 DEOPT UNPACKING pc=0x0000018029e166a3 sp=0x0000005dbe4f9598 mode 2
Event: 2.237 Thread 0x000001803c0ddc00 Uncommon trap: trap_request=0xffffff45 fr.pc=0x000001802a555ff8 relative=0x0000000000000678
Event: 2.237 Thread 0x000001803c0ddc00 Uncommon trap: reason=unstable_if action=reinterpret pc=0x000001802a555ff8 method=java.lang.String.replace(Ljava/lang/CharSequence;Ljava/lang/CharSequence;)Ljava/lang/String; @ 42 c2
Event: 2.237 Thread 0x000001803c0ddc00 DEOPT PACKING pc=0x000001802a555ff8 sp=0x0000005dbe4f7a40
Event: 2.237 Thread 0x000001803c0ddc00 DEOPT UNPACKING pc=0x0000018029e166a3 sp=0x0000005dbe4f79d0 mode 2
Event: 2.475 Thread 0x000001803beaa920 Uncommon trap: trap_request=0xffffff45 fr.pc=0x000001802a63cd38 relative=0x00000000000000b8
Event: 2.475 Thread 0x000001803beaa920 Uncommon trap: reason=unstable_if action=reinterpret pc=0x000001802a63cd38 method=java.util.concurrent.locks.ReentrantLock$NonfairSync.initialTryLock()Z @ 25 c2
Event: 2.475 Thread 0x000001803beaa920 DEOPT PACKING pc=0x000001802a63cd38 sp=0x0000005dbedfe000
Event: 2.475 Thread 0x000001803beaa920 DEOPT UNPACKING pc=0x0000018029e166a3 sp=0x0000005dbedfdf80 mode 2
Event: 2.580 Thread 0x000001803c0ddc00 Uncommon trap: trap_request=0xffffff45 fr.pc=0x000001802a62fa3c relative=0x000000000000021c
Event: 2.580 Thread 0x000001803c0ddc00 Uncommon trap: reason=unstable_if action=reinterpret pc=0x000001802a62fa3c method=java.util.WeakHashMap.expungeStaleEntries()V @ 9 c2
Event: 2.580 Thread 0x000001803c0ddc00 DEOPT PACKING pc=0x000001802a62fa3c sp=0x0000005dbe4f3e80
Event: 2.580 Thread 0x000001803c0ddc00 DEOPT UNPACKING pc=0x0000018029e166a3 sp=0x0000005dbe4f3e18 mode 2
Event: 2.636 Thread 0x000001803c0ddc00 DEOPT PACKING pc=0x0000018022c51064 sp=0x0000005dbe4f0760
Event: 2.636 Thread 0x000001803c0ddc00 DEOPT UNPACKING pc=0x0000018029e16e43 sp=0x0000005dbe4efce0 mode 0
Event: 2.664 Thread 0x000001803c0ddc00 Uncommon trap: trap_request=0xffffffc6 fr.pc=0x000001802a604c8c relative=0x0000000000000dec
Event: 2.664 Thread 0x000001803c0ddc00 Uncommon trap: reason=bimorphic_or_optimized_type_check action=maybe_recompile pc=0x000001802a604c8c method=java.util.Properties$LineReader.readLine()I @ 479 c2
Event: 2.664 Thread 0x000001803c0ddc00 DEOPT PACKING pc=0x000001802a604c8c sp=0x0000005dbe4f24a0
Event: 2.664 Thread 0x000001803c0ddc00 DEOPT UNPACKING pc=0x0000018029e166a3 sp=0x0000005dbe4f2430 mode 2

Classes loaded (20 events):
Event: 2.578 Loading class java/security/AccessControlException
Event: 2.578 Loading class java/security/AccessControlException done
Event: 2.605 Loading class java/security/Policy$UnsupportedEmptyCollection
Event: 2.605 Loading class java/security/Policy$UnsupportedEmptyCollection done
Event: 2.605 Loading class java/security/Policy$PolicyInfo
Event: 2.605 Loading class java/security/Policy$PolicyInfo done
Event: 2.664 Loading class java/text/MessageFormat
Event: 2.664 Loading class java/text/Format
Event: 2.664 Loading class java/text/Format done
Event: 2.664 Loading class java/text/MessageFormat done
Event: 2.665 Loading class java/text/FieldPosition
Event: 2.665 Loading class java/text/FieldPosition done
Event: 2.665 Loading class java/text/MessageFormat$Field
Event: 2.665 Loading class java/text/Format$Field
Event: 2.665 Loading class java/text/AttributedCharacterIterator$Attribute
Event: 2.665 Loading class java/text/AttributedCharacterIterator$Attribute done
Event: 2.665 Loading class java/text/Format$Field done
Event: 2.665 Loading class java/text/MessageFormat$Field done
Event: 2.665 Loading class java/lang/StackTraceElement$HashedModules
Event: 2.665 Loading class java/lang/StackTraceElement$HashedModules done

Classes unloaded (0 events):
No events

Classes redefined (0 events):
No events

Internal exceptions (20 events):
Event: 2.100 Thread 0x000001803c0ddc00 Exception <a 'java/lang/NoSuchMethodError'{0x00000000eaea2f30}: 'java.lang.Object java.lang.invoke.DirectMethodHandle$Holder.invokeStatic(java.lang.Object, java.lang.Object, java.lang.Object, java.lang.Object, int)'> (0x00000000eaea2f30) 
thrown [s\src\hotspot\share\interpreter\linkResolver.cpp, line 759]
Event: 2.101 Thread 0x000001803c0ddc00 Exception <a 'java/lang/NoSuchMethodError'{0x00000000eaeaef28}: 'java.lang.Object java.lang.invoke.DelegatingMethodHandle$Holder.reinvoke_L(java.lang.Object, java.lang.Object, java.lang.Object, java.lang.Object, int, int)'> (0x00000000eaeaef28) 
thrown [s\src\hotspot\share\interpreter\linkResolver.cpp, line 759]
Event: 2.102 Thread 0x000001803c0ddc00 Exception <a 'java/lang/NoSuchMethodError'{0x00000000eaec3348}: 'java.lang.Object java.lang.invoke.Invokers$Holder.invokeExact_MT(java.lang.Object, java.lang.Object, java.lang.Object, java.lang.Object)'> (0x00000000eaec3348) 
thrown [s\src\hotspot\share\interpreter\linkResolver.cpp, line 759]
Event: 2.137 Thread 0x000001803c0ddc00 Exception <a 'java/io/FileNotFoundException'{0x00000000eb132f78}> (0x00000000eb132f78) 
thrown [s\src\hotspot\share\prims\jni.cpp, line 516]
Event: 2.138 Thread 0x000001803c0ddc00 Exception <a 'java/io/FileNotFoundException'{0x00000000eb152828}> (0x00000000eb152828) 
thrown [s\src\hotspot\share\prims\jni.cpp, line 516]
Event: 2.169 Thread 0x000001803c0ddc00 Exception <a 'java/lang/NoSuchMethodError'{0x00000000eb427740}: 'java.lang.Object java.lang.invoke.DirectMethodHandle$Holder.newInvokeSpecial(java.lang.Object, java.lang.Object, java.lang.Object, java.lang.Object, java.lang.Object)'> (0x00000000eb427740) 
thrown [s\src\hotspot\share\interpreter\linkResolver.cpp, line 759]
Event: 2.202 Thread 0x000001803c0ddc00 Exception <a 'java/lang/NoSuchMethodError'{0x00000000eb5c55e0}: 'java.lang.Object java.lang.invoke.DirectMethodHandle$Holder.invokeStaticInit(java.lang.Object, int)'> (0x00000000eb5c55e0) 
thrown [s\src\hotspot\share\interpreter\linkResolver.cpp, line 759]
Event: 2.241 Thread 0x000001803c0ddc00 Exception <a 'java/lang/NoSuchMethodError'{0x00000000eb841bb8}: 'java.lang.Object java.lang.invoke.DirectMethodHandle$Holder.invokeStaticInit(java.lang.Object, int, int, int, int)'> (0x00000000eb841bb8) 
thrown [s\src\hotspot\share\interpreter\linkResolver.cpp, line 759]
Event: 2.327 Thread 0x000001803c0ddc00 Exception <a 'java/lang/NoSuchMethodError'{0x00000000eb8fb918}: 'java.lang.Object java.lang.invoke.DirectMethodHandle$Holder.invokeStaticInit(java.lang.Object, java.lang.Object, int, int, int, int)'> (0x00000000eb8fb918) 
thrown [s\src\hotspot\share\interpreter\linkResolver.cpp, line 759]
Event: 2.445 Thread 0x000001803c0ddc00 Exception <a 'java/lang/NoSuchMethodError'{0x00000000ebc1a498}: 'java.lang.Object java.lang.invoke.DirectMethodHandle$Holder.invokeSpecial(java.lang.Object, java.lang.Object, java.lang.Object, long, java.lang.Object)'> (0x00000000ebc1a498) 
thrown [s\src\hotspot\share\interpreter\linkResolver.cpp, line 759]
Event: 2.445 Thread 0x000001803c0ddc00 Exception <a 'java/lang/NoSuchMethodError'{0x00000000ebc22650}: 'java.lang.Object java.lang.invoke.DirectMethodHandle$Holder.newInvokeSpecial(java.lang.Object, java.lang.Object, java.lang.Object, long)'> (0x00000000ebc22650) 
thrown [s\src\hotspot\share\interpreter\linkResolver.cpp, line 759]
Event: 2.445 Thread 0x000001803c0ddc00 Exception <a 'java/lang/NoSuchMethodError'{0x00000000ebc26bf0}: 'java.lang.Object java.lang.invoke.DirectMethodHandle$Holder.invokeSpecial(java.lang.Object, java.lang.Object, java.lang.Object, java.lang.Object, long)'> (0x00000000ebc26bf0) 
thrown [s\src\hotspot\share\interpreter\linkResolver.cpp, line 759]
Event: 2.446 Thread 0x000001803c0ddc00 Exception <a 'java/lang/NoSuchMethodError'{0x00000000ebc2aa68}: 'java.lang.Object java.lang.invoke.Invokers$Holder.linkToTargetMethod(java.lang.Object, java.lang.Object, long, java.lang.Object)'> (0x00000000ebc2aa68) 
thrown [s\src\hotspot\share\interpreter\linkResolver.cpp, line 759]
Event: 2.455 Thread 0x000001803c0ddc00 Exception <a 'java/lang/NoSuchMethodError'{0x00000000ebca4c08}: 'int java.lang.invoke.DirectMethodHandle$Holder.invokeStaticInit(java.lang.Object, java.lang.Object, java.lang.Object)'> (0x00000000ebca4c08) 
thrown [s\src\hotspot\share\interpreter\linkResolver.cpp, line 759]
Event: 2.469 Thread 0x000001803c0ddc00 Exception <a 'java/lang/IncompatibleClassChangeError'{0x00000000ebd5c1b8}: Found class java.lang.Object, but interface was expected> (0x00000000ebd5c1b8) 
thrown [s\src\hotspot\share\interpreter\linkResolver.cpp, line 826]
Event: 2.472 Thread 0x000001803c0ddc00 Exception <a 'java/lang/NoSuchMethodError'{0x00000000ebd6c088}: 'java.lang.Object java.lang.invoke.DirectMethodHandle$Holder.invokeSpecial(java.lang.Object, java.lang.Object, java.lang.Object, int, java.lang.Object, java.lang.Object)'> (0x00000000ebd6c088) 
thrown [s\src\hotspot\share\interpreter\linkResolver.cpp, line 759]
Event: 2.473 Thread 0x000001803c0ddc00 Exception <a 'java/lang/NoSuchMethodError'{0x00000000ebd74780}: 'java.lang.Object java.lang.invoke.DirectMethodHandle$Holder.newInvokeSpecial(java.lang.Object, java.lang.Object, java.lang.Object, int, java.lang.Object)'> (0x00000000ebd74780) 
thrown [s\src\hotspot\share\interpreter\linkResolver.cpp, line 759]
Event: 2.473 Thread 0x000001803c0ddc00 Exception <a 'java/lang/NoSuchMethodError'{0x00000000ebd78bd8}: 'java.lang.Object java.lang.invoke.DirectMethodHandle$Holder.invokeSpecial(java.lang.Object, java.lang.Object, java.lang.Object, java.lang.Object, int, java.lang.Object)'> (0x00000000ebd78bd8) 
thrown [s\src\hotspot\share\interpreter\linkResolver.cpp, line 759]
Event: 2.474 Thread 0x000001803beaa920 Exception <a 'java/lang/NoSuchMethodError'{0x00000000ebc69da0}: 'java.lang.Object java.lang.invoke.DirectMethodHandle$Holder.invokeSpecial(java.lang.Object, java.lang.Object, int, java.lang.Object, java.lang.Object)'> (0x00000000ebc69da0) 
thrown [s\src\hotspot\share\interpreter\linkResolver.cpp, line 759]
Event: 2.620 Thread 0x000001803c0ddc00 Exception <a 'java/lang/NoSuchMethodError'{0x00000000eb0dc190}: 'java.lang.Object java.lang.invoke.Invokers$Holder.linkToTargetMethod(java.lang.Object, long, java.lang.Object, java.lang.Object)'> (0x00000000eb0dc190) 
thrown [s\src\hotspot\share\interpreter\linkResolver.cpp, line 759]

VM Operations (20 events):
Event: 2.146 Executing VM operation: HandshakeAllThreads
Event: 2.146 Executing VM operation: HandshakeAllThreads done
Event: 2.212 Executing VM operation: HandshakeAllThreads
Event: 2.212 Executing VM operation: HandshakeAllThreads done
Event: 2.255 Executing VM operation: HandshakeAllThreads
Event: 2.255 Executing VM operation: HandshakeAllThreads done
Event: 2.325 Executing VM operation: HandshakeAllThreads
Event: 2.325 Executing VM operation: HandshakeAllThreads done
Event: 2.413 Executing VM operation: HandshakeAllThreads
Event: 2.413 Executing VM operation: HandshakeAllThreads done
Event: 2.525 Executing VM operation: HandshakeAllThreads
Event: 2.525 Executing VM operation: HandshakeAllThreads done
Event: 2.553 Executing VM operation: HandshakeAllThreads
Event: 2.553 Executing VM operation: HandshakeAllThreads done
Event: 2.557 Executing VM operation: ParallelGCFailedAllocation
Event: 2.559 Executing VM operation: ParallelGCFailedAllocation done
Event: 2.561 Executing VM operation: HandshakeAllThreads
Event: 2.561 Executing VM operation: HandshakeAllThreads done
Event: 2.578 Executing VM operation: HandshakeAllThreads
Event: 2.578 Executing VM operation: HandshakeAllThreads done

Memory protections (0 events):
No events

Nmethod flushes (0 events):
No events

Events (20 events):
Event: 0.127 Thread 0x0000018038f22ff0 Thread added: 0x00000180390a8ba0
Event: 0.127 Thread 0x0000018038f22ff0 Thread added: 0x00000180390a90c0
Event: 0.177 Thread 0x00000180390a6ff0 Thread added: 0x000001803b41b460
Event: 0.178 Thread 0x0000018038f22ff0 Thread added: 0x000001803b41d990
Event: 0.305 Thread 0x000001801fccdc30 Thread added: 0x000001803b4ff950
Event: 0.998 Thread 0x000001801fccdc30 Thread added: 0x000001803bd67aa0
Event: 1.146 Thread 0x000001801fccdc30 Thread added: 0x000001803bd56740
Event: 1.181 Thread 0x000001803bd56740 Thread added: 0x000001803be891a0
Event: 1.184 Thread 0x000001801fccdc30 Thread added: 0x000001803c0ddc00
Event: 1.326 Thread 0x000001803b41d990 Thread added: 0x000001803bcac420
Event: 1.447 Thread 0x000001803c0ddc00 Thread added: 0x000001803c538830
Event: 1.617 Thread 0x000001803c0ddc00 Thread added: 0x000001803beaae30
Event: 1.718 Thread 0x000001803c0ddc00 Thread added: 0x000001803beab340
Event: 1.732 Thread 0x000001803bcac420 Thread exited: 0x000001803bcac420
Event: 2.029 Thread 0x000001803c0ddc00 Thread added: 0x000001803beabd60
Event: 2.325 Thread 0x00000180390a90c0 Thread exited: 0x00000180390a90c0
Event: 2.425 Thread 0x000001803c0ddc00 Thread added: 0x000001803beac270
Event: 2.450 Thread 0x000001803c0ddc00 Thread added: 0x000001803beaa920
Event: 2.475 Thread 0x000001803c0ddc00 Thread added: 0x000001803beacc90
Event: 2.665 Thread 0x00000180390a8ba0 Thread added: 0x000001803c2e6250


Dynamic libraries:
0x00007ff7c8850000 - 0x00007ff7c885e000 	c:\Users\Aditi\.windsurf\extensions\redhat.java-1.37.0-win32-x64\jre\17.0.13-win32-x86_64\bin\java.exe
0x00007ffa34ee0000 - 0x00007ffa350e9000 	C:\windows\SYSTEM32\ntdll.dll
0x00007ffa32d30000 - 0x00007ffa32ded000 	C:\windows\System32\KERNEL32.DLL
0x00007ffa323a0000 - 0x00007ffa32724000 	C:\windows\System32\KERNELBASE.dll
0x00007ffa32af0000 - 0x00007ffa32c01000 	C:\windows\System32\ucrtbase.dll
0x00007ffa052d0000 - 0x00007ffa052e7000 	c:\Users\Aditi\.windsurf\extensions\redhat.java-1.37.0-win32-x64\jre\17.0.13-win32-x86_64\bin\jli.dll
0x00007ffa05200000 - 0x00007ffa0521e000 	c:\Users\Aditi\.windsurf\extensions\redhat.java-1.37.0-win32-x64\jre\17.0.13-win32-x86_64\bin\VCRUNTIME140.dll
0x00007ffa34cf0000 - 0x00007ffa34e9d000 	C:\windows\System32\USER32.dll
0x00007ffa32370000 - 0x00007ffa32396000 	C:\windows\System32\win32u.dll
0x00007ffa13780000 - 0x00007ffa13a25000 	C:\windows\WinSxS\amd64_microsoft.windows.common-controls_6595b64144ccf1df_6.0.22000.120_none_9d947278b86cc467\COMCTL32.dll
0x00007ffa33230000 - 0x00007ffa3325a000 	C:\windows\System32\GDI32.dll
0x00007ffa33260000 - 0x00007ffa33303000 	C:\windows\System32\msvcrt.dll
0x00007ffa32c10000 - 0x00007ffa32d2e000 	C:\windows\System32\gdi32full.dll
0x00007ffa32a50000 - 0x00007ffa32aed000 	C:\windows\System32\msvcp_win.dll
0x00007ffa336d0000 - 0x00007ffa33701000 	C:\windows\System32\IMM32.DLL
0x00007ffa1c1c0000 - 0x00007ffa1c1cc000 	c:\Users\Aditi\.windsurf\extensions\redhat.java-1.37.0-win32-x64\jre\17.0.13-win32-x86_64\bin\vcruntime140_1.dll
0x00007ff9d61c0000 - 0x00007ff9d624d000 	c:\Users\Aditi\.windsurf\extensions\redhat.java-1.37.0-win32-x64\jre\17.0.13-win32-x86_64\bin\msvcp140.dll
0x00007ff96fdd0000 - 0x00007ff970a3b000 	c:\Users\Aditi\.windsurf\extensions\redhat.java-1.37.0-win32-x64\jre\17.0.13-win32-x86_64\bin\server\jvm.dll
0x00007ffa33e20000 - 0x00007ffa33ece000 	C:\windows\System32\ADVAPI32.dll
0x00007ffa343f0000 - 0x00007ffa3448e000 	C:\windows\System32\sechost.dll
0x00007ffa33500000 - 0x00007ffa33621000 	C:\windows\System32\RPCRT4.dll
0x00007ffa33720000 - 0x00007ffa3378f000 	C:\windows\System32\WS2_32.dll
0x00007ffa30ca0000 - 0x00007ffa30ced000 	C:\windows\SYSTEM32\POWRPROF.dll
0x00007ffa2a6d0000 - 0x00007ffa2a703000 	C:\windows\SYSTEM32\WINMM.dll
0x00007ffa28cf0000 - 0x00007ffa28cfa000 	C:\windows\SYSTEM32\VERSION.dll
0x00007ffa30d90000 - 0x00007ffa30da3000 	C:\windows\SYSTEM32\UMPDC.dll
0x00007ffa314d0000 - 0x00007ffa314e8000 	C:\windows\SYSTEM32\kernel.appcore.dll
0x00007ffa0a710000 - 0x00007ffa0a71a000 	c:\Users\Aditi\.windsurf\extensions\redhat.java-1.37.0-win32-x64\jre\17.0.13-win32-x86_64\bin\jimage.dll
0x00007ffa2fa00000 - 0x00007ffa2fc21000 	C:\windows\SYSTEM32\DBGHELP.DLL
0x00007ffa28b50000 - 0x00007ffa28b81000 	C:\windows\SYSTEM32\dbgcore.DLL
0x00007ffa327f0000 - 0x00007ffa3286f000 	C:\windows\System32\bcryptPrimitives.dll
0x00007ffa05060000 - 0x00007ffa0506e000 	c:\Users\Aditi\.windsurf\extensions\redhat.java-1.37.0-win32-x64\jre\17.0.13-win32-x86_64\bin\instrument.dll
0x00007ff9f4990000 - 0x00007ff9f49b5000 	c:\Users\Aditi\.windsurf\extensions\redhat.java-1.37.0-win32-x64\jre\17.0.13-win32-x86_64\bin\java.dll
0x00007ffa00230000 - 0x00007ffa00248000 	c:\Users\Aditi\.windsurf\extensions\redhat.java-1.37.0-win32-x64\jre\17.0.13-win32-x86_64\bin\zip.dll
0x00007ffa34510000 - 0x00007ffa34cd5000 	C:\windows\System32\SHELL32.dll
0x00007ffa30420000 - 0x00007ffa30c82000 	C:\windows\SYSTEM32\windows.storage.dll
0x00007ffa32e50000 - 0x00007ffa331c6000 	C:\windows\System32\combase.dll
0x00007ffa302b0000 - 0x00007ffa30417000 	C:\windows\SYSTEM32\wintypes.dll
0x00007ffa333f0000 - 0x00007ffa334da000 	C:\windows\System32\SHCORE.dll
0x00007ffa32df0000 - 0x00007ffa32e4d000 	C:\windows\System32\shlwapi.dll
0x00007ffa322a0000 - 0x00007ffa322c5000 	C:\windows\SYSTEM32\profapi.dll
0x00007ff9feb70000 - 0x00007ff9feb89000 	C:\Users\Aditi\.windsurf\extensions\redhat.java-1.37.0-win32-x64\jre\17.0.13-win32-x86_64\bin\net.dll
0x00007ffa2b3f0000 - 0x00007ffa2b504000 	C:\windows\SYSTEM32\WINHTTP.dll
0x00007ffa31980000 - 0x00007ffa319e7000 	C:\windows\system32\mswsock.dll
0x00007ff9fc670000 - 0x00007ff9fc686000 	C:\Users\Aditi\.windsurf\extensions\redhat.java-1.37.0-win32-x64\jre\17.0.13-win32-x86_64\bin\nio.dll
0x00007ffa04ed0000 - 0x00007ffa04ee0000 	c:\Users\Aditi\.windsurf\extensions\redhat.java-1.37.0-win32-x64\jre\17.0.13-win32-x86_64\bin\verify.dll
0x00007ff9f0b30000 - 0x00007ff9f0b75000 	C:\Users\Aditi\AppData\Roaming\Windsurf\User\globalStorage\redhat.java\1.37.0\config_win\org.eclipse.equinox.launcher\org.eclipse.equinox.launcher.win32.win32.x86_64_1.2.1100.v20240722-2106\eclipse_11904.dll
0x00007ffa33c80000 - 0x00007ffa33e1a000 	C:\windows\System32\ole32.dll
0x00007ffa31bc0000 - 0x00007ffa31bd8000 	C:\windows\SYSTEM32\CRYPTSP.dll
0x00007ffa31430000 - 0x00007ffa31465000 	C:\windows\system32\rsaenh.dll
0x00007ffa31a70000 - 0x00007ffa31a9c000 	C:\windows\SYSTEM32\USERENV.dll
0x00007ffa31d40000 - 0x00007ffa31d67000 	C:\windows\SYSTEM32\bcrypt.dll
0x00007ffa31be0000 - 0x00007ffa31bec000 	C:\windows\SYSTEM32\CRYPTBASE.dll
0x00007ffa30fc0000 - 0x00007ffa30fed000 	C:\windows\SYSTEM32\IPHLPAPI.DLL
0x00007ffa336c0000 - 0x00007ffa336c9000 	C:\windows\System32\NSI.dll
0x00007ffa2b070000 - 0x00007ffa2b089000 	C:\windows\SYSTEM32\dhcpcsvc6.DLL
0x00007ffa2b780000 - 0x00007ffa2b79e000 	C:\windows\SYSTEM32\dhcpcsvc.DLL
0x00007ffa30ff0000 - 0x00007ffa310d7000 	C:\windows\SYSTEM32\DNSAPI.dll
0x00007ff9b7210000 - 0x00007ff9b7259000 	C:\Users\Aditi\AppData\Local\Temp\jna-63112571\jna12164345248128131322.dll
0x00007ffa34490000 - 0x00007ffa34498000 	C:\windows\System32\PSAPI.DLL

dbghelp: loaded successfully - version: 4.0.5 - missing functions: none
symbol engine: initialized successfully - sym options: 0x614 - pdb path: .;c:\Users\Aditi\.windsurf\extensions\redhat.java-1.37.0-win32-x64\jre\17.0.13-win32-x86_64\bin;C:\windows\SYSTEM32;C:\windows\WinSxS\amd64_microsoft.windows.common-controls_6595b64144ccf1df_6.0.22000.120_none_9d947278b86cc467;c:\Users\Aditi\.windsurf\extensions\redhat.java-1.37.0-win32-x64\jre\17.0.13-win32-x86_64\bin\server;C:\Users\Aditi\AppData\Roaming\Windsurf\User\globalStorage\redhat.java\1.37.0\config_win\org.eclipse.equinox.launcher\org.eclipse.equinox.launcher.win32.win32.x86_64_1.2.1100.v20240722-2106;C:\Users\Aditi\AppData\Local\Temp\jna-63112571

VM Arguments:
jvm_args: --add-modules=ALL-SYSTEM --add-opens=java.base/java.util=ALL-UNNAMED --add-opens=java.base/java.lang=ALL-UNNAMED --add-opens=java.base/sun.nio.fs=ALL-UNNAMED -Declipse.application=org.eclipse.jdt.ls.core.id1 -Dosgi.bundles.defaultStartLevel=4 -Declipse.product=org.eclipse.jdt.ls.core.product -Djava.import.generatesMetadataFilesAtProjectRoot=false -DDetectVMInstallationsJob.disabled=true -Dfile.encoding=utf8 -XX:+UseParallelGC -XX:GCTimeRatio=4 -XX:AdaptiveSizePolicyWeight=90 -Dsun.zip.disableMemoryMapping=true -Xmx1G -Xms100m -Xlog:disable -javaagent:c:\Users\Aditi\.windsurf\extensions\redhat.java-1.37.0-win32-x64\lombok\lombok-1.18.34.jar -XX:+HeapDumpOnOutOfMemoryError -XX:HeapDumpPath=c:\Users\Aditi\AppData\Roaming\Windsurf\User\workspaceStorage\5a62fe60db819c467c7b9c047bd09c87\redhat.java -Daether.dependencyCollector.impl=bf 
java_command: c:\Users\Aditi\.windsurf\extensions\redhat.java-1.37.0-win32-x64\server\plugins\org.eclipse.equinox.launcher_1.6.900.v20240613-2009.jar -configuration c:\Users\Aditi\AppData\Roaming\Windsurf\User\globalStorage\redhat.java\1.37.0\config_win -data c:\Users\Aditi\AppData\Roaming\Windsurf\User\workspaceStorage\5a62fe60db819c467c7b9c047bd09c87\redhat.java\jdt_ws --pipe=\\.\pipe\lsp-5247d99ea24d8bb4da168c8c6e9706c4-sock
java_class_path (initial): c:\Users\Aditi\.windsurf\extensions\redhat.java-1.37.0-win32-x64\server\plugins\org.eclipse.equinox.launcher_1.6.900.v20240613-2009.jar
Launcher Type: SUN_STANDARD

[Global flags]
    uintx AdaptiveSizePolicyWeight                 = 90                                        {product} {command line}
     intx CICompilerCount                          = 12                                        {product} {ergonomic}
    uintx GCTimeRatio                              = 4                                         {product} {command line}
     bool HeapDumpOnOutOfMemoryError               = true                                   {manageable} {command line}
    ccstr HeapDumpPath                             = c:\Users\Aditi\AppData\Roaming\Windsurf\User\workspaceStorage\5a62fe60db819c467c7b9c047bd09c87\redhat.java         {manageable} {command line}
   size_t InitialHeapSize                          = 104857600                                 {product} {command line}
   size_t MaxHeapSize                              = 1073741824                                {product} {command line}
   size_t MaxNewSize                               = 357564416                                 {product} {ergonomic}
   size_t MinHeapDeltaBytes                        = 524288                                    {product} {ergonomic}
   size_t MinHeapSize                              = 104857600                                 {product} {command line}
   size_t NewSize                                  = 34603008                                  {product} {ergonomic}
    uintx NonNMethodCodeHeapSize                   = 7602480                                {pd product} {ergonomic}
    uintx NonProfiledCodeHeapSize                  = 122027880                              {pd product} {ergonomic}
   size_t OldSize                                  = 70254592                                  {product} {ergonomic}
    uintx ProfiledCodeHeapSize                     = 122027880                              {pd product} {ergonomic}
    uintx ReservedCodeCacheSize                    = 251658240                              {pd product} {ergonomic}
     bool SegmentedCodeCache                       = true                                      {product} {ergonomic}
   size_t SoftMaxHeapSize                          = 1073741824                             {manageable} {ergonomic}
     bool UseCompressedClassPointers               = true                           {product lp64_product} {ergonomic}
     bool UseCompressedOops                        = true                           {product lp64_product} {ergonomic}
     bool UseLargePagesIndividualAllocation        = false                                  {pd product} {ergonomic}
     bool UseParallelGC                            = true                                      {product} {command line}

Logging:
Log output configuration:
 #0: stdout all=off uptime,level,tags
 #1: stderr all=off uptime,level,tags

Environment Variables:
PATH=C:\Users\Aditi\Downloads\WINDOWS.X64_213000_db_home\bin;C:\windows\system32;C:\windows;C:\windows\System32\Wbem;C:\windows\System32\WindowsPowerShell\v1.0\;C:\windows\System32\OpenSSH\;C:\Program Files (x86)\NVIDIA Corporation\PhysX\Common;C:\Program Files\NVIDIA Corporation\NVIDIA NvDLISR;C:\Program Files\Common Files\Autodesk Shared\;C:\Program Files (x86)\Autodesk\Backburner\;C:\Program Files\dotnet\;C:\Program Files\Microsoft SQL Server\120\Tools\Binn\;C:\TDM-GCC-32\bin;C:\Program Files\Git\cmd;C:\Program Files\Git\bin;C:\Program Files\nodejs\;C:\Program Files\Docker\Docker\resources\bin;C:\Users\Aditi\Downloads\flutter_windows_3.19.5-stable\flutter\bin;C:\Users\Aditi\AppData\Local\Microsoft\WindowsApps;C:\Users\Aditi\AppData\Local\Programs\Microsoft VS Code\bin;C:\TDM-GCC-32\bin;C:\msys64\mingw64\bin;C:\Program Files\JetBrains\IntelliJ IDEA Community Edition 2024.1\bin;;C:\Users\Aditi\Downloads\jdk-21_windows-x64_bin\jdk-21.0.2\bin;C:\Users\Aditi\Downloads\dartsdk-windows-x64-release\dart-sdk\bin;C:\Users\Aditi\AppData\Roaming\npm;C:\Program Files\JetBrains\IntelliJ IDEA 2024.3\bin;;C:\Users\Aditi\AppData\Local\Programs\Windsurf\bin
USERNAME=Aditi
OS=Windows_NT
PROCESSOR_IDENTIFIER=Intel64 Family 6 Model 154 Stepping 3, GenuineIntel
TMP=C:\Users\Aditi\AppData\Local\Temp
TEMP=C:\Users\Aditi\AppData\Local\Temp



Periodic native trim disabled


---------------  S Y S T E M  ---------------

OS:
 Windows 11 , 64 bit Build 22000 (10.0.22000.2538)
OS uptime: 0 days 11:04 hours
Hyper-V role detected

CPU: total 20 (initial active 20) (10 cores per cpu, 2 threads per core) family 6 model 154 stepping 3 microcode 0x413, cx8, cmov, fxsr, ht, mmx, 3dnowpref, sse, sse2, sse3, ssse3, sse4.1, sse4.2, popcnt, lzcnt, tsc, tscinvbit, avx, avx2, aes, erms, clmul, bmi1, bmi2, adx, sha, fma, vzeroupper, clflush, clflushopt, clwb, hv
Processor Information for processor 0
  Max Mhz: 2300, Current Mhz: 2300, Mhz Limit: 1679
Processor Information for processor 1
  Max Mhz: 2300, Current Mhz: 2300, Mhz Limit: 2300
Processor Information for processor 2
  Max Mhz: 2300, Current Mhz: 2300, Mhz Limit: 2300
Processor Information for processor 3
  Max Mhz: 2300, Current Mhz: 2300, Mhz Limit: 2300
Processor Information for processor 4
  Max Mhz: 2300, Current Mhz: 2300, Mhz Limit: 2300
Processor Information for processor 5
  Max Mhz: 2300, Current Mhz: 2300, Mhz Limit: 2300
Processor Information for processor 6
  Max Mhz: 2300, Current Mhz: 2300, Mhz Limit: 2300
Processor Information for processor 7
  Max Mhz: 2300, Current Mhz: 2300, Mhz Limit: 2300
Processor Information for processor 8
  Max Mhz: 2300, Current Mhz: 2300, Mhz Limit: 2300
Processor Information for processor 9
  Max Mhz: 2300, Current Mhz: 2300, Mhz Limit: 2300
Processor Information for processor 10
  Max Mhz: 2300, Current Mhz: 2300, Mhz Limit: 2300
Processor Information for processor 11
  Max Mhz: 2300, Current Mhz: 2300, Mhz Limit: 2300
Processor Information for processor 12
  Max Mhz: 2300, Current Mhz: 1700, Mhz Limit: 1679
Processor Information for processor 13
  Max Mhz: 2300, Current Mhz: 1700, Mhz Limit: 1679
Processor Information for processor 14
  Max Mhz: 2300, Current Mhz: 1700, Mhz Limit: 1679
Processor Information for processor 15
  Max Mhz: 2300, Current Mhz: 1700, Mhz Limit: 1679
Processor Information for processor 16
  Max Mhz: 2300, Current Mhz: 1700, Mhz Limit: 1679
Processor Information for processor 17
  Max Mhz: 2300, Current Mhz: 1700, Mhz Limit: 1679
Processor Information for processor 18
  Max Mhz: 2300, Current Mhz: 1700, Mhz Limit: 1679
Processor Information for processor 19
  Max Mhz: 2300, Current Mhz: 1700, Mhz Limit: 1679

Memory: 4k page, system-wide physical 16051M (1764M free)
TotalPageFile size 38249M (AvailPageFile size 2M)
current process WorkingSet (physical memory assigned to process): 132M, peak: 132M
current process commit charge ("private bytes"): 256M, peak: 256M

vm_info: OpenJDK 64-Bit Server VM (17.0.13+11) for windows-amd64 JRE (17.0.13+11), built on Oct 16 2024 00:10:08 by "admin" with MS VC++ 17.7 (VS2022)

END.
