#
# There is insufficient memory for the Java Runtime Environment to continue.
# Native memory allocation (malloc) failed to allocate 962736 bytes. Error detail: Chunk::new
# Possible reasons:
#   The system is out of physical RAM or swap space
#   This process is running with CompressedOops enabled, and the Java Heap may be blocking the growth of the native heap
# Possible solutions:
#   Reduce memory load on the system
#   Increase physical memory or swap space
#   Check if swap backing store is full
#   Decrease Java heap size (-Xmx/-Xms)
#   Decrease number of Java threads
#   Decrease Java thread stack sizes (-Xss)
#   Set larger code cache with -XX:ReservedCodeCacheSize=
#   JVM is running with Unscaled Compressed Oops mode in which the Java heap is
#     placed in the first 4GB address space. The Java Heap base address is the
#     maximum limit for the native heap growth. Please use -XX:HeapBaseMinAddress
#     to set the Java Heap base and to place the Java Heap above 4GB virtual address.
# This output file may be truncated or incomplete.
#
#  Out of Memory Error (arena.cpp:191), pid=19960, tid=24360
#
# JRE version: OpenJDK Runtime Environment Temurin-17.0.13+11 (17.0.13+11) (build 17.0.13+11)
# Java VM: OpenJDK 64-Bit Server VM Temurin-17.0.13+11 (17.0.13+11, mixed mode, tiered, compressed oops, compressed class ptrs, parallel gc, windows-amd64)
# No core dump will be written. Minidumps are not enabled by default on client versions of Windows
#

---------------  S U M M A R Y ------------

Command Line: --add-modules=ALL-SYSTEM --add-opens=java.base/java.util=ALL-UNNAMED --add-opens=java.base/java.lang=ALL-UNNAMED --add-opens=java.base/sun.nio.fs=ALL-UNNAMED -Declipse.application=org.eclipse.jdt.ls.core.id1 -Dosgi.bundles.defaultStartLevel=4 -Declipse.product=org.eclipse.jdt.ls.core.product -Djava.import.generatesMetadataFilesAtProjectRoot=false -DDetectVMInstallationsJob.disabled=true -Dfile.encoding=utf8 -XX:+UseParallelGC -XX:GCTimeRatio=4 -XX:AdaptiveSizePolicyWeight=90 -Dsun.zip.disableMemoryMapping=true -Xmx1G -Xms100m -Xlog:disable -javaagent:c:\Users\Aditi\.windsurf\extensions\redhat.java-1.37.0-win32-x64\lombok\lombok-1.18.34.jar c:\Users\Aditi\.windsurf\extensions\redhat.java-1.37.0-win32-x64\server\plugins\org.eclipse.equinox.launcher_1.6.900.v20240613-2009.jar -configuration c:\Users\Aditi\AppData\Roaming\Windsurf\User\globalStorage\redhat.java\1.37.0\config_ss_win -data c:\Users\Aditi\AppData\Roaming\Windsurf\User\workspaceStorage\5a62fe60db819c467c7b9c047bd09c87\redhat.java\ss_ws --pipe=\\.\pipe\lsp-008d309c839b0f8548f6b664ad87886d-sock

Host: 12th Gen Intel(R) Core(TM) i7-12700H, 20 cores, 15G,  Windows 11 , 64 bit Build 22000 (10.0.22000.2538)
Time: Fri Dec 13 19:39:47 2024 India Standard Time elapsed time: 2.974648 seconds (0d 0h 0m 2s)

---------------  T H R E A D  ---------------

Current thread (0x000001e6d9442680):  JavaThread "C2 CompilerThread7" daemon [_thread_in_native, id=24360, stack(0x00000079eee00000,0x00000079eef00000)]


Current CompileTask:
C2:   2974 4183       4       jdk.internal.jrtfs.SystemImage$1::findNode (9 bytes)

Stack: [0x00000079eee00000,0x00000079eef00000]
Native frames: (J=compiled Java code, j=interpreted, Vv=VM code, C=native code)
V  [jvm.dll+0x682a19]
V  [jvm.dll+0x839538]
V  [jvm.dll+0x83afe3]
V  [jvm.dll+0x83b653]
V  [jvm.dll+0x24704f]
V  [jvm.dll+0xace34]
V  [jvm.dll+0xad4cc]
V  [jvm.dll+0x36592f]
V  [jvm.dll+0x32fbd8]
V  [jvm.dll+0x32f05a]
V  [jvm.dll+0x21804f]
V  [jvm.dll+0x21748f]
V  [jvm.dll+0x1a3070]
V  [jvm.dll+0x22788c]
V  [jvm.dll+0x2259eb]
V  [jvm.dll+0x7eec98]
V  [jvm.dll+0x7e8ffc]
V  [jvm.dll+0x6818f7]
C  [ucrtbase.dll+0x26c0c]
C  [KERNEL32.DLL+0x153e0]
C  [ntdll.dll+0x485b]


---------------  P R O C E S S  ---------------

Threads class SMR info:
_java_thread_list=0x000001e6daa498c0, length=56, elements={
0x000001e6bdd2bd10, 0x000001e6d1bcb0f0, 0x000001e6d1bce4e0, 0x000001e6bddeb2f0,
0x000001e6bddebd20, 0x000001e6bddec8b0, 0x000001e6bdded180, 0x000001e6d70367f0,
0x000001e6d7039d30, 0x000001e6d703a250, 0x000001e6bdd8fbc0, 0x000001e6d71c2b40,
0x000001e6d9440130, 0x000001e6d94406a0, 0x000001e6d9530e10, 0x000001e6d9b39b70,
0x000001e6d9d9c920, 0x000001e6d99be1a0, 0x000001e6d9d81cb0, 0x000001e6da22a1f0,
0x000001e6da1f2250, 0x000001e6da1f1830, 0x000001e6da1f1d40, 0x000001e6da1f03f0,
0x000001e6d9440bf0, 0x000001e6d9443bc0, 0x000001e6d9441140, 0x000001e6da1ef4c0,
0x000001e6da1f0e10, 0x000001e6da1f2760, 0x000001e6da1f0900, 0x000001e6da1f2c70,
0x000001e6da1ef9d0, 0x000001e6da1efee0, 0x000001e6da1f1320, 0x000001e6dab2b9f0,
0x000001e6dab2e270, 0x000001e6dab2e780, 0x000001e6dab2b4e0, 0x000001e6dab2ec90,
0x000001e6dab2c920, 0x000001e6dab2ce30, 0x000001e6dab2dd60, 0x000001e6dab2d340,
0x000001e6dab2d850, 0x000001e6dab2bf00, 0x000001e6dab2c410, 0x000001e6da7d7570,
0x000001e6da7d9df0, 0x000001e6da7da810, 0x000001e6da7dd5a0, 0x000001e6da7dad20,
0x000001e6d9442bd0, 0x000001e6d9443670, 0x000001e6d9441be0, 0x000001e6d9442680
}

Java Threads: ( => current thread )
  0x000001e6bdd2bd10 JavaThread "main" [_thread_blocked, id=29956, stack(0x00000079ea600000,0x00000079ea700000)]
  0x000001e6d1bcb0f0 JavaThread "Reference Handler" daemon [_thread_blocked, id=12700, stack(0x00000079ea900000,0x00000079eaa00000)]
  0x000001e6d1bce4e0 JavaThread "Finalizer" daemon [_thread_blocked, id=17740, stack(0x00000079eaa00000,0x00000079eab00000)]
  0x000001e6bddeb2f0 JavaThread "Signal Dispatcher" daemon [_thread_blocked, id=30068, stack(0x00000079eab00000,0x00000079eac00000)]
  0x000001e6bddebd20 JavaThread "Attach Listener" daemon [_thread_blocked, id=4248, stack(0x00000079eac00000,0x00000079ead00000)]
  0x000001e6bddec8b0 JavaThread "Service Thread" daemon [_thread_blocked, id=21792, stack(0x00000079ead00000,0x00000079eae00000)]
  0x000001e6bdded180 JavaThread "Monitor Deflation Thread" daemon [_thread_blocked, id=25500, stack(0x00000079eae00000,0x00000079eaf00000)]
  0x000001e6d70367f0 JavaThread "C2 CompilerThread0" daemon [_thread_in_native, id=17692, stack(0x00000079eaf00000,0x00000079eb000000)]
  0x000001e6d7039d30 JavaThread "C1 CompilerThread0" daemon [_thread_blocked, id=6284, stack(0x00000079eb000000,0x00000079eb100000)]
  0x000001e6d703a250 JavaThread "Sweeper thread" daemon [_thread_blocked, id=2272, stack(0x00000079eb100000,0x00000079eb200000)]
  0x000001e6bdd8fbc0 JavaThread "Common-Cleaner" daemon [_thread_blocked, id=13316, stack(0x00000079eb200000,0x00000079eb300000)]
  0x000001e6d71c2b40 JavaThread "C1 CompilerThread1" daemon [_thread_blocked, id=26960, stack(0x00000079eb300000,0x00000079eb400000)]
  0x000001e6d9440130 JavaThread "C1 CompilerThread2" daemon [_thread_blocked, id=23176, stack(0x00000079eb600000,0x00000079eb700000)]
  0x000001e6d94406a0 JavaThread "C1 CompilerThread3" daemon [_thread_blocked, id=14912, stack(0x00000079eb700000,0x00000079eb800000)]
  0x000001e6d9530e10 JavaThread "Notification Thread" daemon [_thread_blocked, id=25532, stack(0x00000079eb800000,0x00000079eb900000)]
  0x000001e6d9b39b70 JavaThread "Active Thread: Equinox Container: 3c1a1ddf-a99c-4bf3-a2b6-5af5e479e174" [_thread_blocked, id=4756, stack(0x00000079ec100000,0x00000079ec200000)]
  0x000001e6d9d9c920 JavaThread "Framework Event Dispatcher: Equinox Container: 3c1a1ddf-a99c-4bf3-a2b6-5af5e479e174" daemon [_thread_blocked, id=24684, stack(0x00000079ec200000,0x00000079ec300000)]
  0x000001e6d99be1a0 JavaThread "Start Level: Equinox Container: 3c1a1ddf-a99c-4bf3-a2b6-5af5e479e174" daemon [_thread_blocked, id=9152, stack(0x00000079ec300000,0x00000079ec400000)]
  0x000001e6d9d81cb0 JavaThread "SCR Component Actor" daemon [_thread_blocked, id=25172, stack(0x00000079ec400000,0x00000079ec500000)]
  0x000001e6da22a1f0 JavaThread "SCR Component Registry" daemon [_thread_blocked, id=29976, stack(0x00000079ec700000,0x00000079ec800000)]
  0x000001e6da1f2250 JavaThread "Worker-JM" [_thread_blocked, id=29752, stack(0x00000079ebb00000,0x00000079ebc00000)]
  0x000001e6da1f1830 JavaThread "JNA Cleaner" daemon [_thread_blocked, id=22988, stack(0x00000079eb400000,0x00000079eb500000)]
  0x000001e6da1f1d40 JavaThread "Worker-0" [_thread_blocked, id=9104, stack(0x00000079eb500000,0x00000079eb600000)]
  0x000001e6da1f03f0 JavaThread "Worker-1" [_thread_blocked, id=25156, stack(0x00000079eba00000,0x00000079ebb00000)]
  0x000001e6d9440bf0 JavaThread "C2 CompilerThread1" daemon [_thread_in_native, id=28992, stack(0x00000079ecb00000,0x00000079ecc00000)]
  0x000001e6d9443bc0 JavaThread "C2 CompilerThread2" daemon [_thread_in_native, id=16568, stack(0x00000079ecc00000,0x00000079ecd00000)]
  0x000001e6d9441140 JavaThread "C2 CompilerThread3" daemon [_thread_in_native, id=14260, stack(0x00000079ed000000,0x00000079ed100000)]
  0x000001e6da1ef4c0 JavaThread "Thread-2" daemon [_thread_in_native, id=7388, stack(0x00000079ed200000,0x00000079ed300000)]
  0x000001e6da1f0e10 JavaThread "Thread-3" daemon [_thread_in_native, id=24820, stack(0x00000079ed300000,0x00000079ed400000)]
  0x000001e6da1f2760 JavaThread "Thread-4" daemon [_thread_in_native, id=3368, stack(0x00000079ed400000,0x00000079ed500000)]
  0x000001e6da1f0900 JavaThread "Thread-5" daemon [_thread_in_native, id=26732, stack(0x00000079ed500000,0x00000079ed600000)]
  0x000001e6da1f2c70 JavaThread "Thread-6" daemon [_thread_in_native, id=6456, stack(0x00000079ed600000,0x00000079ed700000)]
  0x000001e6da1ef9d0 JavaThread "Thread-7" daemon [_thread_in_native, id=21988, stack(0x00000079ed700000,0x00000079ed800000)]
  0x000001e6da1efee0 JavaThread "Thread-8" daemon [_thread_in_native, id=28568, stack(0x00000079ed800000,0x00000079ed900000)]
  0x000001e6da1f1320 JavaThread "Thread-9" daemon [_thread_in_native, id=16600, stack(0x00000079ed900000,0x00000079eda00000)]
  0x000001e6dab2b9f0 JavaThread "Thread-10" daemon [_thread_in_native, id=13444, stack(0x00000079eda00000,0x00000079edb00000)]
  0x000001e6dab2e270 JavaThread "Thread-11" daemon [_thread_in_native, id=27980, stack(0x00000079edb00000,0x00000079edc00000)]
  0x000001e6dab2e780 JavaThread "Thread-12" daemon [_thread_in_native, id=21884, stack(0x00000079edc00000,0x00000079edd00000)]
  0x000001e6dab2b4e0 JavaThread "Thread-13" daemon [_thread_in_native, id=23808, stack(0x00000079edd00000,0x00000079ede00000)]
  0x000001e6dab2ec90 JavaThread "Thread-14" daemon [_thread_in_native, id=13884, stack(0x00000079ede00000,0x00000079edf00000)]
  0x000001e6dab2c920 JavaThread "Thread-15" daemon [_thread_in_native, id=2848, stack(0x00000079edf00000,0x00000079ee000000)]
  0x000001e6dab2ce30 JavaThread "Thread-16" daemon [_thread_in_native, id=27164, stack(0x00000079ee000000,0x00000079ee100000)]
  0x000001e6dab2dd60 JavaThread "Thread-17" daemon [_thread_in_native, id=25016, stack(0x00000079ee100000,0x00000079ee200000)]
  0x000001e6dab2d340 JavaThread "Thread-18" daemon [_thread_in_native, id=21552, stack(0x00000079ee200000,0x00000079ee300000)]
  0x000001e6dab2d850 JavaThread "Thread-19" daemon [_thread_in_native, id=11320, stack(0x00000079ee300000,0x00000079ee400000)]
  0x000001e6dab2bf00 JavaThread "Thread-20" daemon [_thread_in_native, id=7796, stack(0x00000079ee400000,0x00000079ee500000)]
  0x000001e6dab2c410 JavaThread "Thread-21" daemon [_thread_in_native, id=28552, stack(0x00000079ee500000,0x00000079ee600000)]
  0x000001e6da7d7570 JavaThread "Thread-22" daemon [_thread_in_native, id=12176, stack(0x00000079ee600000,0x00000079ee700000)]
  0x000001e6da7d9df0 JavaThread "pool-2-thread-1" [_thread_blocked, id=26476, stack(0x00000079ee700000,0x00000079ee800000)]
  0x000001e6da7da810 JavaThread "Worker-2" [_thread_blocked, id=29584, stack(0x00000079ee800000,0x00000079ee900000)]
  0x000001e6da7dd5a0 JavaThread "WorkspaceEventsHandler" [_thread_blocked, id=12516, stack(0x00000079ee900000,0x00000079eea00000)]
  0x000001e6da7dad20 JavaThread "pool-1-thread-1" [_thread_in_vm, id=6444, stack(0x00000079eea00000,0x00000079eeb00000)]
  0x000001e6d9442bd0 JavaThread "C2 CompilerThread4" daemon [_thread_in_native, id=26780, stack(0x00000079eeb00000,0x00000079eec00000)]
  0x000001e6d9443670 JavaThread "C2 CompilerThread5" daemon [_thread_in_native, id=12348, stack(0x00000079eec00000,0x00000079eed00000)]
  0x000001e6d9441be0 JavaThread "C2 CompilerThread6" daemon [_thread_in_native, id=28488, stack(0x00000079eed00000,0x00000079eee00000)]
=>0x000001e6d9442680 JavaThread "C2 CompilerThread7" daemon [_thread_in_native, id=24360, stack(0x00000079eee00000,0x00000079eef00000)]

Other Threads:
  0x000001e6bddb57c0 VMThread "VM Thread" [stack: 0x00000079ea800000,0x00000079ea900000] [id=27292]
  0x000001e6d94e5950 WatcherThread [stack: 0x00000079eb900000,0x00000079eba00000] [id=3044]
  0x000001e6bdd41db0 GCTaskThread "GC Thread#0" [stack: 0x00000079ea700000,0x00000079ea800000] [id=25232]
  0x000001e6d9b9d430 GCTaskThread "GC Thread#1" [stack: 0x00000079ebc00000,0x00000079ebd00000] [id=12316]
  0x000001e6d9f9c490 GCTaskThread "GC Thread#2" [stack: 0x00000079ebd00000,0x00000079ebe00000] [id=15272]
  0x000001e6d9f9edc0 GCTaskThread "GC Thread#3" [stack: 0x00000079ebe00000,0x00000079ebf00000] [id=29864]
  0x000001e6d9f9f080 GCTaskThread "GC Thread#4" [stack: 0x00000079ebf00000,0x00000079ec000000] [id=17056]
  0x000001e6d9f70510 GCTaskThread "GC Thread#5" [stack: 0x00000079ec000000,0x00000079ec100000] [id=18508]
  0x000001e6da291be0 GCTaskThread "GC Thread#6" [stack: 0x00000079ec500000,0x00000079ec600000] [id=18924]
  0x000001e6d9f3bd90 GCTaskThread "GC Thread#7" [stack: 0x00000079ec600000,0x00000079ec700000] [id=27776]
  0x000001e6da1a0d00 GCTaskThread "GC Thread#8" [stack: 0x00000079ec800000,0x00000079ec900000] [id=30688]
  0x000001e6da39dcc0 GCTaskThread "GC Thread#9" [stack: 0x00000079ec900000,0x00000079eca00000] [id=6468]
  0x000001e6da4b0d90 GCTaskThread "GC Thread#10" [stack: 0x00000079eca00000,0x00000079ecb00000] [id=19236]
  0x000001e6da613080 GCTaskThread "GC Thread#11" [stack: 0x00000079ecd00000,0x00000079ece00000] [id=21464]
  0x000001e6da4c50b0 GCTaskThread "GC Thread#12" [stack: 0x00000079ece00000,0x00000079ecf00000] [id=17184]
  0x000001e6da5536c0 GCTaskThread "GC Thread#13" [stack: 0x00000079ecf00000,0x00000079ed000000] [id=19216]
  0x000001e6da553f00 GCTaskThread "GC Thread#14" [stack: 0x00000079ed100000,0x00000079ed200000] [id=23484]

Threads with active compile tasks:
C2 CompilerThread0     2988 4310       4       jdk.internal.jrtfs.JrtFileSystem::lambda$iteratorOf$2 (20 bytes)
C2 CompilerThread1     2989 4243   !   4       java.nio.file.FileTreeWalker::next (144 bytes)
C2 CompilerThread2     2989 4340       4       jdk.internal.jrtfs.JrtPath::getNameCount (10 bytes)
C2 CompilerThread3     2989 4309       4       jdk.internal.jrtfs.JrtFileSystem$$Lambda$250/0x0000000100413c98::apply (16 bytes)
C2 CompilerThread4     2989 4190   !   4       jdk.internal.jrtfs.JrtFileSystem::lookup (23 bytes)
C2 CompilerThread5     2989 4409       4       java.util.Properties::loadConvert (540 bytes)
C2 CompilerThread6     2989 4342       4       jdk.internal.jrtfs.JrtPath::getName (6 bytes)
C2 CompilerThread7     2989 4183       4       jdk.internal.jrtfs.SystemImage$1::findNode (9 bytes)

VM state: not at safepoint (normal execution)

VM Mutex/Monitor currently owned by a thread:  ([mutex/lock_event])
[0x000001e6bba59bc0] Metaspace_lock - owner thread: 0x000001e6da7dad20

Heap address: 0x00000000c0000000, size: 1024 MB, Compressed Oops mode: 32-bit

CDS archive(s) not mapped
Compressed class space mapped at: 0x0000000100000000-0x0000000140000000, reserved size: 1073741824
Narrow klass base: 0x0000000000000000, Narrow klass shift: 3, Narrow klass range: 0x140000000

GC Precious Log:
 CPUs: 20 total, 20 available
 Memory: 16051M
 Large Page Support: Disabled
 NUMA Support: Disabled
 Compressed Oops: Enabled (32-bit)
 Alignments: Space 512K, Generation 512K, Heap 2M
 Heap Min Capacity: 100M
 Heap Initial Capacity: 100M
 Heap Max Capacity: 1G
 Pre-touch: Disabled
 Parallel Workers: 15

Heap:
 PSYoungGen      total 23040K, used 22675K [0x00000000eab00000, 0x00000000ec980000, 0x0000000100000000)
  eden space 22016K, 98% used [0x00000000eab00000,0x00000000ec02c6a8,0x00000000ec080000)
  from space 1024K, 97% used [0x00000000ec600000,0x00000000ec6f8810,0x00000000ec700000)
  to   space 4608K, 0% used [0x00000000ec080000,0x00000000ec080000,0x00000000ec500000)
 ParOldGen       total 68608K, used 16943K [0x00000000c0000000, 0x00000000c4300000, 0x00000000eab00000)
  object space 68608K, 24% used [0x00000000c0000000,0x00000000c108bd58,0x00000000c4300000)
 Metaspace       used 39737K, committed 40448K, reserved 1114112K
  class space    used 4008K, committed 4288K, reserved 1048576K

Card table byte_map: [0x000001e6bd6d0000,0x000001e6bd8e0000] _byte_map_base: 0x000001e6bd0d0000

Marking Bits: (ParMarkBitMap*) 0x00007ff970976940
 Begin Bits: [0x000001e6cf9d0000, 0x000001e6d09d0000)
 End Bits:   [0x000001e6d09d0000, 0x000001e6d19d0000)

Polling page: 0x000001e6bbc90000

Metaspace:

Usage:
  Non-class:     34.89 MB used.
      Class:      3.91 MB used.
       Both:     38.81 MB used.

Virtual space:
  Non-class space:       64.00 MB reserved,      35.31 MB ( 55%) committed,  1 nodes.
      Class space:        1.00 GB reserved,       4.19 MB ( <1%) committed,  1 nodes.
             Both:        1.06 GB reserved,      39.50 MB (  4%) committed. 

Chunk freelists:
   Non-Class:  12.17 MB
       Class:  11.73 MB
        Both:  23.91 MB

MaxMetaspaceSize: unlimited
CompressedClassSpaceSize: 1.00 GB
Initial GC threshold: 21.00 MB
Current GC threshold: 58.38 MB
CDS: off
MetaspaceReclaimPolicy: balanced
 - commit_granule_bytes: 65536.
 - commit_granule_words: 8192.
 - virtual_space_node_default_size: 8388608.
 - enlarge_chunks_in_place: 1.
 - new_chunks_are_fully_committed: 0.
 - uncommit_free_chunks: 1.
 - use_allocation_guard: 0.
 - handle_deallocations: 1.


Internal statistics:

num_allocs_failed_limit: 6.
num_arena_births: 454.
num_arena_deaths: 14.
num_vsnodes_births: 2.
num_vsnodes_deaths: 0.
num_space_committed: 632.
num_space_uncommitted: 0.
num_chunks_returned_to_freelist: 20.
num_chunks_taken_from_freelist: 1743.
num_chunk_merges: 11.
num_chunk_splits: 1115.
num_chunks_enlarged: 719.
num_inconsistent_stats: 0.

CodeHeap 'non-profiled nmethods': size=119168Kb used=2111Kb max_used=2111Kb free=117056Kb
 bounds [0x000001e6c8570000, 0x000001e6c87e0000, 0x000001e6cf9d0000]
CodeHeap 'profiled nmethods': size=119104Kb used=8890Kb max_used=8890Kb free=110213Kb
 bounds [0x000001e6c09d0000, 0x000001e6c1280000, 0x000001e6c7e20000]
CodeHeap 'non-nmethods': size=7488Kb used=3008Kb max_used=3041Kb free=4479Kb
 bounds [0x000001e6c7e20000, 0x000001e6c8120000, 0x000001e6c8570000]
 total_blobs=5029 nmethods=4396 adapters=541
 compilation: enabled
              stopped_count=0, restarted_count=0
 full_count=0

Compilation events (20 events):
Event: 2.936 Thread 0x000001e6d7039d30 4411       3       java.util.ResourceBundle::getObject (82 bytes)
Event: 2.936 Thread 0x000001e6d9440130 4412       3       java.util.ResourceBundle::getString (9 bytes)
Event: 2.936 Thread 0x000001e6d71c2b40 4413       3       java.util.PropertyResourceBundle::handleGetObject (23 bytes)
Event: 2.936 Thread 0x000001e6d94406a0 4414       3       sun.util.ResourceBundleEnumeration::hasMoreElements (117 bytes)
Event: 2.936 Thread 0x000001e6d9440130 nmethod 4412 0x000001e6c127a610 code [0x000001e6c127a7c0, 0x000001e6c127a9e8]
Event: 2.937 Thread 0x000001e6d71c2b40 nmethod 4413 0x000001e6c127aa90 code [0x000001e6c127ac40, 0x000001e6c127aef8]
Event: 2.937 Thread 0x000001e6d9440130 4418       3       org.eclipse.jdt.internal.compiler.util.HashtableOfInt::put (95 bytes)
Event: 2.937 Thread 0x000001e6d71c2b40 4415       3       sun.util.ResourceBundleEnumeration::nextElement (5 bytes)
Event: 2.937 Thread 0x000001e6d94406a0 nmethod 4414 0x000001e6c127b010 code [0x000001e6c127b240, 0x000001e6c127bbe8]
Event: 2.937 Thread 0x000001e6d94406a0 4416       3       sun.util.ResourceBundleEnumeration::nextElement (27 bytes)
Event: 2.937 Thread 0x000001e6d71c2b40 nmethod 4415 0x000001e6c127be10 code [0x000001e6c127bfe0, 0x000001e6c127c2b8]
Event: 2.938 Thread 0x000001e6d71c2b40 4417       3       org.eclipse.jdt.internal.compiler.problem.DefaultProblemFactory::keyFromID (4 bytes)
Event: 2.938 Thread 0x000001e6d9440130 nmethod 4418 0x000001e6c127d610 code [0x000001e6c127d800, 0x000001e6c127dde8]
Event: 2.938 Thread 0x000001e6d7039d30 nmethod 4411 0x000001e6c127c410 code [0x000001e6c127c6c0, 0x000001e6c127d1d8]
Event: 2.938 Thread 0x000001e6d94406a0 nmethod 4416 0x000001e6c127e010 code [0x000001e6c127e1c0, 0x000001e6c127e438]
Event: 2.938 Thread 0x000001e6d71c2b40 nmethod 4417 0x000001e6c127e590 code [0x000001e6c127e720, 0x000001e6c127e818]
Event: 2.961 Thread 0x000001e6d9443bc0 nmethod 4307 0x000001e6c8778890 code [0x000001e6c8778be0, 0x000001e6c877a5f0]
Event: 2.963 Thread 0x000001e6d9443bc0 4322       4       jdk.internal.jrtfs.JrtDirectoryStream$1::next (5 bytes)
Event: 2.968 Thread 0x000001e6d9443bc0 nmethod 4322 0x000001e6c877be90 code [0x000001e6c877c020, 0x000001e6c877c318]
Event: 2.969 Thread 0x000001e6d9443bc0 4326   !   4       jdk.internal.jrtfs.JrtDirectoryStream$1::next (48 bytes)

GC Heap History (20 events):
Event: 1.353 GC heap before
{Heap before GC invocations=5 (full 1):
 PSYoungGen      total 29696K, used 4086K [0x00000000eab00000, 0x00000000ecc00000, 0x0000000100000000)
  eden space 25600K, 0% used [0x00000000eab00000,0x00000000eab00000,0x00000000ec400000)
  from space 4096K, 99% used [0x00000000ec800000,0x00000000ecbfd8f8,0x00000000ecc00000)
  to   space 4096K, 0% used [0x00000000ec400000,0x00000000ec400000,0x00000000ec800000)
 ParOldGen       total 68608K, used 3325K [0x00000000c0000000, 0x00000000c4300000, 0x00000000eab00000)
  object space 68608K, 4% used [0x00000000c0000000,0x00000000c033f600,0x00000000c4300000)
 Metaspace       used 21110K, committed 21504K, reserved 1114112K
  class space    used 2149K, committed 2304K, reserved 1048576K
}
Event: 1.370 GC heap after
{Heap after GC invocations=5 (full 1):
 PSYoungGen      total 29696K, used 0K [0x00000000eab00000, 0x00000000ecc00000, 0x0000000100000000)
  eden space 25600K, 0% used [0x00000000eab00000,0x00000000eab00000,0x00000000ec400000)
  from space 4096K, 0% used [0x00000000ec800000,0x00000000ec800000,0x00000000ecc00000)
  to   space 4096K, 0% used [0x00000000ec400000,0x00000000ec400000,0x00000000ec800000)
 ParOldGen       total 68608K, used 7261K [0x00000000c0000000, 0x00000000c4300000, 0x00000000eab00000)
  object space 68608K, 10% used [0x00000000c0000000,0x00000000c0717420,0x00000000c4300000)
 Metaspace       used 21096K, committed 21504K, reserved 1114112K
  class space    used 2146K, committed 2304K, reserved 1048576K
}
Event: 1.675 GC heap before
{Heap before GC invocations=6 (full 1):
 PSYoungGen      total 29696K, used 25600K [0x00000000eab00000, 0x00000000ecc00000, 0x0000000100000000)
  eden space 25600K, 100% used [0x00000000eab00000,0x00000000ec400000,0x00000000ec400000)
  from space 4096K, 0% used [0x00000000ec800000,0x00000000ec800000,0x00000000ecc00000)
  to   space 4096K, 0% used [0x00000000ec400000,0x00000000ec400000,0x00000000ec800000)
 ParOldGen       total 68608K, used 7261K [0x00000000c0000000, 0x00000000c4300000, 0x00000000eab00000)
  object space 68608K, 10% used [0x00000000c0000000,0x00000000c0717420,0x00000000c4300000)
 Metaspace       used 24219K, committed 24768K, reserved 1114112K
  class space    used 2464K, committed 2688K, reserved 1048576K
}
Event: 1.677 GC heap after
{Heap after GC invocations=6 (full 1):
 PSYoungGen      total 27648K, used 2485K [0x00000000eab00000, 0x00000000eca80000, 0x0000000100000000)
  eden space 25088K, 0% used [0x00000000eab00000,0x00000000eab00000,0x00000000ec380000)
  from space 2560K, 97% used [0x00000000ec400000,0x00000000ec66d490,0x00000000ec680000)
  to   space 3584K, 0% used [0x00000000ec700000,0x00000000ec700000,0x00000000eca80000)
 ParOldGen       total 68608K, used 7269K [0x00000000c0000000, 0x00000000c4300000, 0x00000000eab00000)
  object space 68608K, 10% used [0x00000000c0000000,0x00000000c0719420,0x00000000c4300000)
 Metaspace       used 24219K, committed 24768K, reserved 1114112K
  class space    used 2464K, committed 2688K, reserved 1048576K
}
Event: 1.851 GC heap before
{Heap before GC invocations=7 (full 1):
 PSYoungGen      total 27648K, used 27079K [0x00000000eab00000, 0x00000000eca80000, 0x0000000100000000)
  eden space 25088K, 98% used [0x00000000eab00000,0x00000000ec304b58,0x00000000ec380000)
  from space 2560K, 97% used [0x00000000ec400000,0x00000000ec66d490,0x00000000ec680000)
  to   space 3584K, 0% used [0x00000000ec700000,0x00000000ec700000,0x00000000eca80000)
 ParOldGen       total 68608K, used 7269K [0x00000000c0000000, 0x00000000c4300000, 0x00000000eab00000)
  object space 68608K, 10% used [0x00000000c0000000,0x00000000c0719420,0x00000000c4300000)
 Metaspace       used 28304K, committed 28864K, reserved 1114112K
  class space    used 2771K, committed 3008K, reserved 1048576K
}
Event: 1.853 GC heap after
{Heap after GC invocations=7 (full 1):
 PSYoungGen      total 27136K, used 2136K [0x00000000eab00000, 0x00000000ec980000, 0x0000000100000000)
  eden space 24576K, 0% used [0x00000000eab00000,0x00000000eab00000,0x00000000ec300000)
  from space 2560K, 83% used [0x00000000ec700000,0x00000000ec916370,0x00000000ec980000)
  to   space 2560K, 0% used [0x00000000ec480000,0x00000000ec480000,0x00000000ec700000)
 ParOldGen       total 68608K, used 7277K [0x00000000c0000000, 0x00000000c4300000, 0x00000000eab00000)
  object space 68608K, 10% used [0x00000000c0000000,0x00000000c071b420,0x00000000c4300000)
 Metaspace       used 28304K, committed 28864K, reserved 1114112K
  class space    used 2771K, committed 3008K, reserved 1048576K
}
Event: 2.051 GC heap before
{Heap before GC invocations=8 (full 1):
 PSYoungGen      total 27136K, used 26712K [0x00000000eab00000, 0x00000000ec980000, 0x0000000100000000)
  eden space 24576K, 100% used [0x00000000eab00000,0x00000000ec300000,0x00000000ec300000)
  from space 2560K, 83% used [0x00000000ec700000,0x00000000ec916370,0x00000000ec980000)
  to   space 2560K, 0% used [0x00000000ec480000,0x00000000ec480000,0x00000000ec700000)
 ParOldGen       total 68608K, used 7277K [0x00000000c0000000, 0x00000000c4300000, 0x00000000eab00000)
  object space 68608K, 10% used [0x00000000c0000000,0x00000000c071b420,0x00000000c4300000)
 Metaspace       used 30397K, committed 30912K, reserved 1114112K
  class space    used 2941K, committed 3136K, reserved 1048576K
}
Event: 2.053 GC heap after
{Heap after GC invocations=8 (full 1):
 PSYoungGen      total 26624K, used 2547K [0x00000000eab00000, 0x00000000ecb80000, 0x0000000100000000)
  eden space 24064K, 0% used [0x00000000eab00000,0x00000000eab00000,0x00000000ec280000)
  from space 2560K, 99% used [0x00000000ec480000,0x00000000ec6fce48,0x00000000ec700000)
  to   space 4608K, 0% used [0x00000000ec700000,0x00000000ec700000,0x00000000ecb80000)
 ParOldGen       total 68608K, used 8688K [0x00000000c0000000, 0x00000000c4300000, 0x00000000eab00000)
  object space 68608K, 12% used [0x00000000c0000000,0x00000000c087c068,0x00000000c4300000)
 Metaspace       used 30397K, committed 30912K, reserved 1114112K
  class space    used 2941K, committed 3136K, reserved 1048576K
}
Event: 2.286 GC heap before
{Heap before GC invocations=9 (full 1):
 PSYoungGen      total 26624K, used 26611K [0x00000000eab00000, 0x00000000ecb80000, 0x0000000100000000)
  eden space 24064K, 100% used [0x00000000eab00000,0x00000000ec280000,0x00000000ec280000)
  from space 2560K, 99% used [0x00000000ec480000,0x00000000ec6fce48,0x00000000ec700000)
  to   space 4608K, 0% used [0x00000000ec700000,0x00000000ec700000,0x00000000ecb80000)
 ParOldGen       total 68608K, used 8688K [0x00000000c0000000, 0x00000000c4300000, 0x00000000eab00000)
  object space 68608K, 12% used [0x00000000c0000000,0x00000000c087c068,0x00000000c4300000)
 Metaspace       used 34202K, committed 34816K, reserved 1114112K
  class space    used 3384K, committed 3584K, reserved 1048576K
}
Event: 2.288 GC heap after
{Heap after GC invocations=9 (full 1):
 PSYoungGen      total 27648K, used 3839K [0x00000000eab00000, 0x00000000ecb00000, 0x0000000100000000)
  eden space 23552K, 0% used [0x00000000eab00000,0x00000000eab00000,0x00000000ec200000)
  from space 4096K, 93% used [0x00000000ec700000,0x00000000ecabfd48,0x00000000ecb00000)
  to   space 4096K, 0% used [0x00000000ec300000,0x00000000ec300000,0x00000000ec700000)
 ParOldGen       total 68608K, used 8696K [0x00000000c0000000, 0x00000000c4300000, 0x00000000eab00000)
  object space 68608K, 12% used [0x00000000c0000000,0x00000000c087e068,0x00000000c4300000)
 Metaspace       used 34202K, committed 34816K, reserved 1114112K
  class space    used 3384K, committed 3584K, reserved 1048576K
}
Event: 2.344 GC heap before
{Heap before GC invocations=10 (full 1):
 PSYoungGen      total 27648K, used 10228K [0x00000000eab00000, 0x00000000ecb00000, 0x0000000100000000)
  eden space 23552K, 27% used [0x00000000eab00000,0x00000000eb13d2e0,0x00000000ec200000)
  from space 4096K, 93% used [0x00000000ec700000,0x00000000ecabfd48,0x00000000ecb00000)
  to   space 4096K, 0% used [0x00000000ec300000,0x00000000ec300000,0x00000000ec700000)
 ParOldGen       total 68608K, used 8696K [0x00000000c0000000, 0x00000000c4300000, 0x00000000eab00000)
  object space 68608K, 12% used [0x00000000c0000000,0x00000000c087e068,0x00000000c4300000)
 Metaspace       used 35198K, committed 35840K, reserved 1114112K
  class space    used 3507K, committed 3776K, reserved 1048576K
}
Event: 2.346 GC heap after
{Heap after GC invocations=10 (full 1):
 PSYoungGen      total 27136K, used 3097K [0x00000000eab00000, 0x00000000ec900000, 0x0000000100000000)
  eden space 23552K, 0% used [0x00000000eab00000,0x00000000eab00000,0x00000000ec200000)
  from space 3584K, 86% used [0x00000000ec300000,0x00000000ec606528,0x00000000ec680000)
  to   space 2560K, 0% used [0x00000000ec680000,0x00000000ec680000,0x00000000ec900000)
 ParOldGen       total 68608K, used 9640K [0x00000000c0000000, 0x00000000c4300000, 0x00000000eab00000)
  object space 68608K, 14% used [0x00000000c0000000,0x00000000c096a3a0,0x00000000c4300000)
 Metaspace       used 35198K, committed 35840K, reserved 1114112K
  class space    used 3507K, committed 3776K, reserved 1048576K
}
Event: 2.346 GC heap before
{Heap before GC invocations=11 (full 2):
 PSYoungGen      total 27136K, used 3097K [0x00000000eab00000, 0x00000000ec900000, 0x0000000100000000)
  eden space 23552K, 0% used [0x00000000eab00000,0x00000000eab00000,0x00000000ec200000)
  from space 3584K, 86% used [0x00000000ec300000,0x00000000ec606528,0x00000000ec680000)
  to   space 2560K, 0% used [0x00000000ec680000,0x00000000ec680000,0x00000000ec900000)
 ParOldGen       total 68608K, used 9640K [0x00000000c0000000, 0x00000000c4300000, 0x00000000eab00000)
  object space 68608K, 14% used [0x00000000c0000000,0x00000000c096a3a0,0x00000000c4300000)
 Metaspace       used 35198K, committed 35840K, reserved 1114112K
  class space    used 3507K, committed 3776K, reserved 1048576K
}
Event: 2.360 GC heap after
{Heap after GC invocations=11 (full 2):
 PSYoungGen      total 27136K, used 0K [0x00000000eab00000, 0x00000000ec900000, 0x0000000100000000)
  eden space 23552K, 0% used [0x00000000eab00000,0x00000000eab00000,0x00000000ec200000)
  from space 3584K, 0% used [0x00000000ec300000,0x00000000ec300000,0x00000000ec680000)
  to   space 2560K, 0% used [0x00000000ec680000,0x00000000ec680000,0x00000000ec900000)
 ParOldGen       total 68608K, used 12322K [0x00000000c0000000, 0x00000000c4300000, 0x00000000eab00000)
  object space 68608K, 17% used [0x00000000c0000000,0x00000000c0c08888,0x00000000c4300000)
 Metaspace       used 35198K, committed 35840K, reserved 1114112K
  class space    used 3507K, committed 3776K, reserved 1048576K
}
Event: 2.646 GC heap before
{Heap before GC invocations=12 (full 2):
 PSYoungGen      total 27136K, used 23552K [0x00000000eab00000, 0x00000000ec900000, 0x0000000100000000)
  eden space 23552K, 100% used [0x00000000eab00000,0x00000000ec200000,0x00000000ec200000)
  from space 3584K, 0% used [0x00000000ec300000,0x00000000ec300000,0x00000000ec680000)
  to   space 2560K, 0% used [0x00000000ec680000,0x00000000ec680000,0x00000000ec900000)
 ParOldGen       total 68608K, used 12322K [0x00000000c0000000, 0x00000000c4300000, 0x00000000eab00000)
  object space 68608K, 17% used [0x00000000c0000000,0x00000000c0c08888,0x00000000c4300000)
 Metaspace       used 38333K, committed 39040K, reserved 1114112K
  class space    used 3824K, committed 4096K, reserved 1048576K
}
Event: 2.647 GC heap after
{Heap after GC invocations=12 (full 2):
 PSYoungGen      total 25088K, used 1811K [0x00000000eab00000, 0x00000000ec880000, 0x0000000100000000)
  eden space 23040K, 0% used [0x00000000eab00000,0x00000000eab00000,0x00000000ec180000)
  from space 2048K, 88% used [0x00000000ec680000,0x00000000ec844eb8,0x00000000ec880000)
  to   space 2560K, 0% used [0x00000000ec380000,0x00000000ec380000,0x00000000ec600000)
 ParOldGen       total 68608K, used 12330K [0x00000000c0000000, 0x00000000c4300000, 0x00000000eab00000)
  object space 68608K, 17% used [0x00000000c0000000,0x00000000c0c0a888,0x00000000c4300000)
 Metaspace       used 38333K, committed 39040K, reserved 1114112K
  class space    used 3824K, committed 4096K, reserved 1048576K
}
Event: 2.766 GC heap before
{Heap before GC invocations=13 (full 2):
 PSYoungGen      total 25088K, used 24851K [0x00000000eab00000, 0x00000000ec880000, 0x0000000100000000)
  eden space 23040K, 100% used [0x00000000eab00000,0x00000000ec180000,0x00000000ec180000)
  from space 2048K, 88% used [0x00000000ec680000,0x00000000ec844eb8,0x00000000ec880000)
  to   space 2560K, 0% used [0x00000000ec380000,0x00000000ec380000,0x00000000ec600000)
 ParOldGen       total 68608K, used 12330K [0x00000000c0000000, 0x00000000c4300000, 0x00000000eab00000)
  object space 68608K, 17% used [0x00000000c0000000,0x00000000c0c0a888,0x00000000c4300000)
 Metaspace       used 39011K, committed 39680K, reserved 1114112K
  class space    used 3917K, committed 4160K, reserved 1048576K
}
Event: 2.769 GC heap after
{Heap after GC invocations=13 (full 2):
 PSYoungGen      total 25088K, used 2240K [0x00000000eab00000, 0x00000000ec700000, 0x0000000100000000)
  eden space 22528K, 0% used [0x00000000eab00000,0x00000000eab00000,0x00000000ec100000)
  from space 2560K, 87% used [0x00000000ec380000,0x00000000ec5b0020,0x00000000ec600000)
  to   space 1024K, 0% used [0x00000000ec600000,0x00000000ec600000,0x00000000ec700000)
 ParOldGen       total 68608K, used 13964K [0x00000000c0000000, 0x00000000c4300000, 0x00000000eab00000)
  object space 68608K, 20% used [0x00000000c0000000,0x00000000c0da3160,0x00000000c4300000)
 Metaspace       used 39011K, committed 39680K, reserved 1114112K
  class space    used 3917K, committed 4160K, reserved 1048576K
}
Event: 2.839 GC heap before
{Heap before GC invocations=14 (full 2):
 PSYoungGen      total 25088K, used 24768K [0x00000000eab00000, 0x00000000ec700000, 0x0000000100000000)
  eden space 22528K, 100% used [0x00000000eab00000,0x00000000ec100000,0x00000000ec100000)
  from space 2560K, 87% used [0x00000000ec380000,0x00000000ec5b0020,0x00000000ec600000)
  to   space 1024K, 0% used [0x00000000ec600000,0x00000000ec600000,0x00000000ec700000)
 ParOldGen       total 68608K, used 13964K [0x00000000c0000000, 0x00000000c4300000, 0x00000000eab00000)
  object space 68608K, 20% used [0x00000000c0000000,0x00000000c0da3160,0x00000000c4300000)
 Metaspace       used 39121K, committed 39808K, reserved 1114112K
  class space    used 3924K, committed 4160K, reserved 1048576K
}
Event: 2.841 GC heap after
{Heap after GC invocations=14 (full 2):
 PSYoungGen      total 23040K, used 994K [0x00000000eab00000, 0x00000000ec980000, 0x0000000100000000)
  eden space 22016K, 0% used [0x00000000eab00000,0x00000000eab00000,0x00000000ec080000)
  from space 1024K, 97% used [0x00000000ec600000,0x00000000ec6f8810,0x00000000ec700000)
  to   space 4608K, 0% used [0x00000000ec080000,0x00000000ec080000,0x00000000ec500000)
 ParOldGen       total 68608K, used 16943K [0x00000000c0000000, 0x00000000c4300000, 0x00000000eab00000)
  object space 68608K, 24% used [0x00000000c0000000,0x00000000c108bd58,0x00000000c4300000)
 Metaspace       used 39121K, committed 39808K, reserved 1114112K
  class space    used 3924K, committed 4160K, reserved 1048576K
}

Dll operation events (10 events):
Event: 0.006 Loaded shared library c:\Users\Aditi\.windsurf\extensions\redhat.java-1.37.0-win32-x64\jre\17.0.13-win32-x86_64\bin\java.dll
Event: 0.112 Loaded shared library c:\Users\Aditi\.windsurf\extensions\redhat.java-1.37.0-win32-x64\jre\17.0.13-win32-x86_64\bin\zip.dll
Event: 0.115 Loaded shared library C:\Users\Aditi\.windsurf\extensions\redhat.java-1.37.0-win32-x64\jre\17.0.13-win32-x86_64\bin\instrument.dll
Event: 0.124 Loaded shared library C:\Users\Aditi\.windsurf\extensions\redhat.java-1.37.0-win32-x64\jre\17.0.13-win32-x86_64\bin\net.dll
Event: 0.126 Loaded shared library C:\Users\Aditi\.windsurf\extensions\redhat.java-1.37.0-win32-x64\jre\17.0.13-win32-x86_64\bin\nio.dll
Event: 0.131 Loaded shared library C:\Users\Aditi\.windsurf\extensions\redhat.java-1.37.0-win32-x64\jre\17.0.13-win32-x86_64\bin\zip.dll
Event: 0.142 Loaded shared library C:\Users\Aditi\.windsurf\extensions\redhat.java-1.37.0-win32-x64\jre\17.0.13-win32-x86_64\bin\jimage.dll
Event: 0.185 Loaded shared library c:\Users\Aditi\.windsurf\extensions\redhat.java-1.37.0-win32-x64\jre\17.0.13-win32-x86_64\bin\verify.dll
Event: 0.862 Loaded shared library C:\Users\Aditi\AppData\Roaming\Windsurf\User\globalStorage\redhat.java\1.37.0\config_ss_win\org.eclipse.equinox.launcher\org.eclipse.equinox.launcher.win32.win32.x86_64_1.2.1100.v20240722-2106\eclipse_11904.dll
Event: 1.511 Loaded shared library C:\Users\Aditi\AppData\Local\Temp\jna-63112571\jna2859137291007349407.dll

Deoptimization events (20 events):
Event: 2.702 Thread 0x000001e6da7dad20 Uncommon trap: trap_request=0xffffffcc fr.pc=0x000001e6c8736744 relative=0x0000000000000324
Event: 2.702 Thread 0x000001e6da7dad20 Uncommon trap: reason=intrinsic_or_type_checked_inlining action=make_not_entrant pc=0x000001e6c8736744 method=java.util.Arrays.copyOf([Ljava/lang/Object;ILjava/lang/Class;)[Ljava/lang/Object; @ 35 c2
Event: 2.702 Thread 0x000001e6da7dad20 DEOPT PACKING pc=0x000001e6c8736744 sp=0x00000079eeafb2a0
Event: 2.702 Thread 0x000001e6da7dad20 DEOPT UNPACKING pc=0x000001e6c7e766a3 sp=0x00000079eeafb230 mode 2
Event: 2.707 Thread 0x000001e6da7dad20 Uncommon trap: trap_request=0xffffff45 fr.pc=0x000001e6c8739140 relative=0x0000000000000920
Event: 2.707 Thread 0x000001e6da7dad20 Uncommon trap: reason=unstable_if action=reinterpret pc=0x000001e6c8739140 method=jdk.internal.jimage.ImageReader$SharedImageReader.findNode(Ljava/lang/String;)Ljdk/internal/jimage/ImageReader$Node; @ 25 c2
Event: 2.707 Thread 0x000001e6da7dad20 DEOPT PACKING pc=0x000001e6c8739140 sp=0x00000079eeafc780
Event: 2.707 Thread 0x000001e6da7dad20 DEOPT UNPACKING pc=0x000001e6c7e766a3 sp=0x00000079eeafc758 mode 2
Event: 2.708 Thread 0x000001e6da7dad20 Uncommon trap: trap_request=0xffffff45 fr.pc=0x000001e6c872e30c relative=0x000000000000016c
Event: 2.708 Thread 0x000001e6da7dad20 Uncommon trap: reason=unstable_if action=reinterpret pc=0x000001e6c872e30c method=jdk.internal.jrtfs.JrtPath.normalize(Ljava/lang/String;)Ljava/lang/String; @ 78 c2
Event: 2.708 Thread 0x000001e6da7dad20 DEOPT PACKING pc=0x000001e6c872e30c sp=0x00000079eeafca60
Event: 2.708 Thread 0x000001e6da7dad20 DEOPT UNPACKING pc=0x000001e6c7e766a3 sp=0x00000079eeafc9e0 mode 2
Event: 2.797 Thread 0x000001e6da7dad20 Uncommon trap: trap_request=0xffffff45 fr.pc=0x000001e6c8745cac relative=0x00000000000008ac
Event: 2.797 Thread 0x000001e6da7dad20 Uncommon trap: reason=unstable_if action=reinterpret pc=0x000001e6c8745cac method=java.util.ArrayList.equalsRange(Ljava/util/List;II)Z @ 76 c2
Event: 2.798 Thread 0x000001e6da7dad20 DEOPT PACKING pc=0x000001e6c8745cac sp=0x00000079eeafcc30
Event: 2.798 Thread 0x000001e6da7dad20 DEOPT UNPACKING pc=0x000001e6c7e766a3 sp=0x00000079eeafcbd0 mode 2
Event: 2.930 Thread 0x000001e6da7dad20 Uncommon trap: trap_request=0xffffff45 fr.pc=0x000001e6c86d68e8 relative=0x0000000000000768
Event: 2.930 Thread 0x000001e6da7dad20 Uncommon trap: reason=unstable_if action=reinterpret pc=0x000001e6c86d68e8 method=java.util.Properties$LineReader.readLine()I @ 295 c2
Event: 2.930 Thread 0x000001e6da7dad20 DEOPT PACKING pc=0x000001e6c86d68e8 sp=0x00000079eeafd3e0
Event: 2.931 Thread 0x000001e6da7dad20 DEOPT UNPACKING pc=0x000001e6c7e766a3 sp=0x00000079eeafd378 mode 2

Classes loaded (20 events):
Event: 2.697 Loading class java/lang/invoke/MethodHandleImpl$Makers$2
Event: 2.697 Loading class java/lang/invoke/MethodHandleImpl$Makers$2 done
Event: 2.697 Loading class java/lang/invoke/MethodHandleImpl$Makers$3
Event: 2.697 Loading class java/lang/invoke/MethodHandleImpl$Makers$3 done
Event: 2.699 Loading class java/lang/invoke/DirectMethodHandle$EnsureInitialized
Event: 2.700 Loading class java/lang/invoke/DirectMethodHandle$EnsureInitialized done
Event: 2.700 Loading class java/lang/invoke/BoundMethodHandle$Species_I
Event: 2.700 Loading class java/lang/invoke/BoundMethodHandle$Species_I done
Event: 2.701 Loading class java/lang/runtime/ObjectMethods$1
Event: 2.701 Loading class java/lang/runtime/ObjectMethods$1 done
Event: 2.705 Loading class java/lang/invoke/DirectMethodHandle$1
Event: 2.705 Loading class java/lang/invoke/DirectMethodHandle$1 done
Event: 2.723 Loading class java/util/AbstractList$ListItr
Event: 2.723 Loading class java/util/AbstractList$ListItr done
Event: 2.727 Loading class java/nio/channels/Channels$ReadableByteChannelImpl
Event: 2.727 Loading class java/nio/channels/Channels$ReadableByteChannelImpl done
Event: 2.728 Loading class java/nio/channels/NonWritableChannelException
Event: 2.728 Loading class java/nio/channels/NonWritableChannelException done
Event: 2.938 Loading class java/lang/ExceptionInInitializerError
Event: 2.938 Loading class java/lang/ExceptionInInitializerError done

Classes unloaded (7 events):
Event: 1.356 Thread 0x000001e6bddb57c0 Unloading class 0x0000000100219400 'java/lang/invoke/LambdaForm$MH+0x0000000100219400'
Event: 1.356 Thread 0x000001e6bddb57c0 Unloading class 0x0000000100219000 'java/lang/invoke/LambdaForm$MH+0x0000000100219000'
Event: 1.356 Thread 0x000001e6bddb57c0 Unloading class 0x0000000100218c00 'java/lang/invoke/LambdaForm$MH+0x0000000100218c00'
Event: 1.356 Thread 0x000001e6bddb57c0 Unloading class 0x0000000100218800 'java/lang/invoke/LambdaForm$MH+0x0000000100218800'
Event: 1.356 Thread 0x000001e6bddb57c0 Unloading class 0x0000000100218400 'java/lang/invoke/LambdaForm$BMH+0x0000000100218400'
Event: 1.356 Thread 0x000001e6bddb57c0 Unloading class 0x0000000100218000 'java/lang/invoke/LambdaForm$DMH+0x0000000100218000'
Event: 1.356 Thread 0x000001e6bddb57c0 Unloading class 0x0000000100214400 'java/lang/invoke/LambdaForm$DMH+0x0000000100214400'

Classes redefined (0 events):
No events

Internal exceptions (20 events):
Event: 2.304 Thread 0x000001e6da1f03f0 Exception <a 'java/lang/NoSuchMethodError'{0x00000000eacc4a88}: 'java.lang.Object java.lang.invoke.Invokers$Holder.linkToTargetMethod(java.lang.Object, java.lang.Object, int, java.lang.Object)'> (0x00000000eacc4a88) 
thrown [s\src\hotspot\share\interpreter\linkResolver.cpp, line 759]
Event: 2.305 Thread 0x000001e6da1f03f0 Exception <a 'java/lang/NoSuchMethodError'{0x00000000eacffc48}: 'void java.lang.invoke.DirectMethodHandle$Holder.invokeStaticInit(java.lang.Object, java.lang.Object, java.lang.Object)'> (0x00000000eacffc48) 
thrown [s\src\hotspot\share\interpreter\linkResolver.cpp, line 759]
Event: 2.373 Thread 0x000001e6bdd2bd10 Exception <a 'java/lang/NoSuchMethodError'{0x00000000eac34078}: 'void java.lang.invoke.DirectMethodHandle$Holder.invokeSpecial(java.lang.Object, java.lang.Object, java.lang.Object, java.lang.Object, java.lang.Object, java.lang.Object)'> (0x00000000eac34078) 
thrown [s\src\hotspot\share\interpreter\linkResolver.cpp, line 759]
Event: 2.375 Thread 0x000001e6bdd2bd10 Exception <a 'java/lang/IncompatibleClassChangeError'{0x00000000eac3db70}: Found class java.lang.Object, but interface was expected> (0x00000000eac3db70) 
thrown [s\src\hotspot\share\interpreter\linkResolver.cpp, line 826]
Event: 2.511 Thread 0x000001e6da7dad20 Exception <a 'java/io/FileNotFoundException'{0x00000000eb7a4748}> (0x00000000eb7a4748) 
thrown [s\src\hotspot\share\prims\jni.cpp, line 516]
Event: 2.529 Thread 0x000001e6da7dad20 Exception <a 'sun/nio/fs/WindowsException'{0x00000000eb936bf0}> (0x00000000eb936bf0) 
thrown [s\src\hotspot\share\prims\jni.cpp, line 516]
Event: 2.586 Thread 0x000001e6da7dad20 Exception <a 'java/lang/NoSuchMethodError'{0x00000000ebd94080}: 'java.lang.Object java.lang.invoke.DirectMethodHandle$Holder.invokeInterface(java.lang.Object, java.lang.Object, java.lang.Object)'> (0x00000000ebd94080) 
thrown [s\src\hotspot\share\interpreter\linkResolver.cpp, line 759]
Event: 2.624 Thread 0x000001e6da7dad20 Exception <a 'java/lang/NoSuchMethodError'{0x00000000ec097e00}: 'java.lang.Object java.lang.invoke.Invokers$Holder.invoke_MT(java.lang.Object, java.lang.Object, java.lang.Object)'> (0x00000000ec097e00) 
thrown [s\src\hotspot\share\interpreter\linkResolver.cpp, line 759]
Event: 2.684 Thread 0x000001e6da1f03f0 Exception <a 'java/lang/NoSuchMethodError'{0x00000000eaf36828}: 'java.lang.Object java.lang.invoke.DirectMethodHandle$Holder.newInvokeSpecial(java.lang.Object, java.lang.Object, java.lang.Object, java.lang.Object, java.lang.Object, java.lang.Object)'> (0x00000000eaf36828) 
thrown [s\src\hotspot\share\interpreter\linkResolver.cpp, line 759]
Event: 2.694 Thread 0x000001e6da7dad20 Exception <a 'java/lang/NoSuchMethodError'{0x00000000eafc0d48}: 'java.lang.Object java.lang.invoke.DirectMethodHandle$Holder.invokeStaticInit(java.lang.Object, java.lang.Object, java.lang.Object, java.lang.Object, java.lang.Object, java.lang.Object, java.lang.Object)'> (0x00000000eafc0d48) 
thrown [s\src\hotspot\share\interpreter\linkResolver.cpp, line 759]
Event: 2.695 Thread 0x000001e6da7dad20 Exception <a 'java/lang/NoSuchMethodError'{0x00000000eafca058}: 'java.lang.Object java.lang.invoke.DirectMethodHandle$Holder.invokeSpecial(java.lang.Object, java.lang.Object, java.lang.Object, java.lang.Object, java.lang.Object, java.lang.Object, java.lang.Object, java.lang.Object, java.lang.Object, java.lang.Object)'> (0x00000000eafca058) 
thrown [s\src\hotspot\share\interpreter\linkResolver.cpp, line 759]
Event: 2.696 Thread 0x000001e6da7dad20 Exception <a 'java/lang/NoSuchMethodError'{0x00000000eafce8e8}: 'java.lang.Object java.lang.invoke.Invokers$Holder.invoke_MT(java.lang.Object, java.lang.Object, java.lang.Object, java.lang.Object, java.lang.Object, java.lang.Object, java.lang.Object, java.lang.Object, java.lang.Object, java.lang.Object)'> (0x00000000eafce8e8) 
thrown [s\src\hotspot\share\interpreter\linkResolver.cpp, line 759]
Event: 2.701 Thread 0x000001e6da7dad20 Exception <a 'java/lang/NoSuchMethodError'{0x00000000eb0155b8}: 'int java.lang.invoke.DirectMethodHandle$Holder.invokeVirtual(java.lang.Object, java.lang.Object, java.lang.Object)'> (0x00000000eb0155b8) 
thrown [s\src\hotspot\share\interpreter\linkResolver.cpp, line 759]
Event: 2.702 Thread 0x000001e6da7dad20 Exception <a 'java/lang/NoSuchMethodError'{0x00000000eb019118}: 'int java.lang.invoke.DirectMethodHandle$Holder.invokeVirtual(java.lang.Object, java.lang.Object)'> (0x00000000eb019118) 
thrown [s\src\hotspot\share\interpreter\linkResolver.cpp, line 759]
Event: 2.702 Thread 0x000001e6da7dad20 Exception <a 'java/lang/NoSuchMethodError'{0x00000000eb01d688}: 'int java.lang.invoke.DirectMethodHandle$Holder.invokeStaticInit(java.lang.Object, int, int)'> (0x00000000eb01d688) 
thrown [s\src\hotspot\share\interpreter\linkResolver.cpp, line 759]
Event: 2.703 Thread 0x000001e6da7dad20 Exception <a 'java/lang/NoSuchMethodError'{0x00000000eb025120}: 'int java.lang.invoke.DirectMethodHandle$Holder.invokeStaticInit(java.lang.Object, long, long)'> (0x00000000eb025120) 
thrown [s\src\hotspot\share\interpreter\linkResolver.cpp, line 759]
Event: 2.703 Thread 0x000001e6da7dad20 Exception <a 'java/lang/NoSuchMethodError'{0x00000000eb02c218}: 'int java.lang.invoke.DirectMethodHandle$Holder.invokeStaticInit(java.lang.Object, float, float)'> (0x00000000eb02c218) 
thrown [s\src\hotspot\share\interpreter\linkResolver.cpp, line 759]
Event: 2.704 Thread 0x000001e6da7dad20 Exception <a 'java/lang/NoSuchMethodError'{0x00000000eb033318}: 'int java.lang.invoke.DirectMethodHandle$Holder.invokeStaticInit(java.lang.Object, double, double)'> (0x00000000eb033318) 
thrown [s\src\hotspot\share\interpreter\linkResolver.cpp, line 759]
Event: 2.704 Thread 0x000001e6da7dad20 Exception <a 'java/lang/NoSuchMethodError'{0x00000000eb037e38}: 'int java.lang.invoke.DirectMethodHandle$Holder.invokeStatic(java.lang.Object, long)'> (0x00000000eb037e38) 
thrown [s\src\hotspot\share\interpreter\linkResolver.cpp, line 759]
Event: 2.706 Thread 0x000001e6da7dad20 Exception <a 'java/lang/NoSuchMethodError'{0x00000000eb05fcb8}: 'int java.lang.invoke.Invokers$Holder.linkToTargetMethod(java.lang.Object, java.lang.Object)'> (0x00000000eb05fcb8) 
thrown [s\src\hotspot\share\interpreter\linkResolver.cpp, line 759]

VM Operations (20 events):
Event: 2.344 Executing VM operation: CollectForMetadataAllocation
Event: 2.360 Executing VM operation: CollectForMetadataAllocation done
Event: 2.494 Executing VM operation: HandshakeAllThreads
Event: 2.494 Executing VM operation: HandshakeAllThreads done
Event: 2.505 Executing VM operation: HandshakeAllThreads
Event: 2.505 Executing VM operation: HandshakeAllThreads done
Event: 2.612 Executing VM operation: HandshakeAllThreads
Event: 2.612 Executing VM operation: HandshakeAllThreads done
Event: 2.636 Executing VM operation: HandshakeAllThreads
Event: 2.636 Executing VM operation: HandshakeAllThreads done
Event: 2.636 Executing VM operation: HandshakeAllThreads
Event: 2.636 Executing VM operation: HandshakeAllThreads done
Event: 2.646 Executing VM operation: ParallelGCFailedAllocation
Event: 2.647 Executing VM operation: ParallelGCFailedAllocation done
Event: 2.728 Executing VM operation: HandshakeAllThreads
Event: 2.728 Executing VM operation: HandshakeAllThreads done
Event: 2.766 Executing VM operation: ParallelGCFailedAllocation
Event: 2.769 Executing VM operation: ParallelGCFailedAllocation done
Event: 2.839 Executing VM operation: ParallelGCFailedAllocation
Event: 2.841 Executing VM operation: ParallelGCFailedAllocation done

Memory protections (0 events):
No events

Nmethod flushes (0 events):
No events

Events (20 events):
Event: 2.224 Thread 0x000001e6bdd2bd10 Thread added: 0x000001e6dab2e270
Event: 2.224 Thread 0x000001e6bdd2bd10 Thread added: 0x000001e6dab2e780
Event: 2.224 Thread 0x000001e6bdd2bd10 Thread added: 0x000001e6dab2b4e0
Event: 2.224 Thread 0x000001e6bdd2bd10 Thread added: 0x000001e6dab2ec90
Event: 2.224 Thread 0x000001e6bdd2bd10 Thread added: 0x000001e6dab2c920
Event: 2.224 Thread 0x000001e6bdd2bd10 Thread added: 0x000001e6dab2ce30
Event: 2.224 Thread 0x000001e6bdd2bd10 Thread added: 0x000001e6dab2dd60
Event: 2.224 Thread 0x000001e6bdd2bd10 Thread added: 0x000001e6dab2d340
Event: 2.224 Thread 0x000001e6bdd2bd10 Thread added: 0x000001e6dab2d850
Event: 2.224 Thread 0x000001e6bdd2bd10 Thread added: 0x000001e6dab2bf00
Event: 2.224 Thread 0x000001e6bdd2bd10 Thread added: 0x000001e6dab2c410
Event: 2.224 Thread 0x000001e6bdd2bd10 Thread added: 0x000001e6da7d7570
Event: 2.246 Thread 0x000001e6bdd2bd10 Thread added: 0x000001e6da7d9df0
Event: 2.307 Thread 0x000001e6da1f1d40 Thread added: 0x000001e6da7da810
Event: 2.389 Thread 0x000001e6bdd2bd10 Thread added: 0x000001e6da7dd5a0
Event: 2.389 Thread 0x000001e6bdd2bd10 Thread added: 0x000001e6da7dad20
Event: 2.451 Thread 0x000001e6d9440130 Thread added: 0x000001e6d9442bd0
Event: 2.453 Thread 0x000001e6d7039d30 Thread added: 0x000001e6d9443670
Event: 2.460 Thread 0x000001e6d94406a0 Thread added: 0x000001e6d9441be0
Event: 2.798 Thread 0x000001e6d9440130 Thread added: 0x000001e6d9442680


Dynamic libraries:
0x00007ff7c8850000 - 0x00007ff7c885e000 	c:\Users\Aditi\.windsurf\extensions\redhat.java-1.37.0-win32-x64\jre\17.0.13-win32-x86_64\bin\java.exe
0x00007ffa34ee0000 - 0x00007ffa350e9000 	C:\windows\SYSTEM32\ntdll.dll
0x00007ffa32d30000 - 0x00007ffa32ded000 	C:\windows\System32\KERNEL32.DLL
0x00007ffa323a0000 - 0x00007ffa32724000 	C:\windows\System32\KERNELBASE.dll
0x00007ffa32af0000 - 0x00007ffa32c01000 	C:\windows\System32\ucrtbase.dll
0x00007ffa052d0000 - 0x00007ffa052e7000 	c:\Users\Aditi\.windsurf\extensions\redhat.java-1.37.0-win32-x64\jre\17.0.13-win32-x86_64\bin\jli.dll
0x00007ffa05200000 - 0x00007ffa0521e000 	c:\Users\Aditi\.windsurf\extensions\redhat.java-1.37.0-win32-x64\jre\17.0.13-win32-x86_64\bin\VCRUNTIME140.dll
0x00007ffa34cf0000 - 0x00007ffa34e9d000 	C:\windows\System32\USER32.dll
0x00007ffa32370000 - 0x00007ffa32396000 	C:\windows\System32\win32u.dll
0x00007ffa33230000 - 0x00007ffa3325a000 	C:\windows\System32\GDI32.dll
0x00007ffa13780000 - 0x00007ffa13a25000 	C:\windows\WinSxS\amd64_microsoft.windows.common-controls_6595b64144ccf1df_6.0.22000.120_none_9d947278b86cc467\COMCTL32.dll
0x00007ffa32c10000 - 0x00007ffa32d2e000 	C:\windows\System32\gdi32full.dll
0x00007ffa33260000 - 0x00007ffa33303000 	C:\windows\System32\msvcrt.dll
0x00007ffa32a50000 - 0x00007ffa32aed000 	C:\windows\System32\msvcp_win.dll
0x00007ffa336d0000 - 0x00007ffa33701000 	C:\windows\System32\IMM32.DLL
0x00007ffa1c1c0000 - 0x00007ffa1c1cc000 	c:\Users\Aditi\.windsurf\extensions\redhat.java-1.37.0-win32-x64\jre\17.0.13-win32-x86_64\bin\vcruntime140_1.dll
0x00007ff9d61c0000 - 0x00007ff9d624d000 	c:\Users\Aditi\.windsurf\extensions\redhat.java-1.37.0-win32-x64\jre\17.0.13-win32-x86_64\bin\msvcp140.dll
0x00007ff96fdd0000 - 0x00007ff970a3b000 	c:\Users\Aditi\.windsurf\extensions\redhat.java-1.37.0-win32-x64\jre\17.0.13-win32-x86_64\bin\server\jvm.dll
0x00007ffa33e20000 - 0x00007ffa33ece000 	C:\windows\System32\ADVAPI32.dll
0x00007ffa343f0000 - 0x00007ffa3448e000 	C:\windows\System32\sechost.dll
0x00007ffa33500000 - 0x00007ffa33621000 	C:\windows\System32\RPCRT4.dll
0x00007ffa33720000 - 0x00007ffa3378f000 	C:\windows\System32\WS2_32.dll
0x00007ffa30ca0000 - 0x00007ffa30ced000 	C:\windows\SYSTEM32\POWRPROF.dll
0x00007ffa2a6d0000 - 0x00007ffa2a703000 	C:\windows\SYSTEM32\WINMM.dll
0x00007ffa28cf0000 - 0x00007ffa28cfa000 	C:\windows\SYSTEM32\VERSION.dll
0x00007ffa30d90000 - 0x00007ffa30da3000 	C:\windows\SYSTEM32\UMPDC.dll
0x00007ffa314d0000 - 0x00007ffa314e8000 	C:\windows\SYSTEM32\kernel.appcore.dll
0x00007ffa0a710000 - 0x00007ffa0a71a000 	c:\Users\Aditi\.windsurf\extensions\redhat.java-1.37.0-win32-x64\jre\17.0.13-win32-x86_64\bin\jimage.dll
0x00007ffa2fa00000 - 0x00007ffa2fc21000 	C:\windows\SYSTEM32\DBGHELP.DLL
0x00007ffa28b50000 - 0x00007ffa28b81000 	C:\windows\SYSTEM32\dbgcore.DLL
0x00007ffa327f0000 - 0x00007ffa3286f000 	C:\windows\System32\bcryptPrimitives.dll
0x00007ffa05060000 - 0x00007ffa0506e000 	c:\Users\Aditi\.windsurf\extensions\redhat.java-1.37.0-win32-x64\jre\17.0.13-win32-x86_64\bin\instrument.dll
0x00007ff9f4990000 - 0x00007ff9f49b5000 	c:\Users\Aditi\.windsurf\extensions\redhat.java-1.37.0-win32-x64\jre\17.0.13-win32-x86_64\bin\java.dll
0x00007ffa00230000 - 0x00007ffa00248000 	c:\Users\Aditi\.windsurf\extensions\redhat.java-1.37.0-win32-x64\jre\17.0.13-win32-x86_64\bin\zip.dll
0x00007ffa34510000 - 0x00007ffa34cd5000 	C:\windows\System32\SHELL32.dll
0x00007ffa30420000 - 0x00007ffa30c82000 	C:\windows\SYSTEM32\windows.storage.dll
0x00007ffa32e50000 - 0x00007ffa331c6000 	C:\windows\System32\combase.dll
0x00007ffa302b0000 - 0x00007ffa30417000 	C:\windows\SYSTEM32\wintypes.dll
0x00007ffa333f0000 - 0x00007ffa334da000 	C:\windows\System32\SHCORE.dll
0x00007ffa32df0000 - 0x00007ffa32e4d000 	C:\windows\System32\shlwapi.dll
0x00007ffa322a0000 - 0x00007ffa322c5000 	C:\windows\SYSTEM32\profapi.dll
0x00007ff9feb70000 - 0x00007ff9feb89000 	C:\Users\Aditi\.windsurf\extensions\redhat.java-1.37.0-win32-x64\jre\17.0.13-win32-x86_64\bin\net.dll
0x00007ffa2b3f0000 - 0x00007ffa2b504000 	C:\windows\SYSTEM32\WINHTTP.dll
0x00007ffa31980000 - 0x00007ffa319e7000 	C:\windows\system32\mswsock.dll
0x00007ff9fc670000 - 0x00007ff9fc686000 	C:\Users\Aditi\.windsurf\extensions\redhat.java-1.37.0-win32-x64\jre\17.0.13-win32-x86_64\bin\nio.dll
0x00007ffa04ed0000 - 0x00007ffa04ee0000 	c:\Users\Aditi\.windsurf\extensions\redhat.java-1.37.0-win32-x64\jre\17.0.13-win32-x86_64\bin\verify.dll
0x00007ff9f1d60000 - 0x00007ff9f1da5000 	C:\Users\Aditi\AppData\Roaming\Windsurf\User\globalStorage\redhat.java\1.37.0\config_ss_win\org.eclipse.equinox.launcher\org.eclipse.equinox.launcher.win32.win32.x86_64_1.2.1100.v20240722-2106\eclipse_11904.dll
0x00007ffa33c80000 - 0x00007ffa33e1a000 	C:\windows\System32\ole32.dll
0x00007ffa31bc0000 - 0x00007ffa31bd8000 	C:\windows\SYSTEM32\CRYPTSP.dll
0x00007ffa31430000 - 0x00007ffa31465000 	C:\windows\system32\rsaenh.dll
0x00007ffa31a70000 - 0x00007ffa31a9c000 	C:\windows\SYSTEM32\USERENV.dll
0x00007ffa31d40000 - 0x00007ffa31d67000 	C:\windows\SYSTEM32\bcrypt.dll
0x00007ffa31be0000 - 0x00007ffa31bec000 	C:\windows\SYSTEM32\CRYPTBASE.dll
0x00007ffa30fc0000 - 0x00007ffa30fed000 	C:\windows\SYSTEM32\IPHLPAPI.DLL
0x00007ffa336c0000 - 0x00007ffa336c9000 	C:\windows\System32\NSI.dll
0x00007ffa2b070000 - 0x00007ffa2b089000 	C:\windows\SYSTEM32\dhcpcsvc6.DLL
0x00007ffa2b780000 - 0x00007ffa2b79e000 	C:\windows\SYSTEM32\dhcpcsvc.DLL
0x00007ffa30ff0000 - 0x00007ffa310d7000 	C:\windows\SYSTEM32\DNSAPI.dll
0x00007ff9f0b30000 - 0x00007ff9f0b79000 	C:\Users\Aditi\AppData\Local\Temp\jna-63112571\jna2859137291007349407.dll
0x00007ffa34490000 - 0x00007ffa34498000 	C:\windows\System32\PSAPI.DLL

dbghelp: loaded successfully - version: 4.0.5 - missing functions: none
symbol engine: initialized successfully - sym options: 0x614 - pdb path: .;c:\Users\Aditi\.windsurf\extensions\redhat.java-1.37.0-win32-x64\jre\17.0.13-win32-x86_64\bin;C:\windows\SYSTEM32;C:\windows\WinSxS\amd64_microsoft.windows.common-controls_6595b64144ccf1df_6.0.22000.120_none_9d947278b86cc467;c:\Users\Aditi\.windsurf\extensions\redhat.java-1.37.0-win32-x64\jre\17.0.13-win32-x86_64\bin\server;C:\Users\Aditi\AppData\Roaming\Windsurf\User\globalStorage\redhat.java\1.37.0\config_ss_win\org.eclipse.equinox.launcher\org.eclipse.equinox.launcher.win32.win32.x86_64_1.2.1100.v20240722-2106;C:\Users\Aditi\AppData\Local\Temp\jna-63112571

VM Arguments:
jvm_args: --add-modules=ALL-SYSTEM --add-opens=java.base/java.util=ALL-UNNAMED --add-opens=java.base/java.lang=ALL-UNNAMED --add-opens=java.base/sun.nio.fs=ALL-UNNAMED -Declipse.application=org.eclipse.jdt.ls.core.id1 -Dosgi.bundles.defaultStartLevel=4 -Declipse.product=org.eclipse.jdt.ls.core.product -Djava.import.generatesMetadataFilesAtProjectRoot=false -DDetectVMInstallationsJob.disabled=true -Dfile.encoding=utf8 -XX:+UseParallelGC -XX:GCTimeRatio=4 -XX:AdaptiveSizePolicyWeight=90 -Dsun.zip.disableMemoryMapping=true -Xmx1G -Xms100m -Xlog:disable -javaagent:c:\Users\Aditi\.windsurf\extensions\redhat.java-1.37.0-win32-x64\lombok\lombok-1.18.34.jar 
java_command: c:\Users\Aditi\.windsurf\extensions\redhat.java-1.37.0-win32-x64\server\plugins\org.eclipse.equinox.launcher_1.6.900.v20240613-2009.jar -configuration c:\Users\Aditi\AppData\Roaming\Windsurf\User\globalStorage\redhat.java\1.37.0\config_ss_win -data c:\Users\Aditi\AppData\Roaming\Windsurf\User\workspaceStorage\5a62fe60db819c467c7b9c047bd09c87\redhat.java\ss_ws --pipe=\\.\pipe\lsp-008d309c839b0f8548f6b664ad87886d-sock
java_class_path (initial): c:\Users\Aditi\.windsurf\extensions\redhat.java-1.37.0-win32-x64\server\plugins\org.eclipse.equinox.launcher_1.6.900.v20240613-2009.jar
Launcher Type: SUN_STANDARD

[Global flags]
    uintx AdaptiveSizePolicyWeight                 = 90                                        {product} {command line}
     intx CICompilerCount                          = 12                                        {product} {ergonomic}
    uintx GCTimeRatio                              = 4                                         {product} {command line}
   size_t InitialHeapSize                          = 104857600                                 {product} {command line}
   size_t MaxHeapSize                              = 1073741824                                {product} {command line}
   size_t MaxNewSize                               = 357564416                                 {product} {ergonomic}
   size_t MinHeapDeltaBytes                        = 524288                                    {product} {ergonomic}
   size_t MinHeapSize                              = 104857600                                 {product} {command line}
   size_t NewSize                                  = 34603008                                  {product} {ergonomic}
    uintx NonNMethodCodeHeapSize                   = 7602480                                {pd product} {ergonomic}
    uintx NonProfiledCodeHeapSize                  = 122027880                              {pd product} {ergonomic}
   size_t OldSize                                  = 70254592                                  {product} {ergonomic}
    uintx ProfiledCodeHeapSize                     = 122027880                              {pd product} {ergonomic}
    uintx ReservedCodeCacheSize                    = 251658240                              {pd product} {ergonomic}
     bool SegmentedCodeCache                       = true                                      {product} {ergonomic}
   size_t SoftMaxHeapSize                          = 1073741824                             {manageable} {ergonomic}
     bool UseCompressedClassPointers               = true                           {product lp64_product} {ergonomic}
     bool UseCompressedOops                        = true                           {product lp64_product} {ergonomic}
     bool UseLargePagesIndividualAllocation        = false                                  {pd product} {ergonomic}
     bool UseParallelGC                            = true                                      {product} {command line}

Logging:
Log output configuration:
 #0: stdout all=off uptime,level,tags
 #1: stderr all=off uptime,level,tags

Environment Variables:
PATH=C:\Users\Aditi\Downloads\WINDOWS.X64_213000_db_home\bin;C:\windows\system32;C:\windows;C:\windows\System32\Wbem;C:\windows\System32\WindowsPowerShell\v1.0\;C:\windows\System32\OpenSSH\;C:\Program Files (x86)\NVIDIA Corporation\PhysX\Common;C:\Program Files\NVIDIA Corporation\NVIDIA NvDLISR;C:\Program Files\Common Files\Autodesk Shared\;C:\Program Files (x86)\Autodesk\Backburner\;C:\Program Files\dotnet\;C:\Program Files\Microsoft SQL Server\120\Tools\Binn\;C:\TDM-GCC-32\bin;C:\Program Files\Git\cmd;C:\Program Files\Git\bin;C:\Program Files\nodejs\;C:\Program Files\Docker\Docker\resources\bin;C:\Users\Aditi\Downloads\flutter_windows_3.19.5-stable\flutter\bin;C:\Users\Aditi\AppData\Local\Microsoft\WindowsApps;C:\Users\Aditi\AppData\Local\Programs\Microsoft VS Code\bin;C:\TDM-GCC-32\bin;C:\msys64\mingw64\bin;C:\Program Files\JetBrains\IntelliJ IDEA Community Edition 2024.1\bin;;C:\Users\Aditi\Downloads\jdk-21_windows-x64_bin\jdk-21.0.2\bin;C:\Users\Aditi\Downloads\dartsdk-windows-x64-release\dart-sdk\bin;C:\Users\Aditi\AppData\Roaming\npm;C:\Program Files\JetBrains\IntelliJ IDEA 2024.3\bin;;C:\Users\Aditi\AppData\Local\Programs\Windsurf\bin
USERNAME=Aditi
OS=Windows_NT
PROCESSOR_IDENTIFIER=Intel64 Family 6 Model 154 Stepping 3, GenuineIntel
TMP=C:\Users\Aditi\AppData\Local\Temp
TEMP=C:\Users\Aditi\AppData\Local\Temp



Periodic native trim disabled


---------------  S Y S T E M  ---------------

OS:
 Windows 11 , 64 bit Build 22000 (10.0.22000.2538)
OS uptime: 0 days 11:04 hours
Hyper-V role detected

CPU: total 20 (initial active 20) (10 cores per cpu, 2 threads per core) family 6 model 154 stepping 3 microcode 0x413, cx8, cmov, fxsr, ht, mmx, 3dnowpref, sse, sse2, sse3, ssse3, sse4.1, sse4.2, popcnt, lzcnt, tsc, tscinvbit, avx, avx2, aes, erms, clmul, bmi1, bmi2, adx, sha, fma, vzeroupper, clflush, clflushopt, clwb, hv
Processor Information for processor 0
  Max Mhz: 2300, Current Mhz: 2300, Mhz Limit: 1679
Processor Information for processor 1
  Max Mhz: 2300, Current Mhz: 2300, Mhz Limit: 2300
Processor Information for processor 2
  Max Mhz: 2300, Current Mhz: 2300, Mhz Limit: 2300
Processor Information for processor 3
  Max Mhz: 2300, Current Mhz: 2300, Mhz Limit: 2300
Processor Information for processor 4
  Max Mhz: 2300, Current Mhz: 2300, Mhz Limit: 2300
Processor Information for processor 5
  Max Mhz: 2300, Current Mhz: 2300, Mhz Limit: 2300
Processor Information for processor 6
  Max Mhz: 2300, Current Mhz: 2300, Mhz Limit: 2300
Processor Information for processor 7
  Max Mhz: 2300, Current Mhz: 2300, Mhz Limit: 2300
Processor Information for processor 8
  Max Mhz: 2300, Current Mhz: 2300, Mhz Limit: 2300
Processor Information for processor 9
  Max Mhz: 2300, Current Mhz: 2300, Mhz Limit: 2300
Processor Information for processor 10
  Max Mhz: 2300, Current Mhz: 2300, Mhz Limit: 2300
Processor Information for processor 11
  Max Mhz: 2300, Current Mhz: 2300, Mhz Limit: 2300
Processor Information for processor 12
  Max Mhz: 2300, Current Mhz: 1700, Mhz Limit: 1679
Processor Information for processor 13
  Max Mhz: 2300, Current Mhz: 1700, Mhz Limit: 1679
Processor Information for processor 14
  Max Mhz: 2300, Current Mhz: 1700, Mhz Limit: 1679
Processor Information for processor 15
  Max Mhz: 2300, Current Mhz: 1700, Mhz Limit: 1679
Processor Information for processor 16
  Max Mhz: 2300, Current Mhz: 1700, Mhz Limit: 1679
Processor Information for processor 17
  Max Mhz: 2300, Current Mhz: 1700, Mhz Limit: 1679
Processor Information for processor 18
  Max Mhz: 2300, Current Mhz: 1700, Mhz Limit: 1679
Processor Information for processor 19
  Max Mhz: 2300, Current Mhz: 1700, Mhz Limit: 1679

Memory: 4k page, system-wide physical 16051M (1772M free)
TotalPageFile size 38249M (AvailPageFile size 1M)
current process WorkingSet (physical memory assigned to process): 193M, peak: 193M
current process commit charge ("private bytes"): 312M, peak: 312M

vm_info: OpenJDK 64-Bit Server VM (17.0.13+11) for windows-amd64 JRE (17.0.13+11), built on Oct 16 2024 00:10:08 by "admin" with MS VC++ 17.7 (VS2022)

END.
